Number of training samples:  4978
Number of test samples:  893
Number of words:  754
Number of intent labels:  18
Number of slot labels 130
Slot(
  (enc): slot_enc(
    (embedding): Embedding(754, 300)
    (lstm): LSTM(300, 200, num_layers=2, batch_first=True, bidirectional=True)
  )
  (dec): slot_dec(
    (lstm): LSTM(1000, 200)
    (fc): Linear(in_features=200, out_features=130, bias=True)
  )
)
Intent(
  (enc): intent_enc(
    (embedding): Embedding(754, 300)
    (lstm): LSTM(300, 200, num_layers=2, batch_first=True, dropout=0.2, bidirectional=True)
  )
  (dec): intent_dec(
    (lstm): LSTM(800, 200, batch_first=True)
    (fc): Linear(in_features=200, out_features=18, bias=True)
  )
)
Slot loss: 388.7814 	 Intent loss: 15.4359
Slot loss: 134.5532 	 Intent loss: 9.5902
Slot loss: 101.8063 	 Intent loss: 8.1900
********************
Epoch: [1/200], Intent Val Acc: 80.9630 	 Slot F1 score: 71.4976
********************
Best Intent Acc: 80.9630 at Epoch: [1]
Best F1 score: 71.4976 at Epoch: [1]
Slot loss: 60.9363 	 Intent loss: 6.4278
Slot loss: 44.2991 	 Intent loss: 5.6124
Slot loss: 36.1725 	 Intent loss: 4.5416
********************
Epoch: [2/200], Intent Val Acc: 89.0258 	 Slot F1 score: 85.0770
********************
Best Intent Acc: 89.0258 at Epoch: [2]
Best F1 score: 85.0770 at Epoch: [2]
Slot loss: 24.3514 	 Intent loss: 3.4580
Slot loss: 20.0743 	 Intent loss: 3.5276
Slot loss: 18.3899 	 Intent loss: 2.7239
********************
Epoch: [3/200], Intent Val Acc: 92.2732 	 Slot F1 score: 91.0241
********************
Best Intent Acc: 92.2732 at Epoch: [3]
Best F1 score: 91.0241 at Epoch: [3]
Slot loss: 12.0254 	 Intent loss: 2.0414
Slot loss: 9.1935 	 Intent loss: 2.0330
Slot loss: 10.7042 	 Intent loss: 1.5894
********************
Epoch: [4/200], Intent Val Acc: 94.5129 	 Slot F1 score: 92.2671
********************
Best Intent Acc: 94.5129 at Epoch: [4]
Best F1 score: 92.2671 at Epoch: [4]
Slot loss: 7.0088 	 Intent loss: 1.1282
Slot loss: 6.5975 	 Intent loss: 1.6219
Slot loss: 5.1357 	 Intent loss: 1.2899
********************
Epoch: [5/200], Intent Val Acc: 95.0728 	 Slot F1 score: 94.1384
********************
Best Intent Acc: 95.0728 at Epoch: [5]
Best F1 score: 94.1384 at Epoch: [5]
Slot loss: 3.7745 	 Intent loss: 0.8606
Slot loss: 3.5260 	 Intent loss: 1.2263
Slot loss: 4.0080 	 Intent loss: 0.7217
********************
Epoch: [6/200], Intent Val Acc: 95.9686 	 Slot F1 score: 94.1965
********************
Best Intent Acc: 95.9686 at Epoch: [6]
Best F1 score: 94.1965 at Epoch: [6]
Slot loss: 2.9466 	 Intent loss: 0.5075
Slot loss: 2.7628 	 Intent loss: 0.6568
Slot loss: 2.5841 	 Intent loss: 0.6142
********************
Epoch: [7/200], Intent Val Acc: 95.0728 	 Slot F1 score: 94.3184
********************
Best Intent Acc: 95.9686 at Epoch: [6]
Best F1 score: 94.3184 at Epoch: [7]
Slot loss: 1.8068 	 Intent loss: 0.5564
Slot loss: 2.0850 	 Intent loss: 0.3446
Slot loss: 1.6561 	 Intent loss: 0.2769
********************
Epoch: [8/200], Intent Val Acc: 96.4166 	 Slot F1 score: 94.3935
********************
Best Intent Acc: 96.4166 at Epoch: [8]
Best F1 score: 94.3935 at Epoch: [8]
Slot loss: 1.2072 	 Intent loss: 0.3296
Slot loss: 1.7980 	 Intent loss: 0.2102
Slot loss: 0.6994 	 Intent loss: 0.4637
********************
Epoch: [9/200], Intent Val Acc: 96.5286 	 Slot F1 score: 94.7146
********************
Best Intent Acc: 96.5286 at Epoch: [9]
Best F1 score: 94.7146 at Epoch: [9]
Slot loss: 0.8699 	 Intent loss: 0.2285
Slot loss: 0.5258 	 Intent loss: 0.1002
Slot loss: 0.8531 	 Intent loss: 0.2136
********************
Epoch: [10/200], Intent Val Acc: 96.5286 	 Slot F1 score: 94.8148
********************
Best Intent Acc: 96.5286 at Epoch: [9]
Best F1 score: 94.8148 at Epoch: [10]
Slot loss: 0.6397 	 Intent loss: 0.0646
Slot loss: 0.7189 	 Intent loss: 0.0211
Slot loss: 0.7623 	 Intent loss: 0.2947
********************
Epoch: [11/200], Intent Val Acc: 96.6405 	 Slot F1 score: 94.3270
********************
Best Intent Acc: 96.6405 at Epoch: [11]
Best F1 score: 94.8148 at Epoch: [10]
Slot loss: 0.5148 	 Intent loss: 0.0343
Slot loss: 0.6121 	 Intent loss: 0.1096
Slot loss: 0.4917 	 Intent loss: 0.2388
********************
Epoch: [12/200], Intent Val Acc: 96.5286 	 Slot F1 score: 94.8818
********************
Best Intent Acc: 96.6405 at Epoch: [11]
Best F1 score: 94.8818 at Epoch: [12]
Slot loss: 0.2690 	 Intent loss: 0.1820
Slot loss: 0.5345 	 Intent loss: 0.2085
Slot loss: 0.5840 	 Intent loss: 0.1817
********************
Epoch: [13/200], Intent Val Acc: 96.6405 	 Slot F1 score: 95.0901
********************
Best Intent Acc: 96.6405 at Epoch: [11]
Best F1 score: 95.0901 at Epoch: [13]
Slot loss: 0.2267 	 Intent loss: 0.1306
Slot loss: 0.2895 	 Intent loss: 0.0706
Slot loss: 0.2451 	 Intent loss: 0.3390
********************
Epoch: [14/200], Intent Val Acc: 96.8645 	 Slot F1 score: 94.9630
********************
Best Intent Acc: 96.8645 at Epoch: [14]
Best F1 score: 95.0901 at Epoch: [13]
Slot loss: 0.2272 	 Intent loss: 0.2815
Slot loss: 0.1564 	 Intent loss: 0.0240
Slot loss: 0.2828 	 Intent loss: 0.1184
********************
Epoch: [15/200], Intent Val Acc: 97.0885 	 Slot F1 score: 94.9206
********************
Best Intent Acc: 97.0885 at Epoch: [15]
Best F1 score: 95.0901 at Epoch: [13]
Slot loss: 0.3426 	 Intent loss: 0.0512
Slot loss: 0.3303 	 Intent loss: 0.0053
Slot loss: 0.2899 	 Intent loss: 0.1958
********************
Epoch: [16/200], Intent Val Acc: 97.8723 	 Slot F1 score: 94.8109
********************
Best Intent Acc: 97.8723 at Epoch: [16]
Best F1 score: 95.0901 at Epoch: [13]
Slot loss: 0.5003 	 Intent loss: 0.0950
Slot loss: 0.1043 	 Intent loss: 0.0935
Slot loss: 0.5104 	 Intent loss: 0.0058
********************
Epoch: [17/200], Intent Val Acc: 97.5364 	 Slot F1 score: 94.5346
********************
Best Intent Acc: 97.8723 at Epoch: [16]
Best F1 score: 95.0901 at Epoch: [13]
Slot loss: 0.2167 	 Intent loss: 0.0192
Slot loss: 0.3845 	 Intent loss: 0.3303
Slot loss: 0.2421 	 Intent loss: 0.0067
********************
Epoch: [18/200], Intent Val Acc: 96.7525 	 Slot F1 score: 95.0115
********************
Best Intent Acc: 97.8723 at Epoch: [16]
Best F1 score: 95.0901 at Epoch: [13]
Slot loss: 0.0698 	 Intent loss: 0.1169
Slot loss: 0.3046 	 Intent loss: 0.0631
Slot loss: 0.2042 	 Intent loss: 0.0025
********************
Epoch: [19/200], Intent Val Acc: 97.3124 	 Slot F1 score: 94.8203
********************
Best Intent Acc: 97.8723 at Epoch: [16]
Best F1 score: 95.0901 at Epoch: [13]
Slot loss: 0.3400 	 Intent loss: 0.0254
Slot loss: 0.4210 	 Intent loss: 0.0285
Slot loss: 0.4005 	 Intent loss: 0.1509
********************
Epoch: [20/200], Intent Val Acc: 96.5286 	 Slot F1 score: 95.0185
********************
Best Intent Acc: 97.8723 at Epoch: [16]
Best F1 score: 95.0901 at Epoch: [13]
Slot loss: 0.3186 	 Intent loss: 0.0319
Slot loss: 0.1613 	 Intent loss: 0.0145
Slot loss: 0.1505 	 Intent loss: 0.3461
********************
Epoch: [21/200], Intent Val Acc: 96.3046 	 Slot F1 score: 95.1288
********************
Best Intent Acc: 97.8723 at Epoch: [16]
Best F1 score: 95.1288 at Epoch: [21]
Slot loss: 0.0663 	 Intent loss: 0.1528
Slot loss: 0.2862 	 Intent loss: 0.3324
Slot loss: 0.1516 	 Intent loss: 0.4095
********************
Epoch: [22/200], Intent Val Acc: 96.8645 	 Slot F1 score: 94.5756
********************
Best Intent Acc: 97.8723 at Epoch: [16]
Best F1 score: 95.1288 at Epoch: [21]
Slot loss: 0.1004 	 Intent loss: 0.1875
Slot loss: 0.0526 	 Intent loss: 0.2611
Slot loss: 0.2295 	 Intent loss: 0.0457
********************
Epoch: [23/200], Intent Val Acc: 97.2004 	 Slot F1 score: 94.7350
********************
Best Intent Acc: 97.8723 at Epoch: [16]
Best F1 score: 95.1288 at Epoch: [21]
Slot loss: 0.0951 	 Intent loss: 0.0572
Slot loss: 0.0870 	 Intent loss: 0.0925
Slot loss: 0.2712 	 Intent loss: 0.2210
********************
Epoch: [24/200], Intent Val Acc: 96.6405 	 Slot F1 score: 94.4444
********************
Best Intent Acc: 97.8723 at Epoch: [16]
Best F1 score: 95.1288 at Epoch: [21]
Slot loss: 0.2422 	 Intent loss: 0.2070
Slot loss: 0.1922 	 Intent loss: 0.0642
Slot loss: 0.2562 	 Intent loss: 0.0043
********************
Epoch: [25/200], Intent Val Acc: 97.6484 	 Slot F1 score: 95.2819
********************
Best Intent Acc: 97.8723 at Epoch: [16]
Best F1 score: 95.2819 at Epoch: [25]
Slot loss: 0.1986 	 Intent loss: 0.0297
Slot loss: 0.1954 	 Intent loss: 0.0124
Slot loss: 0.1143 	 Intent loss: 0.0010
********************
Epoch: [26/200], Intent Val Acc: 97.2004 	 Slot F1 score: 95.0274
********************
Best Intent Acc: 97.8723 at Epoch: [16]
Best F1 score: 95.2819 at Epoch: [25]
Slot loss: 0.3317 	 Intent loss: 0.0009
Slot loss: 0.1106 	 Intent loss: 0.0803
Slot loss: 0.3182 	 Intent loss: 0.1470
********************
Epoch: [27/200], Intent Val Acc: 96.3046 	 Slot F1 score: 95.0687
********************
Best Intent Acc: 97.8723 at Epoch: [16]
Best F1 score: 95.2819 at Epoch: [25]
Slot loss: 0.0848 	 Intent loss: 0.0054
Slot loss: 0.1879 	 Intent loss: 0.0486
Slot loss: 0.2093 	 Intent loss: 0.1454
********************
Epoch: [28/200], Intent Val Acc: 97.0885 	 Slot F1 score: 95.1241
********************
Best Intent Acc: 97.8723 at Epoch: [16]
Best F1 score: 95.2819 at Epoch: [25]
Slot loss: 0.0237 	 Intent loss: 0.0817
Slot loss: 0.4744 	 Intent loss: 0.0445
Slot loss: 0.1537 	 Intent loss: 0.2313
********************
Epoch: [29/200], Intent Val Acc: 96.9765 	 Slot F1 score: 94.8221
********************
Best Intent Acc: 97.8723 at Epoch: [16]
Best F1 score: 95.2819 at Epoch: [25]
Slot loss: 0.1928 	 Intent loss: 0.0232
Slot loss: 0.1130 	 Intent loss: 0.1800
Slot loss: 0.1289 	 Intent loss: 0.0185
********************
Epoch: [30/200], Intent Val Acc: 96.9765 	 Slot F1 score: 95.0247
********************
Best Intent Acc: 97.8723 at Epoch: [16]
Best F1 score: 95.2819 at Epoch: [25]
Slot loss: 0.1890 	 Intent loss: 0.0205
Slot loss: 0.2378 	 Intent loss: 0.1214
Slot loss: 0.2903 	 Intent loss: 0.2013
********************
Epoch: [31/200], Intent Val Acc: 97.0885 	 Slot F1 score: 94.5884
********************
Best Intent Acc: 97.8723 at Epoch: [16]
Best F1 score: 95.2819 at Epoch: [25]
Slot loss: 0.1709 	 Intent loss: 0.0022
Slot loss: 0.1560 	 Intent loss: 0.0049
Slot loss: 0.2298 	 Intent loss: 0.0040
********************
Epoch: [32/200], Intent Val Acc: 97.3124 	 Slot F1 score: 94.9912
********************
Best Intent Acc: 97.8723 at Epoch: [16]
Best F1 score: 95.2819 at Epoch: [25]
Slot loss: 0.0799 	 Intent loss: 0.0008
Slot loss: 0.1292 	 Intent loss: 0.0007
Slot loss: 0.1932 	 Intent loss: 0.1943
********************
Epoch: [33/200], Intent Val Acc: 97.4244 	 Slot F1 score: 94.6867
********************
Best Intent Acc: 97.8723 at Epoch: [16]
Best F1 score: 95.2819 at Epoch: [25]
Slot loss: 0.1969 	 Intent loss: 0.0008
Slot loss: 0.0705 	 Intent loss: 0.0017
Slot loss: 0.0642 	 Intent loss: 0.0419
********************
Epoch: [34/200], Intent Val Acc: 97.2004 	 Slot F1 score: 95.1121
********************
Best Intent Acc: 97.8723 at Epoch: [16]
Best F1 score: 95.2819 at Epoch: [25]
Slot loss: 0.1062 	 Intent loss: 0.0138
Slot loss: 0.3613 	 Intent loss: 0.0305
Slot loss: 0.2528 	 Intent loss: 0.0717
********************
Epoch: [35/200], Intent Val Acc: 97.3124 	 Slot F1 score: 94.9266
********************
Best Intent Acc: 97.8723 at Epoch: [16]
Best F1 score: 95.2819 at Epoch: [25]
Slot loss: 0.2313 	 Intent loss: 0.0005
Slot loss: 0.2205 	 Intent loss: 0.0004
Slot loss: 0.1028 	 Intent loss: 0.0005
********************
Epoch: [36/200], Intent Val Acc: 97.2004 	 Slot F1 score: 95.2263
********************
Best Intent Acc: 97.8723 at Epoch: [16]
Best F1 score: 95.2819 at Epoch: [25]
Slot loss: 0.0453 	 Intent loss: 0.0424
Slot loss: 0.1646 	 Intent loss: 0.0868
Slot loss: 0.0993 	 Intent loss: 0.1349
********************
Epoch: [37/200], Intent Val Acc: 97.3124 	 Slot F1 score: 95.1826
********************
Best Intent Acc: 97.8723 at Epoch: [16]
Best F1 score: 95.2819 at Epoch: [25]
Slot loss: 0.2095 	 Intent loss: 0.0096
Slot loss: 0.0454 	 Intent loss: 0.0691
Slot loss: 0.2129 	 Intent loss: 0.0028
********************
Epoch: [38/200], Intent Val Acc: 97.4244 	 Slot F1 score: 95.0432
********************
Best Intent Acc: 97.8723 at Epoch: [16]
Best F1 score: 95.2819 at Epoch: [25]
Slot loss: 0.0182 	 Intent loss: 0.0178
Slot loss: 0.2395 	 Intent loss: 0.0020
Slot loss: 0.0947 	 Intent loss: 0.0008
********************
Epoch: [39/200], Intent Val Acc: 97.6484 	 Slot F1 score: 95.1775
********************
Best Intent Acc: 97.8723 at Epoch: [16]
Best F1 score: 95.2819 at Epoch: [25]
Slot loss: 0.1330 	 Intent loss: 0.0002
Slot loss: 0.0565 	 Intent loss: 0.0003
Slot loss: 0.0699 	 Intent loss: 0.0003
********************
Epoch: [40/200], Intent Val Acc: 97.4244 	 Slot F1 score: 95.0317
********************
Best Intent Acc: 97.8723 at Epoch: [16]
Best F1 score: 95.2819 at Epoch: [25]
Slot loss: 0.0655 	 Intent loss: 0.0003
Slot loss: 0.1270 	 Intent loss: 0.0002
Slot loss: 0.2810 	 Intent loss: 0.0001
********************
Epoch: [41/200], Intent Val Acc: 97.3124 	 Slot F1 score: 94.8334
********************
Best Intent Acc: 97.8723 at Epoch: [16]
Best F1 score: 95.2819 at Epoch: [25]
Slot loss: 0.0702 	 Intent loss: 0.0001
Slot loss: 0.1446 	 Intent loss: 0.0002
Slot loss: 0.0541 	 Intent loss: 0.0001
********************
Epoch: [42/200], Intent Val Acc: 97.5364 	 Slot F1 score: 95.2582
********************
Best Intent Acc: 97.8723 at Epoch: [16]
Best F1 score: 95.2819 at Epoch: [25]
Slot loss: 0.0481 	 Intent loss: 0.0002
Slot loss: 0.1111 	 Intent loss: 0.0001
Slot loss: 0.2101 	 Intent loss: 0.0001
********************
Epoch: [43/200], Intent Val Acc: 97.4244 	 Slot F1 score: 95.1775
********************
Best Intent Acc: 97.8723 at Epoch: [16]
Best F1 score: 95.2819 at Epoch: [25]
Slot loss: 0.0636 	 Intent loss: 0.0001
Slot loss: 0.0436 	 Intent loss: 0.0001
Slot loss: 0.2484 	 Intent loss: 0.0001
********************
Epoch: [44/200], Intent Val Acc: 97.5364 	 Slot F1 score: 95.0415
********************
Best Intent Acc: 97.8723 at Epoch: [16]
Best F1 score: 95.2819 at Epoch: [25]
Slot loss: 0.1209 	 Intent loss: 0.0001
Slot loss: 0.0720 	 Intent loss: 0.0001
Slot loss: 0.0681 	 Intent loss: 0.0001
********************
Epoch: [45/200], Intent Val Acc: 97.4244 	 Slot F1 score: 95.0513
********************
Best Intent Acc: 97.8723 at Epoch: [16]
Best F1 score: 95.2819 at Epoch: [25]
Slot loss: 0.3878 	 Intent loss: 0.0001
Slot loss: 0.1189 	 Intent loss: 0.0002
Slot loss: 0.0888 	 Intent loss: 0.0000
********************
Epoch: [46/200], Intent Val Acc: 97.4244 	 Slot F1 score: 95.1926
********************
Best Intent Acc: 97.8723 at Epoch: [16]
Best F1 score: 95.2819 at Epoch: [25]
Slot loss: 0.0115 	 Intent loss: 0.0000
Slot loss: 0.0286 	 Intent loss: 0.0001
Slot loss: 0.2074 	 Intent loss: 0.0001
********************
Epoch: [47/200], Intent Val Acc: 97.5364 	 Slot F1 score: 95.1994
********************
Best Intent Acc: 97.8723 at Epoch: [16]
Best F1 score: 95.2819 at Epoch: [25]
Slot loss: 0.0705 	 Intent loss: 0.0000
Slot loss: 0.0266 	 Intent loss: 0.0000
Slot loss: 0.2379 	 Intent loss: 0.0000
********************
Epoch: [48/200], Intent Val Acc: 97.6484 	 Slot F1 score: 94.8315
********************
Best Intent Acc: 97.8723 at Epoch: [16]
Best F1 score: 95.2819 at Epoch: [25]
Slot loss: 0.4859 	 Intent loss: 0.0001
Slot loss: 0.0510 	 Intent loss: 0.0000
Slot loss: 0.2467 	 Intent loss: 0.0001
********************
Epoch: [49/200], Intent Val Acc: 98.0963 	 Slot F1 score: 95.2448
********************
Best Intent Acc: 98.0963 at Epoch: [49]
Best F1 score: 95.2819 at Epoch: [25]
Slot loss: 0.1921 	 Intent loss: 0.0000
Slot loss: 0.1669 	 Intent loss: 0.0000
Slot loss: 0.2050 	 Intent loss: 0.0000
********************
Epoch: [50/200], Intent Val Acc: 97.8723 	 Slot F1 score: 95.1943
********************
Best Intent Acc: 98.0963 at Epoch: [49]
Best F1 score: 95.2819 at Epoch: [25]
Slot loss: 0.2524 	 Intent loss: 0.0000
Slot loss: 0.0775 	 Intent loss: 0.0000
Slot loss: 0.1283 	 Intent loss: 0.0000
********************
Epoch: [51/200], Intent Val Acc: 97.5364 	 Slot F1 score: 94.9929
********************
Best Intent Acc: 98.0963 at Epoch: [49]
Best F1 score: 95.2819 at Epoch: [25]
Slot loss: 0.0270 	 Intent loss: 0.0001
Slot loss: 0.1470 	 Intent loss: 0.0000
Slot loss: 0.2935 	 Intent loss: 0.0000
********************
Epoch: [52/200], Intent Val Acc: 97.8723 	 Slot F1 score: 94.7684
********************
Best Intent Acc: 98.0963 at Epoch: [49]
Best F1 score: 95.2819 at Epoch: [25]
Slot loss: 0.3973 	 Intent loss: 0.0000
Slot loss: 0.1419 	 Intent loss: 0.0000
Slot loss: 0.3777 	 Intent loss: 0.0000
********************
Epoch: [53/200], Intent Val Acc: 97.3124 	 Slot F1 score: 95.0750
********************
Best Intent Acc: 98.0963 at Epoch: [49]
Best F1 score: 95.2819 at Epoch: [25]
Slot loss: 0.0729 	 Intent loss: 0.0000
Slot loss: 0.1050 	 Intent loss: 0.0000
Slot loss: 0.0827 	 Intent loss: 0.0000
********************
Epoch: [54/200], Intent Val Acc: 97.9843 	 Slot F1 score: 95.5830
********************
Best Intent Acc: 98.0963 at Epoch: [49]
Best F1 score: 95.5830 at Epoch: [54]
Slot loss: 0.0420 	 Intent loss: 0.0000
Slot loss: 0.0462 	 Intent loss: 0.0000
Slot loss: 0.2526 	 Intent loss: 0.0000
********************
Epoch: [55/200], Intent Val Acc: 97.3124 	 Slot F1 score: 95.1491
********************
Best Intent Acc: 98.0963 at Epoch: [49]
Best F1 score: 95.5830 at Epoch: [54]
Slot loss: 0.0323 	 Intent loss: 0.0000
Slot loss: 0.1364 	 Intent loss: 0.0000
Slot loss: 0.0184 	 Intent loss: 0.0000
********************
Epoch: [56/200], Intent Val Acc: 97.6484 	 Slot F1 score: 95.1590
********************
Best Intent Acc: 98.0963 at Epoch: [49]
Best F1 score: 95.5830 at Epoch: [54]
Slot loss: 0.0678 	 Intent loss: 0.0002
Slot loss: 0.1049 	 Intent loss: 0.0024
Slot loss: 0.0852 	 Intent loss: 0.4814
********************
Epoch: [57/200], Intent Val Acc: 94.6249 	 Slot F1 score: 94.7628
********************
Best Intent Acc: 98.0963 at Epoch: [49]
Best F1 score: 95.5830 at Epoch: [54]
Slot loss: 0.0913 	 Intent loss: 0.3089
Slot loss: 0.1576 	 Intent loss: 0.1877
Slot loss: 0.1104 	 Intent loss: 0.6362
********************
Epoch: [58/200], Intent Val Acc: 96.8645 	 Slot F1 score: 95.2314
********************
Best Intent Acc: 98.0963 at Epoch: [49]
Best F1 score: 95.5830 at Epoch: [54]
Slot loss: 0.0450 	 Intent loss: 0.0651
Slot loss: 0.1257 	 Intent loss: 0.0176
Slot loss: 0.0228 	 Intent loss: 0.0843
********************
Epoch: [59/200], Intent Val Acc: 96.9765 	 Slot F1 score: 95.0380
********************
Best Intent Acc: 98.0963 at Epoch: [49]
Best F1 score: 95.5830 at Epoch: [54]
Slot loss: 0.0762 	 Intent loss: 0.0684
Slot loss: 0.1038 	 Intent loss: 0.0971
Slot loss: 0.0417 	 Intent loss: 0.1062
********************
Epoch: [60/200], Intent Val Acc: 96.8645 	 Slot F1 score: 94.9673
********************
Best Intent Acc: 98.0963 at Epoch: [49]
Best F1 score: 95.5830 at Epoch: [54]
Slot loss: 0.0275 	 Intent loss: 0.0022
Slot loss: 0.0167 	 Intent loss: 0.0561
Slot loss: 0.1296 	 Intent loss: 0.0977
********************
Epoch: [61/200], Intent Val Acc: 96.7525 	 Slot F1 score: 95.2179
********************
Best Intent Acc: 98.0963 at Epoch: [49]
Best F1 score: 95.5830 at Epoch: [54]
Slot loss: 0.1836 	 Intent loss: 0.0007
Slot loss: 0.2285 	 Intent loss: 0.0003
Slot loss: 0.1356 	 Intent loss: 0.0008
********************
Epoch: [62/200], Intent Val Acc: 97.4244 	 Slot F1 score: 95.1103
********************
Best Intent Acc: 98.0963 at Epoch: [49]
Best F1 score: 95.5830 at Epoch: [54]
Slot loss: 0.1184 	 Intent loss: 0.0005
Slot loss: 0.1340 	 Intent loss: 0.0011
Slot loss: 0.0748 	 Intent loss: 0.0005
********************
Epoch: [63/200], Intent Val Acc: 96.9765 	 Slot F1 score: 94.8166
********************
Best Intent Acc: 98.0963 at Epoch: [49]
Best F1 score: 95.5830 at Epoch: [54]
Slot loss: 0.0711 	 Intent loss: 0.0031
Slot loss: 0.0530 	 Intent loss: 0.0001
Slot loss: 0.2100 	 Intent loss: 0.0003
********************
Epoch: [64/200], Intent Val Acc: 97.5364 	 Slot F1 score: 95.3846
********************
Best Intent Acc: 98.0963 at Epoch: [49]
Best F1 score: 95.5830 at Epoch: [54]
Slot loss: 0.0707 	 Intent loss: 0.0243
Slot loss: 0.2188 	 Intent loss: 0.0005
Slot loss: 0.1379 	 Intent loss: 0.0002
********************
Epoch: [65/200], Intent Val Acc: 97.0885 	 Slot F1 score: 95.2448
********************
Best Intent Acc: 98.0963 at Epoch: [49]
Best F1 score: 95.5830 at Epoch: [54]
Slot loss: 0.0654 	 Intent loss: 0.0001
Slot loss: 0.0479 	 Intent loss: 0.0002
Slot loss: 0.1841 	 Intent loss: 0.0003
********************
Epoch: [66/200], Intent Val Acc: 96.7525 	 Slot F1 score: 95.2700
********************
Best Intent Acc: 98.0963 at Epoch: [49]
Best F1 score: 95.5830 at Epoch: [54]
Slot loss: 0.0498 	 Intent loss: 0.0001
Slot loss: 0.0539 	 Intent loss: 0.0001
Slot loss: 0.1078 	 Intent loss: 0.0001
********************
Epoch: [67/200], Intent Val Acc: 97.3124 	 Slot F1 score: 95.2684
********************
Best Intent Acc: 98.0963 at Epoch: [49]
Best F1 score: 95.5830 at Epoch: [54]
Slot loss: 0.1429 	 Intent loss: 0.0000
Slot loss: 0.0272 	 Intent loss: 0.0001
Slot loss: 0.1862 	 Intent loss: 0.0001
********************
Epoch: [68/200], Intent Val Acc: 97.0885 	 Slot F1 score: 94.8818
********************
Best Intent Acc: 98.0963 at Epoch: [49]
Best F1 score: 95.5830 at Epoch: [54]
Slot loss: 0.0669 	 Intent loss: 0.0489
Slot loss: 0.0657 	 Intent loss: 0.0001
Slot loss: 0.0088 	 Intent loss: 0.0001
********************
Epoch: [69/200], Intent Val Acc: 97.4244 	 Slot F1 score: 95.3373
********************
Best Intent Acc: 98.0963 at Epoch: [49]
Best F1 score: 95.5830 at Epoch: [54]
Slot loss: 0.0810 	 Intent loss: 0.0001
Slot loss: 0.0705 	 Intent loss: 0.0000
Slot loss: 0.0030 	 Intent loss: 0.0000
********************
Epoch: [70/200], Intent Val Acc: 97.4244 	 Slot F1 score: 95.2617
********************
Best Intent Acc: 98.0963 at Epoch: [49]
Best F1 score: 95.5830 at Epoch: [54]
Slot loss: 0.0293 	 Intent loss: 0.0001
Slot loss: 0.0102 	 Intent loss: 0.0001
Slot loss: 0.1863 	 Intent loss: 0.0000
********************
Epoch: [71/200], Intent Val Acc: 97.3124 	 Slot F1 score: 94.8614
********************
Best Intent Acc: 98.0963 at Epoch: [49]
Best F1 score: 95.5830 at Epoch: [54]
Slot loss: 0.0483 	 Intent loss: 0.0000
Slot loss: 0.0050 	 Intent loss: 0.0000
Slot loss: 0.0856 	 Intent loss: 0.0001
********************
Epoch: [72/200], Intent Val Acc: 97.6484 	 Slot F1 score: 95.2078
********************
Best Intent Acc: 98.0963 at Epoch: [49]
Best F1 score: 95.5830 at Epoch: [54]
Slot loss: 0.2128 	 Intent loss: 0.0000
Slot loss: 0.3835 	 Intent loss: 0.0000
Slot loss: 0.3241 	 Intent loss: 0.0000
********************
Epoch: [73/200], Intent Val Acc: 97.2004 	 Slot F1 score: 94.9770
********************
Best Intent Acc: 98.0963 at Epoch: [49]
Best F1 score: 95.5830 at Epoch: [54]
Slot loss: 0.0543 	 Intent loss: 0.0000
Slot loss: 0.0451 	 Intent loss: 0.0000
Slot loss: 0.1355 	 Intent loss: 0.0000
********************
Epoch: [74/200], Intent Val Acc: 97.5364 	 Slot F1 score: 95.1926
********************
Best Intent Acc: 98.0963 at Epoch: [49]
Best F1 score: 95.5830 at Epoch: [54]
Slot loss: 0.1034 	 Intent loss: 0.0000
Slot loss: 0.0574 	 Intent loss: 0.0000
Slot loss: 0.0833 	 Intent loss: 0.0000
********************
Epoch: [75/200], Intent Val Acc: 96.8645 	 Slot F1 score: 95.0062
********************
Best Intent Acc: 98.0963 at Epoch: [49]
Best F1 score: 95.5830 at Epoch: [54]
Slot loss: 0.0364 	 Intent loss: 0.0000
Slot loss: 0.0345 	 Intent loss: 0.0000
Slot loss: 0.1391 	 Intent loss: 0.0000
********************
Epoch: [76/200], Intent Val Acc: 97.2004 	 Slot F1 score: 95.0831
********************
Best Intent Acc: 98.0963 at Epoch: [49]
Best F1 score: 95.5830 at Epoch: [54]
Slot loss: 0.0026 	 Intent loss: 0.0000
Slot loss: 0.0697 	 Intent loss: 0.0000
Slot loss: 0.0885 	 Intent loss: 0.0001
********************
Epoch: [77/200], Intent Val Acc: 97.2004 	 Slot F1 score: 95.3222
********************
Best Intent Acc: 98.0963 at Epoch: [49]
Best F1 score: 95.5830 at Epoch: [54]
Slot loss: 0.1007 	 Intent loss: 0.0000
Slot loss: 0.1099 	 Intent loss: 0.0000
Slot loss: 0.0827 	 Intent loss: 0.0000
********************
Epoch: [78/200], Intent Val Acc: 97.2004 	 Slot F1 score: 95.0987
********************
Best Intent Acc: 98.0963 at Epoch: [49]
Best F1 score: 95.5830 at Epoch: [54]
Slot loss: 0.1056 	 Intent loss: 0.0000
Slot loss: 0.1613 	 Intent loss: 0.0000
Slot loss: 0.1151 	 Intent loss: 0.0000
********************
Epoch: [79/200], Intent Val Acc: 97.4244 	 Slot F1 score: 94.9991
********************
Best Intent Acc: 98.0963 at Epoch: [49]
Best F1 score: 95.5830 at Epoch: [54]
Slot loss: 0.0923 	 Intent loss: 0.0000
Slot loss: 0.0137 	 Intent loss: 0.0000
Slot loss: 0.0874 	 Intent loss: 0.0000
********************
Epoch: [80/200], Intent Val Acc: 97.3124 	 Slot F1 score: 95.0733
********************
Best Intent Acc: 98.0963 at Epoch: [49]
Best F1 score: 95.5830 at Epoch: [54]
Slot loss: 0.1162 	 Intent loss: 0.0000
Slot loss: 0.0424 	 Intent loss: 0.0000
Slot loss: 0.0470 	 Intent loss: 0.0000
********************
Epoch: [81/200], Intent Val Acc: 97.3124 	 Slot F1 score: 95.3373
********************
Best Intent Acc: 98.0963 at Epoch: [49]
Best F1 score: 95.5830 at Epoch: [54]
Slot loss: 0.1039 	 Intent loss: 0.0000
Slot loss: 0.0492 	 Intent loss: 0.0000
Slot loss: 0.1559 	 Intent loss: 0.0814
********************
Epoch: [82/200], Intent Val Acc: 97.2004 	 Slot F1 score: 94.9463
********************
Best Intent Acc: 98.0963 at Epoch: [49]
Best F1 score: 95.5830 at Epoch: [54]
Slot loss: 0.0311 	 Intent loss: 0.2246
Slot loss: 0.0208 	 Intent loss: 0.0620
Slot loss: 0.1331 	 Intent loss: 0.1508
********************
Epoch: [83/200], Intent Val Acc: 96.8645 	 Slot F1 score: 95.2700
********************
Best Intent Acc: 98.0963 at Epoch: [49]
Best F1 score: 95.5830 at Epoch: [54]
Slot loss: 0.0243 	 Intent loss: 0.0941
Slot loss: 0.1858 	 Intent loss: 0.0045
Slot loss: 0.1015 	 Intent loss: 0.0017
********************
Epoch: [84/200], Intent Val Acc: 96.6405 	 Slot F1 score: 95.2700
********************
Best Intent Acc: 98.0963 at Epoch: [49]
Best F1 score: 95.5830 at Epoch: [54]
Slot loss: 0.0936 	 Intent loss: 0.2095
Slot loss: 0.4121 	 Intent loss: 0.0736
Slot loss: 0.0942 	 Intent loss: 0.0623
********************
Epoch: [85/200], Intent Val Acc: 97.2004 	 Slot F1 score: 95.2331
********************
Best Intent Acc: 98.0963 at Epoch: [49]
Best F1 score: 95.5830 at Epoch: [54]
Slot loss: 0.0438 	 Intent loss: 0.0782
Slot loss: 0.0300 	 Intent loss: 0.0106
Slot loss: 0.0220 	 Intent loss: 0.2752
********************
Epoch: [86/200], Intent Val Acc: 97.0885 	 Slot F1 score: 95.0918
********************
Best Intent Acc: 98.0963 at Epoch: [49]
Best F1 score: 95.5830 at Epoch: [54]
Slot loss: 0.0475 	 Intent loss: 0.0079
Slot loss: 0.0280 	 Intent loss: 0.0563
Slot loss: 0.0838 	 Intent loss: 0.0765
********************
Epoch: [87/200], Intent Val Acc: 96.5286 	 Slot F1 score: 94.8985
********************
Best Intent Acc: 98.0963 at Epoch: [49]
Best F1 score: 95.5830 at Epoch: [54]
Slot loss: 0.2259 	 Intent loss: 0.1140
Slot loss: 0.1262 	 Intent loss: 0.0004
Slot loss: 0.0400 	 Intent loss: 0.0012
********************
Epoch: [88/200], Intent Val Acc: 96.9765 	 Slot F1 score: 95.2583
********************
Best Intent Acc: 98.0963 at Epoch: [49]
Best F1 score: 95.5830 at Epoch: [54]
Slot loss: 0.1635 	 Intent loss: 0.0005
Slot loss: 0.0049 	 Intent loss: 0.0437
Slot loss: 0.0417 	 Intent loss: 0.0006
********************
Epoch: [89/200], Intent Val Acc: 96.9765 	 Slot F1 score: 95.0698
********************
Best Intent Acc: 98.0963 at Epoch: [49]
Best F1 score: 95.5830 at Epoch: [54]
Slot loss: 0.0220 	 Intent loss: 0.0184
Slot loss: 0.0512 	 Intent loss: 0.0008
Slot loss: 0.0062 	 Intent loss: 0.0001
********************
Epoch: [90/200], Intent Val Acc: 96.7525 	 Slot F1 score: 94.9876
********************
Best Intent Acc: 98.0963 at Epoch: [49]
Best F1 score: 95.5830 at Epoch: [54]
Slot loss: 0.0179 	 Intent loss: 0.0001
Slot loss: 0.0299 	 Intent loss: 0.0001
Slot loss: 0.0039 	 Intent loss: 0.0142
********************
Epoch: [91/200], Intent Val Acc: 96.6405 	 Slot F1 score: 95.0582
********************
Best Intent Acc: 98.0963 at Epoch: [49]
Best F1 score: 95.5830 at Epoch: [54]
Slot loss: 0.0063 	 Intent loss: 0.0001
Slot loss: 0.1504 	 Intent loss: 0.0001
Slot loss: 0.0375 	 Intent loss: 0.0001
********************
Epoch: [92/200], Intent Val Acc: 97.0885 	 Slot F1 score: 94.7554
********************
Best Intent Acc: 98.0963 at Epoch: [49]
Best F1 score: 95.5830 at Epoch: [54]
Slot loss: 0.0345 	 Intent loss: 0.0001
Slot loss: 0.1696 	 Intent loss: 0.0002
Slot loss: 0.1845 	 Intent loss: 0.0000
********************
Epoch: [93/200], Intent Val Acc: 97.2004 	 Slot F1 score: 94.8519
********************
Best Intent Acc: 98.0963 at Epoch: [49]
Best F1 score: 95.5830 at Epoch: [54]
Slot loss: 0.0046 	 Intent loss: 0.0000
Slot loss: 0.1886 	 Intent loss: 0.0000
Slot loss: 0.0913 	 Intent loss: 0.0001
********************
Epoch: [94/200], Intent Val Acc: 96.7525 	 Slot F1 score: 94.9841
********************
Best Intent Acc: 98.0963 at Epoch: [49]
Best F1 score: 95.5830 at Epoch: [54]
Slot loss: 0.1514 	 Intent loss: 0.0000
Slot loss: 0.0622 	 Intent loss: 0.0000
Slot loss: 0.0172 	 Intent loss: 0.0001
********************
Epoch: [95/200], Intent Val Acc: 97.0885 	 Slot F1 score: 94.9224
********************
Best Intent Acc: 98.0963 at Epoch: [49]
Best F1 score: 95.5830 at Epoch: [54]
Slot loss: 0.0380 	 Intent loss: 0.0000
Slot loss: 0.1239 	 Intent loss: 0.0000
Slot loss: 0.0264 	 Intent loss: 0.0001
********************
Epoch: [96/200], Intent Val Acc: 96.6405 	 Slot F1 score: 95.3004
********************
Best Intent Acc: 98.0963 at Epoch: [49]
Best F1 score: 95.5830 at Epoch: [54]
Slot loss: 0.0818 	 Intent loss: 0.0000
Slot loss: 0.0565 	 Intent loss: 0.0000
Slot loss: 0.0943 	 Intent loss: 0.0000
********************
Epoch: [97/200], Intent Val Acc: 97.0885 	 Slot F1 score: 94.7944
********************
Best Intent Acc: 98.0963 at Epoch: [49]
Best F1 score: 95.5830 at Epoch: [54]
Slot loss: 0.0134 	 Intent loss: 0.0000
Slot loss: 0.0104 	 Intent loss: 0.0001
Slot loss: 0.2250 	 Intent loss: 0.0000
********************
Epoch: [98/200], Intent Val Acc: 96.9765 	 Slot F1 score: 94.8745
********************
Best Intent Acc: 98.0963 at Epoch: [49]
Best F1 score: 95.5830 at Epoch: [54]
Slot loss: 0.0044 	 Intent loss: 0.0000
Slot loss: 0.0812 	 Intent loss: 0.0000
Slot loss: 0.0834 	 Intent loss: 0.0000
********************
Epoch: [99/200], Intent Val Acc: 96.9765 	 Slot F1 score: 94.9506
********************
Best Intent Acc: 98.0963 at Epoch: [49]
Best F1 score: 95.5830 at Epoch: [54]
Slot loss: 0.0371 	 Intent loss: 0.0000
Slot loss: 0.0053 	 Intent loss: 0.0000
Slot loss: 0.1153 	 Intent loss: 0.0000
********************
Epoch: [100/200], Intent Val Acc: 96.7525 	 Slot F1 score: 94.8859
********************
Best Intent Acc: 98.0963 at Epoch: [49]
Best F1 score: 95.5830 at Epoch: [54]
Slot loss: 0.0031 	 Intent loss: 0.0000
Slot loss: 0.0377 	 Intent loss: 0.0000
Slot loss: 0.0878 	 Intent loss: 0.0000
********************
Epoch: [101/200], Intent Val Acc: 96.9765 	 Slot F1 score: 95.2112
********************
Best Intent Acc: 98.0963 at Epoch: [49]
Best F1 score: 95.5830 at Epoch: [54]
Slot loss: 0.0193 	 Intent loss: 0.0000
Slot loss: 0.0536 	 Intent loss: 0.0000
Slot loss: 0.1299 	 Intent loss: 0.0000
********************
Epoch: [102/200], Intent Val Acc: 97.0885 	 Slot F1 score: 94.5922
********************
Best Intent Acc: 98.0963 at Epoch: [49]
Best F1 score: 95.5830 at Epoch: [54]
Slot loss: 0.0172 	 Intent loss: 0.0000
Slot loss: 0.1546 	 Intent loss: 0.0000
Slot loss: 0.0404 	 Intent loss: 0.0000
********************
Epoch: [103/200], Intent Val Acc: 96.8645 	 Slot F1 score: 95.2347
********************
Best Intent Acc: 98.0963 at Epoch: [49]
Best F1 score: 95.5830 at Epoch: [54]
Slot loss: 0.0171 	 Intent loss: 0.0000
Slot loss: 0.0215 	 Intent loss: 0.0000
Slot loss: 0.0220 	 Intent loss: 0.0000
********************
Epoch: [104/200], Intent Val Acc: 97.2004 	 Slot F1 score: 95.2213
********************
Best Intent Acc: 98.0963 at Epoch: [49]
Best F1 score: 95.5830 at Epoch: [54]
Slot loss: 0.0634 	 Intent loss: 0.0000
Slot loss: 0.0515 	 Intent loss: 0.0000
Slot loss: 0.1646 	 Intent loss: 0.0000
********************
Epoch: [105/200], Intent Val Acc: 97.0885 	 Slot F1 score: 94.7740
********************
Best Intent Acc: 98.0963 at Epoch: [49]
Best F1 score: 95.5830 at Epoch: [54]
Slot loss: 0.0541 	 Intent loss: 0.0000
Slot loss: 0.0259 	 Intent loss: 0.0000
Slot loss: 0.0433 	 Intent loss: 0.0000
********************
Epoch: [106/200], Intent Val Acc: 96.9765 	 Slot F1 score: 95.3238
********************
Best Intent Acc: 98.0963 at Epoch: [49]
Best F1 score: 95.5830 at Epoch: [54]
Slot loss: 0.0086 	 Intent loss: 0.0000
Slot loss: 0.0918 	 Intent loss: 0.0000
Slot loss: 0.0556 	 Intent loss: 0.0000
********************
Epoch: [107/200], Intent Val Acc: 96.8645 	 Slot F1 score: 95.4112
********************
Best Intent Acc: 98.0963 at Epoch: [49]
Best F1 score: 95.5830 at Epoch: [54]
Slot loss: 0.0388 	 Intent loss: 0.0005
Slot loss: 0.0617 	 Intent loss: 0.1505
Slot loss: 0.0658 	 Intent loss: 0.0393
********************
Epoch: [108/200], Intent Val Acc: 97.0885 	 Slot F1 score: 94.6867
********************
Best Intent Acc: 98.0963 at Epoch: [49]
Best F1 score: 95.5830 at Epoch: [54]
Slot loss: 0.0086 	 Intent loss: 0.0823
Slot loss: 0.0025 	 Intent loss: 0.0008
Slot loss: 0.0495 	 Intent loss: 0.0253
********************
Epoch: [109/200], Intent Val Acc: 97.0885 	 Slot F1 score: 94.8537
********************
Best Intent Acc: 98.0963 at Epoch: [49]
Best F1 score: 95.5830 at Epoch: [54]
Slot loss: 0.0042 	 Intent loss: 0.0000
Slot loss: 0.0466 	 Intent loss: 0.1239
Slot loss: 0.0079 	 Intent loss: 0.1544
********************
Epoch: [110/200], Intent Val Acc: 97.4244 	 Slot F1 score: 94.8112
********************
Best Intent Acc: 98.0963 at Epoch: [49]
Best F1 score: 95.5830 at Epoch: [54]
Slot loss: 0.1314 	 Intent loss: 0.1282
Slot loss: 0.1318 	 Intent loss: 0.0048
Slot loss: 0.1276 	 Intent loss: 0.0002
********************
Epoch: [111/200], Intent Val Acc: 97.0885 	 Slot F1 score: 95.1943
********************
Best Intent Acc: 98.0963 at Epoch: [49]
Best F1 score: 95.5830 at Epoch: [54]
Slot loss: 0.0428 	 Intent loss: 0.0021
Slot loss: 0.1466 	 Intent loss: 0.0523
Slot loss: 0.2489 	 Intent loss: 0.2639
********************
Epoch: [112/200], Intent Val Acc: 96.5286 	 Slot F1 score: 95.0820
********************
Best Intent Acc: 98.0963 at Epoch: [49]
Best F1 score: 95.5830 at Epoch: [54]
Slot loss: 0.0513 	 Intent loss: 0.0537
Slot loss: 0.0125 	 Intent loss: 0.0343
Slot loss: 0.0465 	 Intent loss: 0.0237
********************
Epoch: [113/200], Intent Val Acc: 96.8645 	 Slot F1 score: 95.2448
********************
Best Intent Acc: 98.0963 at Epoch: [49]
Best F1 score: 95.5830 at Epoch: [54]
Slot loss: 0.0546 	 Intent loss: 0.0134
Slot loss: 0.0806 	 Intent loss: 0.0060
Slot loss: 0.0207 	 Intent loss: 0.0787
********************
Epoch: [114/200], Intent Val Acc: 96.6405 	 Slot F1 score: 95.3172
********************
Best Intent Acc: 98.0963 at Epoch: [49]
Best F1 score: 95.5830 at Epoch: [54]
Slot loss: 0.0482 	 Intent loss: 0.0309
Slot loss: 0.0227 	 Intent loss: 0.0267
Slot loss: 0.0761 	 Intent loss: 0.0002
********************
Epoch: [115/200], Intent Val Acc: 97.5364 	 Slot F1 score: 95.1607
********************
Best Intent Acc: 98.0963 at Epoch: [49]
Best F1 score: 95.5830 at Epoch: [54]
Slot loss: 0.0440 	 Intent loss: 0.0001
Slot loss: 0.1475 	 Intent loss: 0.0000
Slot loss: 0.0804 	 Intent loss: 0.0000
********************
Epoch: [116/200], Intent Val Acc: 97.0885 	 Slot F1 score: 95.4802
********************
Best Intent Acc: 98.0963 at Epoch: [49]
Best F1 score: 95.5830 at Epoch: [54]
Slot loss: 0.1355 	 Intent loss: 0.0001
Slot loss: 0.0414 	 Intent loss: 0.0002
Slot loss: 0.0404 	 Intent loss: 0.0001
********************
Epoch: [117/200], Intent Val Acc: 97.3124 	 Slot F1 score: 95.0918
********************
Best Intent Acc: 98.0963 at Epoch: [49]
Best F1 score: 95.5830 at Epoch: [54]
Slot loss: 0.2060 	 Intent loss: 0.0002
Slot loss: 0.1769 	 Intent loss: 0.0800
Slot loss: 0.1480 	 Intent loss: 0.0001
********************
Epoch: [118/200], Intent Val Acc: 96.6405 	 Slot F1 score: 95.3086
********************
Best Intent Acc: 98.0963 at Epoch: [49]
Best F1 score: 95.5830 at Epoch: [54]
Slot loss: 0.0210 	 Intent loss: 0.0001
Slot loss: 0.4027 	 Intent loss: 0.0000
Slot loss: 0.0854 	 Intent loss: 0.0000
********************
Epoch: [119/200], Intent Val Acc: 96.8645 	 Slot F1 score: 95.2902
********************
Best Intent Acc: 98.0963 at Epoch: [49]
Best F1 score: 95.5830 at Epoch: [54]
Slot loss: 0.0241 	 Intent loss: 0.0058
Slot loss: 0.0803 	 Intent loss: 0.0000
Slot loss: 0.0193 	 Intent loss: 0.0002
********************
Epoch: [120/200], Intent Val Acc: 96.9765 	 Slot F1 score: 95.4497
********************
Best Intent Acc: 98.0963 at Epoch: [49]
Best F1 score: 95.5830 at Epoch: [54]
Slot loss: 0.0151 	 Intent loss: 0.0000
Slot loss: 0.0591 	 Intent loss: 0.0000
Slot loss: 0.1160 	 Intent loss: 0.0000
********************
Epoch: [121/200], Intent Val Acc: 97.0885 	 Slot F1 score: 95.5662
********************
Best Intent Acc: 98.0963 at Epoch: [49]
Best F1 score: 95.5830 at Epoch: [54]
Slot loss: 0.0220 	 Intent loss: 0.0000
Slot loss: 0.0399 	 Intent loss: 0.0000
Slot loss: 0.0167 	 Intent loss: 0.0004
********************
Epoch: [122/200], Intent Val Acc: 97.2004 	 Slot F1 score: 95.5587
********************
Best Intent Acc: 98.0963 at Epoch: [49]
Best F1 score: 95.5830 at Epoch: [54]
Slot loss: 0.0030 	 Intent loss: 0.0000
Slot loss: 0.1019 	 Intent loss: 0.0000
Slot loss: 0.0205 	 Intent loss: 0.0001
********************
Epoch: [123/200], Intent Val Acc: 96.8645 	 Slot F1 score: 95.4161
********************
Best Intent Acc: 98.0963 at Epoch: [49]
Best F1 score: 95.5830 at Epoch: [54]
Slot loss: 0.0151 	 Intent loss: 0.0000
Slot loss: 0.0649 	 Intent loss: 0.0000
Slot loss: 0.0028 	 Intent loss: 0.0000
********************
Epoch: [124/200], Intent Val Acc: 97.0885 	 Slot F1 score: 95.2902
********************
Best Intent Acc: 98.0963 at Epoch: [49]
Best F1 score: 95.5830 at Epoch: [54]
Slot loss: 0.0018 	 Intent loss: 0.0000
Slot loss: 0.2028 	 Intent loss: 0.0000
Slot loss: 0.0608 	 Intent loss: 0.0000
********************
Epoch: [125/200], Intent Val Acc: 97.0885 	 Slot F1 score: 95.3575
********************
Best Intent Acc: 98.0963 at Epoch: [49]
Best F1 score: 95.5830 at Epoch: [54]
Slot loss: 0.0022 	 Intent loss: 0.0000
Slot loss: 0.0366 	 Intent loss: 0.0000
Slot loss: 0.1725 	 Intent loss: 0.0001
********************
Epoch: [126/200], Intent Val Acc: 96.6405 	 Slot F1 score: 94.9965
********************
Best Intent Acc: 98.0963 at Epoch: [49]
Best F1 score: 95.5830 at Epoch: [54]
Slot loss: 0.0312 	 Intent loss: 0.2161
Slot loss: 0.0430 	 Intent loss: 0.0314
Slot loss: 0.0051 	 Intent loss: 0.0001
********************
Epoch: [127/200], Intent Val Acc: 97.0885 	 Slot F1 score: 95.1727
********************
Best Intent Acc: 98.0963 at Epoch: [49]
Best F1 score: 95.5830 at Epoch: [54]
Slot loss: 0.0224 	 Intent loss: 0.0000
Slot loss: 0.0490 	 Intent loss: 0.0000
Slot loss: 0.0703 	 Intent loss: 0.0000
********************
Epoch: [128/200], Intent Val Acc: 96.6405 	 Slot F1 score: 95.5524
********************
Best Intent Acc: 98.0963 at Epoch: [49]
Best F1 score: 95.5830 at Epoch: [54]
Slot loss: 0.0033 	 Intent loss: 0.0000
Slot loss: 0.0435 	 Intent loss: 0.0000
Slot loss: 0.0512 	 Intent loss: 0.0000
********************
Epoch: [129/200], Intent Val Acc: 96.8645 	 Slot F1 score: 95.1710
********************
Best Intent Acc: 98.0963 at Epoch: [49]
Best F1 score: 95.5830 at Epoch: [54]
Slot loss: 0.0128 	 Intent loss: 0.0001
Slot loss: 0.0668 	 Intent loss: 0.0000
Slot loss: 0.0557 	 Intent loss: 0.0000
********************
Epoch: [130/200], Intent Val Acc: 97.0885 	 Slot F1 score: 95.0837
********************
Best Intent Acc: 98.0963 at Epoch: [49]
Best F1 score: 95.5830 at Epoch: [54]
Slot loss: 0.0476 	 Intent loss: 0.0000
Slot loss: 0.0015 	 Intent loss: 0.0000
Slot loss: 0.0218 	 Intent loss: 0.0001
********************
Epoch: [131/200], Intent Val Acc: 96.7525 	 Slot F1 score: 94.9833
********************
Best Intent Acc: 98.0963 at Epoch: [49]
Best F1 score: 95.5830 at Epoch: [54]
Slot loss: 0.0521 	 Intent loss: 0.0450
Slot loss: 0.0238 	 Intent loss: 0.0012
Slot loss: 0.1416 	 Intent loss: 0.0030
********************
Epoch: [132/200], Intent Val Acc: 97.3124 	 Slot F1 score: 95.3070
********************
Best Intent Acc: 98.0963 at Epoch: [49]
Best F1 score: 95.5830 at Epoch: [54]
Slot loss: 0.0405 	 Intent loss: 0.0854
Slot loss: 0.1028 	 Intent loss: 0.0390
Slot loss: 0.1187 	 Intent loss: 0.1321
********************
Epoch: [133/200], Intent Val Acc: 97.4244 	 Slot F1 score: 94.9075
********************
Best Intent Acc: 98.0963 at Epoch: [49]
Best F1 score: 95.5830 at Epoch: [54]
Slot loss: 0.0715 	 Intent loss: 0.1346
Slot loss: 0.0229 	 Intent loss: 0.0551
Slot loss: 0.0996 	 Intent loss: 0.0003
********************
Epoch: [134/200], Intent Val Acc: 97.2004 	 Slot F1 score: 94.8949
********************
Best Intent Acc: 98.0963 at Epoch: [49]
Best F1 score: 95.5830 at Epoch: [54]
Slot loss: 0.0360 	 Intent loss: 0.0002
Slot loss: 0.0375 	 Intent loss: 0.0001
Slot loss: 0.0504 	 Intent loss: 0.0256
********************
Epoch: [135/200], Intent Val Acc: 96.9765 	 Slot F1 score: 95.1911
********************
Best Intent Acc: 98.0963 at Epoch: [49]
Best F1 score: 95.5830 at Epoch: [54]
Slot loss: 0.1243 	 Intent loss: 0.0001
Slot loss: 0.0042 	 Intent loss: 0.0003
Slot loss: 0.2247 	 Intent loss: 0.0961
********************
Epoch: [136/200], Intent Val Acc: 97.7604 	 Slot F1 score: 95.1005
********************
Best Intent Acc: 98.0963 at Epoch: [49]
Best F1 score: 95.5830 at Epoch: [54]
Slot loss: 0.0201 	 Intent loss: 0.0002
Slot loss: 0.0454 	 Intent loss: 0.0007
Slot loss: 0.1799 	 Intent loss: 0.0045
********************
Epoch: [137/200], Intent Val Acc: 96.8645 	 Slot F1 score: 95.0802
********************
Best Intent Acc: 98.0963 at Epoch: [49]
Best F1 score: 95.5830 at Epoch: [54]
Slot loss: 0.0771 	 Intent loss: 0.0001
Slot loss: 0.0850 	 Intent loss: 0.0001
Slot loss: 0.0580 	 Intent loss: 0.0056
********************
Epoch: [138/200], Intent Val Acc: 96.8645 	 Slot F1 score: 95.0300
********************
Best Intent Acc: 98.0963 at Epoch: [49]
Best F1 score: 95.5830 at Epoch: [54]
Slot loss: 0.0106 	 Intent loss: 0.2487
Slot loss: 0.0375 	 Intent loss: 0.0405
Slot loss: 0.0499 	 Intent loss: 0.0325
********************
Epoch: [139/200], Intent Val Acc: 97.2004 	 Slot F1 score: 95.2028
********************
Best Intent Acc: 98.0963 at Epoch: [49]
Best F1 score: 95.5830 at Epoch: [54]
Slot loss: 0.0396 	 Intent loss: 0.0004
Slot loss: 0.0869 	 Intent loss: 0.0003
Slot loss: 0.0540 	 Intent loss: 0.1196
********************
Epoch: [140/200], Intent Val Acc: 97.2004 	 Slot F1 score: 95.2667
********************
Best Intent Acc: 98.0963 at Epoch: [49]
Best F1 score: 95.5830 at Epoch: [54]
Slot loss: 0.1573 	 Intent loss: 0.0069
Slot loss: 0.0016 	 Intent loss: 0.0015
Slot loss: 0.0210 	 Intent loss: 0.0000
********************
Epoch: [141/200], Intent Val Acc: 97.4244 	 Slot F1 score: 95.2954
********************
Best Intent Acc: 98.0963 at Epoch: [49]
Best F1 score: 95.5830 at Epoch: [54]
Slot loss: 0.0027 	 Intent loss: 0.0002
Slot loss: 0.0321 	 Intent loss: 0.0337
Slot loss: 0.0966 	 Intent loss: 0.0209
********************
Epoch: [142/200], Intent Val Acc: 97.0885 	 Slot F1 score: 95.2162
********************
Best Intent Acc: 98.0963 at Epoch: [49]
Best F1 score: 95.5830 at Epoch: [54]
Slot loss: 0.1057 	 Intent loss: 0.0024
Slot loss: 0.0163 	 Intent loss: 0.0816
Slot loss: 0.0827 	 Intent loss: 0.0484
********************
Epoch: [143/200], Intent Val Acc: 96.8645 	 Slot F1 score: 95.2566
********************
Best Intent Acc: 98.0963 at Epoch: [49]
Best F1 score: 95.5830 at Epoch: [54]
Slot loss: 0.0283 	 Intent loss: 0.0004
Slot loss: 0.1793 	 Intent loss: 0.0002
Slot loss: 0.0262 	 Intent loss: 0.0000
********************
Epoch: [144/200], Intent Val Acc: 97.4244 	 Slot F1 score: 95.4602
********************
Best Intent Acc: 98.0963 at Epoch: [49]
Best F1 score: 95.5830 at Epoch: [54]
Slot loss: 0.0241 	 Intent loss: 0.0000
Slot loss: 0.2490 	 Intent loss: 0.0002
Slot loss: 0.0113 	 Intent loss: 0.0002
********************
Epoch: [145/200], Intent Val Acc: 97.3124 	 Slot F1 score: 95.2918
********************
Best Intent Acc: 98.0963 at Epoch: [49]
Best F1 score: 95.5830 at Epoch: [54]
Slot loss: 0.0874 	 Intent loss: 0.0001
Slot loss: 0.0285 	 Intent loss: 0.0000
Slot loss: 0.1342 	 Intent loss: 0.0000
********************
Epoch: [146/200], Intent Val Acc: 97.0885 	 Slot F1 score: 95.3155
********************
Best Intent Acc: 98.0963 at Epoch: [49]
Best F1 score: 95.5830 at Epoch: [54]
Slot loss: 0.0141 	 Intent loss: 0.0001
Slot loss: 0.1882 	 Intent loss: 0.0001
Slot loss: 0.0762 	 Intent loss: 0.0000
********************
Epoch: [147/200], Intent Val Acc: 97.6484 	 Slot F1 score: 95.4064
********************
Best Intent Acc: 98.0963 at Epoch: [49]
Best F1 score: 95.5830 at Epoch: [54]
Slot loss: 0.0426 	 Intent loss: 0.0000
Slot loss: 0.0026 	 Intent loss: 0.0000
Slot loss: 0.0059 	 Intent loss: 0.0000
********************
Epoch: [148/200], Intent Val Acc: 97.4244 	 Slot F1 score: 95.2431
********************
Best Intent Acc: 98.0963 at Epoch: [49]
Best F1 score: 95.5830 at Epoch: [54]
Slot loss: 0.0405 	 Intent loss: 0.0000
Slot loss: 0.0537 	 Intent loss: 0.0000
Slot loss: 0.0138 	 Intent loss: 0.0000
********************
Epoch: [149/200], Intent Val Acc: 97.7604 	 Slot F1 score: 95.6506
********************
Best Intent Acc: 98.0963 at Epoch: [49]
Best F1 score: 95.6506 at Epoch: [149]
Slot loss: 0.0408 	 Intent loss: 0.0000
Slot loss: 0.1543 	 Intent loss: 0.0000
Slot loss: 0.0359 	 Intent loss: 0.0000
********************
Epoch: [150/200], Intent Val Acc: 97.3124 	 Slot F1 score: 95.2532
********************
Best Intent Acc: 98.0963 at Epoch: [49]
Best F1 score: 95.6506 at Epoch: [149]
Slot loss: 0.1347 	 Intent loss: 0.0000
Slot loss: 0.1095 	 Intent loss: 0.1171
Slot loss: 0.0734 	 Intent loss: 0.0031
********************
Epoch: [151/200], Intent Val Acc: 97.5364 	 Slot F1 score: 95.3037
********************
Best Intent Acc: 98.0963 at Epoch: [49]
Best F1 score: 95.6506 at Epoch: [149]
Slot loss: 0.0023 	 Intent loss: 0.0001
Slot loss: 0.0293 	 Intent loss: 0.0002
Slot loss: 0.1945 	 Intent loss: 0.0008
********************
Epoch: [152/200], Intent Val Acc: 97.4244 	 Slot F1 score: 95.3390
********************
Best Intent Acc: 98.0963 at Epoch: [49]
Best F1 score: 95.6506 at Epoch: [149]
Slot loss: 0.2274 	 Intent loss: 0.0006
Slot loss: 0.1028 	 Intent loss: 0.0000
Slot loss: 0.0171 	 Intent loss: 0.0000
********************
Epoch: [153/200], Intent Val Acc: 97.9843 	 Slot F1 score: 95.1573
********************
Best Intent Acc: 98.0963 at Epoch: [49]
Best F1 score: 95.6506 at Epoch: [149]
Slot loss: 0.1155 	 Intent loss: 0.0000
Slot loss: 0.0285 	 Intent loss: 0.0002
Slot loss: 0.0316 	 Intent loss: 0.0000
********************
Epoch: [154/200], Intent Val Acc: 97.3124 	 Slot F1 score: 95.2718
********************
Best Intent Acc: 98.0963 at Epoch: [49]
Best F1 score: 95.6506 at Epoch: [149]
Slot loss: 0.0468 	 Intent loss: 0.0038
Slot loss: 0.0874 	 Intent loss: 0.0003
Slot loss: 0.0465 	 Intent loss: 0.0001
********************
Epoch: [155/200], Intent Val Acc: 97.6484 	 Slot F1 score: 95.2499
********************
Best Intent Acc: 98.0963 at Epoch: [49]
Best F1 score: 95.6506 at Epoch: [149]
Slot loss: 0.0036 	 Intent loss: 0.0000
Slot loss: 0.2013 	 Intent loss: 0.0022
Slot loss: 0.0570 	 Intent loss: 0.0012
********************
Epoch: [156/200], Intent Val Acc: 97.7604 	 Slot F1 score: 94.9673
********************
Best Intent Acc: 98.0963 at Epoch: [49]
Best F1 score: 95.6506 at Epoch: [149]
Slot loss: 0.0306 	 Intent loss: 0.0000
Slot loss: 0.0013 	 Intent loss: 0.0000
Slot loss: 0.0130 	 Intent loss: 0.0000
********************
Epoch: [157/200], Intent Val Acc: 97.7604 	 Slot F1 score: 95.2700
********************
Best Intent Acc: 98.0963 at Epoch: [49]
Best F1 score: 95.6506 at Epoch: [149]
Slot loss: 0.0400 	 Intent loss: 0.0001
Slot loss: 0.0412 	 Intent loss: 0.0000
Slot loss: 0.0089 	 Intent loss: 0.0000
********************
Epoch: [158/200], Intent Val Acc: 97.0885 	 Slot F1 score: 95.2347
********************
Best Intent Acc: 98.0963 at Epoch: [49]
Best F1 score: 95.6506 at Epoch: [149]
Slot loss: 0.2177 	 Intent loss: 0.0000
Slot loss: 0.0074 	 Intent loss: 0.0000
Slot loss: 0.0524 	 Intent loss: 0.0000
********************
Epoch: [159/200], Intent Val Acc: 97.6484 	 Slot F1 score: 95.2028
********************
Best Intent Acc: 98.0963 at Epoch: [49]
Best F1 score: 95.6506 at Epoch: [149]
Slot loss: 0.0508 	 Intent loss: 0.0000
Slot loss: 0.0024 	 Intent loss: 0.0000
Slot loss: 0.0970 	 Intent loss: 0.0000
********************
Epoch: [160/200], Intent Val Acc: 97.2004 	 Slot F1 score: 94.7350
********************
Best Intent Acc: 98.0963 at Epoch: [49]
Best F1 score: 95.6506 at Epoch: [149]
Slot loss: 0.0198 	 Intent loss: 0.0000
Slot loss: 0.1288 	 Intent loss: 0.0000
Slot loss: 0.0208 	 Intent loss: 0.0000
********************
Epoch: [161/200], Intent Val Acc: 97.4244 	 Slot F1 score: 95.3960
********************
Best Intent Acc: 98.0963 at Epoch: [49]
Best F1 score: 95.6506 at Epoch: [149]
Slot loss: 0.1084 	 Intent loss: 0.0000
Slot loss: 0.1015 	 Intent loss: 0.0000
Slot loss: 0.0960 	 Intent loss: 0.0000
********************
Epoch: [162/200], Intent Val Acc: 97.3124 	 Slot F1 score: 95.3004
********************
Best Intent Acc: 98.0963 at Epoch: [49]
Best F1 score: 95.6506 at Epoch: [149]
Slot loss: 0.3864 	 Intent loss: 0.0000
Slot loss: 0.0101 	 Intent loss: 0.0000
Slot loss: 0.0718 	 Intent loss: 0.0000
********************
Epoch: [163/200], Intent Val Acc: 97.6484 	 Slot F1 score: 94.9894
********************
Best Intent Acc: 98.0963 at Epoch: [49]
Best F1 score: 95.6506 at Epoch: [149]
Slot loss: 0.0096 	 Intent loss: 0.0000
Slot loss: 0.1391 	 Intent loss: 0.0000
Slot loss: 0.0019 	 Intent loss: 0.0063
********************
Epoch: [164/200], Intent Val Acc: 97.5364 	 Slot F1 score: 95.2045
********************
Best Intent Acc: 98.0963 at Epoch: [49]
Best F1 score: 95.6506 at Epoch: [149]
Slot loss: 0.0049 	 Intent loss: 0.0000
Slot loss: 0.0114 	 Intent loss: 0.4360
Slot loss: 0.0315 	 Intent loss: 0.0004
********************
Epoch: [165/200], Intent Val Acc: 97.0885 	 Slot F1 score: 95.1138
********************
Best Intent Acc: 98.0963 at Epoch: [49]
Best F1 score: 95.6506 at Epoch: [149]
Slot loss: 0.0044 	 Intent loss: 0.0000
Slot loss: 0.0720 	 Intent loss: 0.0010
Slot loss: 0.0023 	 Intent loss: 0.0000
********************
Epoch: [166/200], Intent Val Acc: 96.9765 	 Slot F1 score: 95.3020
********************
Best Intent Acc: 98.0963 at Epoch: [49]
Best F1 score: 95.6506 at Epoch: [149]
Slot loss: 0.0028 	 Intent loss: 0.0000
Slot loss: 0.0336 	 Intent loss: 0.0000
Slot loss: 0.0330 	 Intent loss: 0.0000
********************
Epoch: [167/200], Intent Val Acc: 97.2004 	 Slot F1 score: 95.4313
********************
Best Intent Acc: 98.0963 at Epoch: [49]
Best F1 score: 95.6506 at Epoch: [149]
Slot loss: 0.0634 	 Intent loss: 0.0000
Slot loss: 0.0726 	 Intent loss: 0.0000
Slot loss: 0.0067 	 Intent loss: 0.0001
********************
Epoch: [168/200], Intent Val Acc: 96.8645 	 Slot F1 score: 95.4096
********************
Best Intent Acc: 98.0963 at Epoch: [49]
Best F1 score: 95.6506 at Epoch: [149]
Slot loss: 0.1266 	 Intent loss: 0.0009
Slot loss: 0.1185 	 Intent loss: 0.0005
Slot loss: 0.1258 	 Intent loss: 0.0184
********************
Epoch: [169/200], Intent Val Acc: 97.4244 	 Slot F1 score: 95.4281
********************
Best Intent Acc: 98.0963 at Epoch: [49]
Best F1 score: 95.6506 at Epoch: [149]
Slot loss: 0.0467 	 Intent loss: 0.1755
Slot loss: 0.0359 	 Intent loss: 0.0046
Slot loss: 0.0529 	 Intent loss: 0.0614
********************
Epoch: [170/200], Intent Val Acc: 96.8645 	 Slot F1 score: 95.4417
********************
Best Intent Acc: 98.0963 at Epoch: [49]
Best F1 score: 95.6506 at Epoch: [149]
Slot loss: 0.0115 	 Intent loss: 0.0001
Slot loss: 0.0052 	 Intent loss: 0.0002
Slot loss: 0.0414 	 Intent loss: 0.0000
********************
Epoch: [171/200], Intent Val Acc: 97.3124 	 Slot F1 score: 95.6552
********************
Best Intent Acc: 98.0963 at Epoch: [49]
Best F1 score: 95.6552 at Epoch: [171]
Slot loss: 0.0193 	 Intent loss: 0.0015
Slot loss: 0.0503 	 Intent loss: 0.1081
Slot loss: 0.1639 	 Intent loss: 0.0001
********************
Epoch: [172/200], Intent Val Acc: 96.8645 	 Slot F1 score: 95.3004
********************
Best Intent Acc: 98.0963 at Epoch: [49]
Best F1 score: 95.6552 at Epoch: [171]
Slot loss: 0.0173 	 Intent loss: 0.0695
Slot loss: 0.0083 	 Intent loss: 0.0002
Slot loss: 0.4709 	 Intent loss: 0.0021
********************
Epoch: [173/200], Intent Val Acc: 97.0885 	 Slot F1 score: 94.8352
********************
Best Intent Acc: 98.0963 at Epoch: [49]
Best F1 score: 95.6552 at Epoch: [171]
Slot loss: 0.0223 	 Intent loss: 0.0545
Slot loss: 0.0128 	 Intent loss: 0.0002
Slot loss: 0.0674 	 Intent loss: 0.1276
********************
Epoch: [174/200], Intent Val Acc: 96.8645 	 Slot F1 score: 95.2700
********************
Best Intent Acc: 98.0963 at Epoch: [49]
Best F1 score: 95.6552 at Epoch: [171]
Slot loss: 0.1297 	 Intent loss: 0.0041
Slot loss: 0.0344 	 Intent loss: 0.0998
Slot loss: 0.0045 	 Intent loss: 0.0000
********************
Epoch: [175/200], Intent Val Acc: 97.0885 	 Slot F1 score: 95.3976
********************
Best Intent Acc: 98.0963 at Epoch: [49]
Best F1 score: 95.6552 at Epoch: [171]
Slot loss: 0.0012 	 Intent loss: 0.0000
Slot loss: 0.0217 	 Intent loss: 0.0000
Slot loss: 0.1062 	 Intent loss: 0.0002
********************
Epoch: [176/200], Intent Val Acc: 96.9765 	 Slot F1 score: 95.1155
********************
Best Intent Acc: 98.0963 at Epoch: [49]
Best F1 score: 95.6552 at Epoch: [171]
Slot loss: 0.0165 	 Intent loss: 0.1375
Slot loss: 0.0500 	 Intent loss: 0.0412
Slot loss: 0.0037 	 Intent loss: 0.0001
********************
Epoch: [177/200], Intent Val Acc: 97.0885 	 Slot F1 score: 95.2246
********************
Best Intent Acc: 98.0963 at Epoch: [49]
Best F1 score: 95.6552 at Epoch: [171]
Slot loss: 0.0085 	 Intent loss: 0.0000
Slot loss: 0.0795 	 Intent loss: 0.0002
Slot loss: 0.0913 	 Intent loss: 0.0000
********************
Epoch: [178/200], Intent Val Acc: 96.8645 	 Slot F1 score: 94.9841
********************
Best Intent Acc: 98.0963 at Epoch: [49]
Best F1 score: 95.6552 at Epoch: [171]
Slot loss: 0.0020 	 Intent loss: 0.0000
Slot loss: 0.0515 	 Intent loss: 0.0012
Slot loss: 0.0689 	 Intent loss: 0.0058
********************
Epoch: [179/200], Intent Val Acc: 97.0885 	 Slot F1 score: 95.1607
********************
Best Intent Acc: 98.0963 at Epoch: [49]
Best F1 score: 95.6552 at Epoch: [171]
Slot loss: 0.1643 	 Intent loss: 0.0000
Slot loss: 0.0226 	 Intent loss: 0.0000
Slot loss: 0.0101 	 Intent loss: 0.0046
********************
Epoch: [180/200], Intent Val Acc: 97.3124 	 Slot F1 score: 95.3509
********************
Best Intent Acc: 98.0963 at Epoch: [49]
Best F1 score: 95.6552 at Epoch: [171]
Slot loss: 0.0141 	 Intent loss: 0.0000
Slot loss: 0.0175 	 Intent loss: 0.0001
Slot loss: 0.0016 	 Intent loss: 0.0000
********************
Epoch: [181/200], Intent Val Acc: 96.8645 	 Slot F1 score: 95.2819
********************
Best Intent Acc: 98.0963 at Epoch: [49]
Best F1 score: 95.6552 at Epoch: [171]
Slot loss: 0.0119 	 Intent loss: 0.0000
Slot loss: 0.0249 	 Intent loss: 0.0000
Slot loss: 0.0416 	 Intent loss: 0.0000
********************
Epoch: [182/200], Intent Val Acc: 96.9765 	 Slot F1 score: 95.5493
********************
Best Intent Acc: 98.0963 at Epoch: [49]
Best F1 score: 95.6552 at Epoch: [171]
Slot loss: 0.0012 	 Intent loss: 0.0000
Slot loss: 0.0504 	 Intent loss: 0.0000
Slot loss: 0.0073 	 Intent loss: 0.0000
********************
Epoch: [183/200], Intent Val Acc: 97.2004 	 Slot F1 score: 95.3911
********************
Best Intent Acc: 98.0963 at Epoch: [49]
Best F1 score: 95.6552 at Epoch: [171]
Slot loss: 0.0084 	 Intent loss: 0.0000
Slot loss: 0.0331 	 Intent loss: 0.0000
Slot loss: 0.0274 	 Intent loss: 0.0000
********************
Epoch: [184/200], Intent Val Acc: 97.3124 	 Slot F1 score: 95.4417
********************
Best Intent Acc: 98.0963 at Epoch: [49]
Best F1 score: 95.6552 at Epoch: [171]
Slot loss: 0.0699 	 Intent loss: 0.0000
Slot loss: 0.0515 	 Intent loss: 0.0008
Slot loss: 0.0328 	 Intent loss: 0.0000
********************
Epoch: [185/200], Intent Val Acc: 97.4244 	 Slot F1 score: 95.2499
********************
Best Intent Acc: 98.0963 at Epoch: [49]
Best F1 score: 95.6552 at Epoch: [171]
Slot loss: 0.0337 	 Intent loss: 0.0000
Slot loss: 0.0046 	 Intent loss: 0.0000
Slot loss: 0.0624 	 Intent loss: 0.0000
********************
Epoch: [186/200], Intent Val Acc: 97.5364 	 Slot F1 score: 95.1508
********************
Best Intent Acc: 98.0963 at Epoch: [49]
Best F1 score: 95.6552 at Epoch: [171]
Slot loss: 0.0682 	 Intent loss: 0.0000
Slot loss: 0.0891 	 Intent loss: 0.0000
Slot loss: 0.0268 	 Intent loss: 0.0000
********************
Epoch: [187/200], Intent Val Acc: 97.3124 	 Slot F1 score: 95.1607
********************
Best Intent Acc: 98.0963 at Epoch: [49]
Best F1 score: 95.6552 at Epoch: [171]
Slot loss: 0.0548 	 Intent loss: 0.0000
Slot loss: 0.0302 	 Intent loss: 0.0000
Slot loss: 0.0654 	 Intent loss: 0.0000
********************
Epoch: [188/200], Intent Val Acc: 96.9765 	 Slot F1 score: 95.4297
********************
Best Intent Acc: 98.0963 at Epoch: [49]
Best F1 score: 95.6552 at Epoch: [171]
Slot loss: 0.0310 	 Intent loss: 0.0000
Slot loss: 0.3245 	 Intent loss: 0.0000
Slot loss: 0.0369 	 Intent loss: 0.0007
********************
Epoch: [189/200], Intent Val Acc: 96.9765 	 Slot F1 score: 95.3993
********************
Best Intent Acc: 98.0963 at Epoch: [49]
Best F1 score: 95.6552 at Epoch: [171]
Slot loss: 0.0471 	 Intent loss: 0.0000
Slot loss: 0.0186 	 Intent loss: 0.0000
Slot loss: 0.1174 	 Intent loss: 0.0005
********************
Epoch: [190/200], Intent Val Acc: 96.5286 	 Slot F1 score: 95.4481
********************
Best Intent Acc: 98.0963 at Epoch: [49]
Best F1 score: 95.6552 at Epoch: [171]
Slot loss: 0.0049 	 Intent loss: 0.0000
Slot loss: 0.0879 	 Intent loss: 0.0000
Slot loss: 0.1434 	 Intent loss: 0.0055
********************
Epoch: [191/200], Intent Val Acc: 97.3124 	 Slot F1 score: 94.9806
********************
Best Intent Acc: 98.0963 at Epoch: [49]
Best F1 score: 95.6552 at Epoch: [171]
Slot loss: 0.0108 	 Intent loss: 0.0000
Slot loss: 0.0264 	 Intent loss: 0.0000
Slot loss: 0.1009 	 Intent loss: 0.0000
********************
Epoch: [192/200], Intent Val Acc: 97.0885 	 Slot F1 score: 95.2987
********************
Best Intent Acc: 98.0963 at Epoch: [49]
Best F1 score: 95.6552 at Epoch: [171]
Slot loss: 0.0197 	 Intent loss: 0.0000
Slot loss: 0.0039 	 Intent loss: 0.0006
Slot loss: 0.0428 	 Intent loss: 0.2019
********************
Epoch: [193/200], Intent Val Acc: 96.7525 	 Slot F1 score: 95.3222
********************
Best Intent Acc: 98.0963 at Epoch: [49]
Best F1 score: 95.6552 at Epoch: [171]
Slot loss: 0.0021 	 Intent loss: 0.0108
Slot loss: 0.0129 	 Intent loss: 0.0031
Slot loss: 0.0310 	 Intent loss: 0.1022
********************
Epoch: [194/200], Intent Val Acc: 96.9765 	 Slot F1 score: 95.4907
********************
Best Intent Acc: 98.0963 at Epoch: [49]
Best F1 score: 95.6552 at Epoch: [171]
Slot loss: 0.0144 	 Intent loss: 0.0001
Slot loss: 0.0459 	 Intent loss: 0.0298
Slot loss: 0.0138 	 Intent loss: 0.0000
********************
Epoch: [195/200], Intent Val Acc: 96.8645 	 Slot F1 score: 95.4449
********************
Best Intent Acc: 98.0963 at Epoch: [49]
Best F1 score: 95.6552 at Epoch: [171]
Slot loss: 0.0372 	 Intent loss: 0.0006
Slot loss: 0.0063 	 Intent loss: 0.0005
Slot loss: 0.0567 	 Intent loss: 0.0025
********************
Epoch: [196/200], Intent Val Acc: 97.2004 	 Slot F1 score: 95.2213
********************
Best Intent Acc: 98.0963 at Epoch: [49]
Best F1 score: 95.6552 at Epoch: [171]
Slot loss: 0.0280 	 Intent loss: 0.0635
Slot loss: 0.1090 	 Intent loss: 0.0001
Slot loss: 0.1176 	 Intent loss: 0.0088
********************
Epoch: [197/200], Intent Val Acc: 96.5286 	 Slot F1 score: 95.0247
********************
Best Intent Acc: 98.0963 at Epoch: [49]
Best F1 score: 95.6552 at Epoch: [171]
Slot loss: 0.0407 	 Intent loss: 0.0002
Slot loss: 0.1796 	 Intent loss: 0.0001
Slot loss: 0.0593 	 Intent loss: 0.0000
********************
Epoch: [198/200], Intent Val Acc: 96.8645 	 Slot F1 score: 95.0628
********************
Best Intent Acc: 98.0963 at Epoch: [49]
Best F1 score: 95.6552 at Epoch: [171]
Slot loss: 0.1592 	 Intent loss: 0.0000
Slot loss: 0.0115 	 Intent loss: 0.0001
Slot loss: 0.0744 	 Intent loss: 0.0000
********************
Epoch: [199/200], Intent Val Acc: 96.6405 	 Slot F1 score: 95.1556
********************
Best Intent Acc: 98.0963 at Epoch: [49]
Best F1 score: 95.6552 at Epoch: [171]
Slot loss: 0.0032 	 Intent loss: 0.0000
Slot loss: 0.0477 	 Intent loss: 0.0000
Slot loss: 0.0629 	 Intent loss: 0.0000
********************
Epoch: [200/200], Intent Val Acc: 97.2004 	 Slot F1 score: 95.0513
********************
Best Intent Acc: 98.0963 at Epoch: [49]
Best F1 score: 95.6552 at Epoch: [171]
