['Find:O', 'a:O', 'reservation:O', 'for:O', 'a:O', 'highly:B-sort', 'rated:I-sort', 'steakhouse:B-restaurant_type', 'in:O', 'China:B-country', 'for:O', 'a:O', 'party:O', 'of:O', 'five:B-party_size_number', 'at:O', '05:51:52:B-timeRange', '<=>', 'BookRestaurant']
['Book:O', 'a:O', 'taverna:B-restaurant_type', 'in:O', 'Wisconsin:B-state', 'for:O', '22:54:B-timeRange', '.:O', '<=>', 'BookRestaurant']
['I:O', 'need:O', 'reservations:O', 'for:O', 'a:O', 'party:O', 'of:O', '8:B-party_size_number', 'within:B-spatial_relation', 'the:I-spatial_relation', 'same:I-spatial_relation', 'area:I-spatial_relation', 'at:O', '01:48:35:B-timeRange', 'at:O', 'a:O', 'restaurant:B-restaurant_type', 'in:O', 'Armenia:B-country', 'that:O', 'serves:O', 'tuscan:B-cuisine', 'cuisine.:O', '<=>', 'BookRestaurant']
['Find:O', 'a:O', 'table:O', 'at:O', 'a:O', 'restaurant:B-restaurant_type', 'in:O', 'Bynum:B-city', 'CA:B-state', 'at:O', '09:59:B-timeRange', 'PM:I-timeRange', '<=>', 'BookRestaurant']
['Book:O', 'a:O', 'table:O', 'for:O', 'me:B-party_size_description', 'and:I-party_size_description', 'my:I-party_size_description', 'crew:I-party_size_description', 'scheduled:O', 'for:O', '10:47:15:B-timeRange', 'pm:I-timeRange', 'in:O', 'IL:B-state', '.:O', '<=>', 'BookRestaurant']
['I:O', 'want:O', 'reservations:O', 'at:O', 'a:O', 'restaurant:B-restaurant_type', 'in:O', 'Robert:B-city', 'Lee:I-city', 'for:O', '21:05:17:B-timeRange', '.:O', '<=>', 'BookRestaurant']
['I:O', 'would:O', 'like:O', 'a:O', 'cafeteria:B-restaurant_type', 'at:O', '10:41:51:B-timeRange', 'am:I-timeRange', 'for:O', 'seven:B-party_size_number', '<=>', 'BookRestaurant']
['book:O', 'a:O', 'table:O', 'at:O', '04:36:28:B-timeRange', 'at:O', 'the:O', 'northeast:B-cuisine', 'indian:I-cuisine', 'restaurant:B-restaurant_type', '<=>', 'BookRestaurant']
['Book:O', 'something:O', 'for:O', 'darlene,:B-party_size_description', 'tessa:I-party_size_description', 'and:I-party_size_description', 'maxine:I-party_size_description', 'at:O', 'a:O', 'restaurant:B-restaurant_type', 'for:O', '09:58:27:B-timeRange', '<=>', 'BookRestaurant']
['Book:O', 'reservation:O', 'at:O', 'a:O', 'restaurant:B-restaurant_type', 'in:O', 'South:B-city', 'Mills:I-city', 'MT:B-state', 'for:O', 'one:B-party_size_number', 'at:O', '07:07:B-timeRange', '<=>', 'BookRestaurant']
['book:O', 'indian:B-cuisine', 'food:O', 'at:O', 'a:O', 'highly:B-sort', 'rated:I-sort', 'pub:B-restaurant_type', 'for:O', '1:B-party_size_number', 'for:O', '02:22:B-timeRange', 'pm:I-timeRange', '<=>', 'BookRestaurant']
['I:O', 'would:O', 'like:O', 'to:O', 'book:O', 'a:O', 'restaurant:B-restaurant_type', 'in:O', 'Poncha:B-city', 'Springs:I-city', 'for:O', '8:B-party_size_number', 'at:O', '00:32:B-timeRange', 'am:I-timeRange', '<=>', 'BookRestaurant']
['book:O', 'a:O', 'restaurant:B-restaurant_type', 'in:O', 'MS:B-state', 'that:O', 'can:O', 'seat:O', 'ten:B-party_size_number', 'at:O', '01:51:47:B-timeRange', 'pm:I-timeRange', '<=>', 'BookRestaurant']
['Find:O', 'a:O', 'reservation:O', 'at:O', 'Boone:B-restaurant_name', 'Tavern:I-restaurant_name', 'for:O', '4:B-party_size_number', 'people:O', 'in:O', '10:24:B-timeRange', '<=>', 'BookRestaurant']
['I:O', 'need:O', 'a:O', 'reservation:O', 'for:O', '02:53:B-timeRange', 'at:O', 'Hotel:B-restaurant_name', 'Arctic:I-restaurant_name', 'in:O', 'State:B-city', 'Road:I-city', '<=>', 'BookRestaurant']
['book:O', 'a:O', 'brasserie:B-restaurant_type', 'with:O', 'a:O', 'pool:B-facility', 'within:B-spatial_relation', 'the:I-spatial_relation', 'same:I-spatial_relation', 'area:I-spatial_relation', 'as:O', 'my:O', 'neighborhood:B-poi', 'for:O', '5:B-party_size_number', 'people:O', 'at:O', '19:26:B-timeRange', '<=>', 'BookRestaurant']
['Book:O', 'a:O', 'highly:B-sort', 'rated:I-sort', 'northeast:B-cuisine', 'indian:I-cuisine', 'brasserie:B-restaurant_type', 'in:O', 'Kenova:B-city', 'for:O', 'nannie:B-party_size_description', 'and:I-party_size_description', 'I:I-party_size_description', 'at:O', '14:41:B-timeRange', '.:O', '<=>', 'BookRestaurant']
['Book:O', 'a:O', 'restaurant:B-restaurant_type', 'for:O', '9:B-party_size_number', 'at:O', '00:37:B-timeRange', 'PM:I-timeRange', '<=>', 'BookRestaurant']
['Book:O', 'a:O', 'brasserie:B-restaurant_type', 'restaurant:I-restaurant_type', 'at:O', '18:28:B-timeRange', 'and:O', 'order:O', 'wings:B-served_dish', '.:O', '<=>', 'BookRestaurant']
['book:O', 'a:O', 'spot:O', 'for:O', '2:B-party_size_number', 'at:O', 'a:O', 'restaurant:B-restaurant_type', 'in:O', 'Mayotte:B-country', 'at:O', '06:13:B-timeRange', 'AM:I-timeRange', '<=>', 'BookRestaurant']
["I'm:O", 'looking:O', 'to:O', 'book:O', 'a:O', 'seat:O', 'at:O', 'a:O', 'bakery:B-restaurant_type', 'that:O', 'serves:O', 'coleslaw:B-served_dish', 'at:O', '19:44:58:B-timeRange', '.:O', '<=>', 'BookRestaurant']
['I:O', 'would:O', 'like:O', 'to:O', 'book:O', 'a:O', 'tea:B-restaurant_type', 'house:I-restaurant_type', 'at:O', '08:05:B-timeRange', '<=>', 'BookRestaurant']
['I:O', 'want:O', 'to:O', 'book:O', 'the:O', 'best:B-sort', 'manadonese:B-cuisine', 'restaurant:B-restaurant_type', 'for:O', 'six:B-party_size_number', 'at:O', '21:49:B-timeRange', 'that:O', 'is:O', 'distant:B-spatial_relation', 'from:O', 'my:B-poi', "baby's:I-poi", 'work:I-poi', '<=>', 'BookRestaurant']
['I:O', 'want:O', 'to:O', 'book:O', 'a:O', 'restaurant:B-restaurant_type', 'close-by:B-spatial_relation', 'my:B-poi', "teenager's:I-poi", 'airbnb:I-poi', 'at:O', '00:55:B-timeRange', 'am:I-timeRange', '<=>', 'BookRestaurant']
['restaurant:B-restaurant_type', 'in:O', 'Elberta:B-city', 'for:O', 'alma,:B-party_size_description', 'deana:I-party_size_description', 'and:I-party_size_description', 'olga:I-party_size_description', 'at:O', '18:49:20:B-timeRange', 'that:O', 'serves:O', 'tsipouro:B-cuisine', '<=>', 'BookRestaurant']
['Book:O', 'a:O', 'restaurant:B-restaurant_type', 'in:O', 'WI:B-state', 'at:O', '13:22:34:B-timeRange', 'for:O', '9:B-party_size_number', 'people.:O', '<=>', 'BookRestaurant']
['Is:O', 'it:O', 'going:O', 'to:O', 'be:O', 'warmer:B-condition_temperature', 'in:O', 'Cinnaminson:B-city', ',:O', 'North:B-state', 'Carolina:I-state', 'at:O', '06:59:B-timeRange', 'AM:I-timeRange', '?:O', '<=>', 'GetWeather']
['Forecast:O', 'for:O', '02:22:B-timeRange', 'pm:I-timeRange', 'Maldives:B-country', '<=>', 'GetWeather']
['Will:O', 'it:O', 'hail:B-condition_description', 'today:B-timeRange', 'in:O', 'West:B-city', 'Point:I-city', 'at:O', '11:36:48:B-timeRange', '<=>', 'GetWeather']
['Will:O', 'there:O', 'be:O', 'a:O', 'cloud:B-condition_description', 'here:B-current_location', 'at:O', '06:50:20:B-timeRange', '<=>', 'GetWeather']
['Will:O', 'it:O', 'be:O', 'chillier:B-condition_temperature', 'at:O', '06:05:48:B-timeRange', 'in:O', 'Wagener:B-city', 'Réunion:B-country', '<=>', 'GetWeather']
['How:O', 'chilly:B-condition_temperature', 'will:O', 'it:O', 'be:O', 'at:O', '09:32:06:B-timeRange', 'am:I-timeRange', 'in:O', 'Moncove:B-geographic_poi', 'Lake:I-geographic_poi', 'State:I-geographic_poi', 'Park:I-geographic_poi', '?:O', '<=>', 'GetWeather']
["What's:O", 'the:O', 'weather:O', 'going:O', 'to:O', 'be:O', 'in:O', 'Parkers:B-city', 'Prairie:I-city', ',:O', 'VA:B-state', 'at:O', '07:08:02:B-timeRange', 'am:I-timeRange', '?:O', '<=>', 'GetWeather']
['What:O', 'is:O', 'the:O', 'weather:O', 'forecast:O', 'in:O', 'Canfield:B-city', 'at:O', '22:23:22:B-timeRange', '<=>', 'GetWeather']
["What's:O", 'the:O', 'weather:O', 'in:O', 'Castle:B-city', 'at:O', '17:43:B-timeRange', '<=>', 'GetWeather']
['What:O', 'will:O', 'the:O', 'weather:O', 'be:O', 'here:B-current_location', 'at:O', '07:08:00:B-timeRange', 'am:I-timeRange', '<=>', 'GetWeather']
["What's:O", 'the:O', 'weather:O', 'looking:O', 'like:O', 'in:O', 'Reklaw:B-city', 'at:O', '03:19:13:B-timeRange', 'PM:I-timeRange', '<=>', 'GetWeather']
["What's:O", 'the:O', 'weather:O', 'forecast:O', 'for:O', 'Lenexa:B-city', 'United:B-country', 'Kingdom:I-country', 'at:O', '02:31:B-timeRange', '<=>', 'GetWeather']
['What:O', 'will:O', 'the:O', 'weather:O', 'be:O', 'in:O', 'Albania:B-country', 'at:O', '11:56:B-timeRange', '.:O', '<=>', 'GetWeather']
['what:O', 'will:O', 'the:O', 'weather:O', 'be:O', 'in:O', 'Mascoutah:B-city', ',:O', 'Tanzania:B-country', 'at:O', '09:04:38:B-timeRange', 'am:I-timeRange', '<=>', 'GetWeather']
['Will:O', 'it:O', 'be:O', 'freezing:B-condition_temperature', 'here:B-current_location', 'at:O', '06:31:22:B-timeRange', 'am:I-timeRange', '<=>', 'GetWeather']
["What's:O", 'the:O', 'weather:O', 'going:O', 'to:O', 'be:O', 'like:O', 'at:O', '10:21:20:B-timeRange', 'close:B-spatial_relation', 'by:I-spatial_relation', 'ID:B-state', '<=>', 'GetWeather']
['How:O', 'much:O', 'sun:B-condition_description', 'will:O', 'there:O', 'be:O', 'at:O', '07:03:43:B-timeRange', 'PM.:I-timeRange', 'in:O', 'Jones:B-city', 'Chapel:I-city', '?:O', '<=>', 'GetWeather']
['What:O', 'will:O', 'the:O', 'the:O', 'weather:O', 'be:O', 'like:O', 'close:B-spatial_relation', 'to:O', "Bailey's:B-city", 'Crossroads:I-city', 'at:O', '05:00:34:B-timeRange', 'am:I-timeRange', '?:O', '<=>', 'GetWeather']
['what:O', 'is:O', 'the:O', 'weather:O', 'starting:O', 'at:O', '11:47:52:B-timeRange', 'for:O', 'South:B-country', 'Africa:I-country', '<=>', 'GetWeather']
['How:O', 'will:O', 'the:O', 'weather:O', 'be:O', 'in:O', 'New:B-state', 'Mexico:I-state', 'around:O', '00:09:07:B-timeRange', 'am:I-timeRange', '?:O', '<=>', 'GetWeather']
['What:O', 'will:O', 'the:O', 'weather:O', 'be:O', 'like:O', 'in:O', 'India:B-country', 'at:O', '02:55:25:B-timeRange', 'AM:I-timeRange', '<=>', 'GetWeather']
['I:O', 'need:O', 'to:O', 'know:O', 'is:O', 'it:O', 'freezing:B-condition_temperature', 'in:O', 'MN:B-state', 'at:O', '01:27:B-timeRange', 'pm:I-timeRange', '<=>', 'GetWeather']
['Give:O', 'me:O', 'the:O', 'weather:O', 'forecast:O', 'in:O', 'Pleasant:B-city', 'Dale:I-city', ',:O', 'Alaska:B-state', 'starting:O', 'in:O', '19:52:B-timeRange', '<=>', 'GetWeather']
['what:O', 'is:O', 'the:O', 'Bahamas:B-country', 'forecast:O', 'for:O', 'stormy:B-condition_description', 'weather:O', 'at:O', '07:43:21:B-timeRange', '<=>', 'GetWeather']
['How:O', 'is:O', 'faraway:B-spatial_relation', 'cloudy:B-condition_description', 'at:O', '02:45:B-timeRange', 'am:I-timeRange', 'in:O', 'Brumley:B-city', '?:O', '<=>', 'GetWeather']
['Can:O', 'you:O', 'give:O', 'me:O', 'the:O', 'forecast:O', 'for:O', '10:15:B-timeRange', 'in:O', 'Paraguay:B-country', '<=>', 'GetWeather']
['Tell:O', 'me:O', 'what:O', 'the:O', 'weather:O', 'will:O', 'look:O', 'like:O', 'here:B-current_location', 'at:O', '01:50:B-timeRange', '<=>', 'GetWeather']
['what:O', 'is:O', 'the:O', 'blizzard:B-condition_description', 'forecast:O', 'for:O', '12:06:B-timeRange', 'in:O', 'MS:B-state', '<=>', 'GetWeather']
["What's:O", 'the:O', 'weather:O', 'close:B-spatial_relation', 'to:O', 'Cambodia:B-country', 'at:O', '05:44:13:B-timeRange', '<=>', 'GetWeather']
["what's:O", 'the:O', 'forecast:O', 'for:O', 'Sai:B-geographic_poi', 'Thong:I-geographic_poi', 'National:I-geographic_poi', 'Park:I-geographic_poi', 'at:O', '02:59:B-timeRange', 'pm:I-timeRange', '<=>', 'GetWeather']
['How:O', 'is:O', 'colder:B-condition_temperature', 'in:O', 'City:B-geographic_poi', 'of:I-geographic_poi', 'Rocks:I-geographic_poi', 'State:I-geographic_poi', 'Park:I-geographic_poi', 'around:O', '03:43:B-timeRange', 'pm:I-timeRange', '<=>', 'GetWeather']
['Will:O', 'it:O', 'rain:B-condition_description', 'here:B-current_location', 'at:O', '13:22:09:B-timeRange', '?:O', '<=>', 'GetWeather']
['what:O', 'is:O', 'the:O', '00:00:B-timeRange', 'pm:I-timeRange', 'forecast:O', 'for:O', 'blizzard:B-condition_description', 'conditions:O', 'in:O', 'Cameroon:B-country', '<=>', 'GetWeather']
['What:O', 'will:O', 'the:O', 'weather:O', 'by:O', 'close:B-spatial_relation', 'by:O', 'the:O', 'current:B-current_location', 'position:I-current_location', 'at:O', '02:02:30:B-timeRange', '?:O', '<=>', 'GetWeather']
['what:O', 'is:O', 'the:O', 'nearby:B-spatial_relation', 'forecast:O', 'for:O', 'here:B-current_location', 'at:O', '15:26:11:B-timeRange', '<=>', 'GetWeather']
['Is:O', 'it:O', 'going:O', 'to:O', 'be:O', 'stormy:B-condition_description', 'in:O', 'Austin:B-geographic_poi', 'Creek:I-geographic_poi', 'State:I-geographic_poi', 'Recreation:I-geographic_poi', 'Area:I-geographic_poi', 'at:O', '09:42:B-timeRange', '?:O', '<=>', 'GetWeather']
['What:O', 'will:O', 'the:O', 'weather:O', 'be:O', 'in:O', 'Federated:B-state', 'States:I-state', 'Of:I-state', 'Micronesia:I-state', 'at:O', '00:17:B-timeRange', 'am:I-timeRange', '<=>', 'GetWeather']
['Is:O', 'it:O', 'cloudy:B-condition_description', 'in:O', 'Vermont:B-state', 'on:O', '06:30:26:B-timeRange', 'pm:I-timeRange', '<=>', 'GetWeather']
['Go:O', 'to:O', 'The:B-object_name', 'Devil:I-object_name', 'in:I-object_name', 'the:I-object_name', 'Deal:50:I-object_name', 'Secrets:I-object_name', 'to:I-object_name', 'Successful:I-object_name', 'Dealmaking:I-object_name', '<=>', 'SearchCreativeWork']
['What:O', 'cinema:B-object_location_type', 'is:O', 'showing:O', 'Ice:B-movie_name', 'Station:I-movie_name', 'Zebra:I-movie_name', 'at:O', '07:25:B-timeRange', 'P.M.:I-timeRange', '?:O', '<=>', 'SearchScreeningEvent']
['Show:O', 'me:O', 'movie:B-object_type', 'times:I-object_type', 'at:O', 'MJR:B-location_name', 'Theatres:I-location_name', 'at:O', '02:39:23:B-timeRange', 'pm:I-timeRange', '<=>', 'SearchScreeningEvent']
['Does:O', 'The:B-movie_name', 'Yacoubian:I-movie_name', 'Building:I-movie_name', 'start:O', 'at:O', '08:39:B-timeRange', 'pm:I-timeRange', '<=>', 'SearchScreeningEvent']
['Advise:O', 'me:O', 'on:O', 'the:O', 'movie:B-object_type', 'schedule:I-object_type', 'of:O', 'films:B-movie_type', 'that:O', 'will:O', 'be:O', 'playing:O', 'at:O', '07:31:32:B-timeRange', 'pm:I-timeRange', 'at:O', 'a:O', 'place:O', 'close:B-spatial_relation', 'by:I-spatial_relation', '.:O', '<=>', 'SearchScreeningEvent']
['Find:O', 'the:O', 'movie:B-object_type', 'schedule:I-object_type', 'for:O', '20:45:24:B-timeRange', '.:O', '<=>', 'SearchScreeningEvent']
['Is:O', 'Arthur:B-movie_name', '2:I-movie_name', '–:I-movie_name', 'On:I-movie_name', 'the:I-movie_name', 'Rocks:I-movie_name', 'playing:O', 'at:O', '20:44:B-timeRange', '?:O', '<=>', 'SearchScreeningEvent']
['Is:O', 'The:B-movie_name', 'Matinee:I-movie_name', 'Idol:I-movie_name', '06:30:B-timeRange', 'cinema:B-object_location_type', 'sold:O', 'out?:O', '<=>', 'SearchScreeningEvent']
["I'd:O", 'like:O', 'to:O', 'watch:O', 'Demolition:B-movie_name', 'Man:I-movie_name', 'at:O', '11:09:B-timeRange', 'PM:I-timeRange', '<=>', 'SearchScreeningEvent']
['Find:O', 'the:O', 'movie:B-object_type', 'schedule:I-object_type', 'for:O', '12:53:B-timeRange', 'AM:I-timeRange', '<=>', 'SearchScreeningEvent']
["I'd:O", 'like:O', 'to:O', 'watch:O', 'Bound:B-movie_name', 'for:I-movie_name', 'Glory:I-movie_name', 'at:O', 'the:O', 'closest:B-spatial_relation', 'movie:B-object_location_type', 'theatre:I-object_location_type', 'at:O', '21:41:08:B-timeRange', '<=>', 'SearchScreeningEvent']
['Can:O', 'I:O', 'get:O', 'the:O', 'movie:B-object_type', 'schedules:I-object_type', 'for:O', 'Southern:B-location_name', 'Theatres:I-location_name', 'at:O', 'around:O', '15:02:B-timeRange', '<=>', 'SearchScreeningEvent']
["I'd:O", 'like:O', 'to:O', 'watch:O', 'Abbott:B-movie_name', 'and:I-movie_name', 'Costello:I-movie_name', 'Meet:I-movie_name', 'the:I-movie_name', 'Keystone:I-movie_name', 'Kops:I-movie_name', 'at:O', 'Amco:B-location_name', 'Entertainment:I-location_name', 'at:O', '04:08:11:B-timeRange', 'AM:I-timeRange', '<=>', 'SearchScreeningEvent']
['Tell:O', 'me:O', 'what:O', 'animated:B-movie_type', 'movies:I-movie_type', 'are:O', 'being:O', 'played:O', 'at:O', 'the:O', 'closest:B-spatial_relation', 'movie:B-object_location_type', 'house:I-object_location_type', 'at:O', '01:19:00:B-timeRange', 'AM:I-timeRange', '<=>', 'SearchScreeningEvent']
["I'd:O", 'like:O', 'to:O', 'watch:O', 'Glass:B-movie_name', 'Chin:I-movie_name', 'at:O', 'the:O', 'movie:B-object_location_type', 'house:I-object_location_type', 'at:O', '17:32:30:B-timeRange', '<=>', 'SearchScreeningEvent']
['Show:O', 'me:O', 'the:O', 'animated:B-movie_type', 'movies:I-movie_type', 'starting:O', 'at:O', '10:56:18:B-timeRange', 'a.m.:I-timeRange', 'at:O', 'the:O', 'nearest:B-spatial_relation', 'movie:B-object_location_type', 'house:I-object_location_type', '<=>', 'SearchScreeningEvent']
['Find:O', 'movie:B-object_type', 'times:I-object_type', 'for:O', 'Alamo:B-location_name', 'Drafthouse:I-location_name', 'Cinema:I-location_name', 'at:O', '10:37:B-timeRange', 'P.M.:I-timeRange', '.:O', '<=>', 'SearchScreeningEvent']
['Is:O', 'the:O', 'film:B-movie_type', 'Goodrich:B-location_name', 'Quality:I-location_name', 'Theaters:I-location_name', 'playing:O', 'at:O', '12:26:B-timeRange', 'AM:I-timeRange', '?:O', '<=>', 'SearchScreeningEvent']
["I'd:O", 'like:O', 'to:O', 'watch:O', 'The:B-movie_name', 'Freckled:I-movie_name', 'Fish:I-movie_name', 'at:O', '00:47:43:B-timeRange', 'at:O', 'Magic:B-location_name', 'Johnson:I-location_name', 'Theatres:I-location_name', '<=>', 'SearchScreeningEvent']
['is:O', 'The:B-movie_name', 'Slut:I-movie_name', 'playing:O', 'at:O', '07:27:B-timeRange', 'A.M.:I-timeRange', 'at:O', 'Harkins:B-location_name', 'Theatres:I-location_name', '<=>', 'SearchScreeningEvent']
['what:O', 'theaters:B-location_name', 'are:O', 'showing:O', 'A:B-movie_name', 'Lonely:I-movie_name', 'Place:I-movie_name', 'to:I-movie_name', 'Die:I-movie_name', '–:I-movie_name', 'Todesfalle:I-movie_name', 'Highlands:I-movie_name', 'starting:O', 'at:O', '14:40:B-timeRange', '<=>', 'SearchScreeningEvent']
['Is:O', 'it:O', 'going:O', 'to:O', 'be:O', 'colder:B-condition_temperature', 'in:O', 'Botswana:B-country', 'by:O', '09:30:B-timeRange', '<=>', 'GetWeather']
['I:O', 'want:O', 'to:O', 'book:O', 'a:O', 'restaurant:O', 'in:O', 'Neshanic:B-city', 'Station:I-city', 'Nigeria:B-country', 'for:O', '06:18:13:B-timeRange', 'pm:I-timeRange', '<=>', 'GetWeather']
['what:O', 'is:O', 'the:O', 'forecast:O', 'for:O', '15:04:B-timeRange', 'in:O', 'Georgia:B-state', 'for:O', 'overcast:B-condition_description', 'conditions:O', 'in:O', 'Valley:B-city', 'View:I-city', '<=>', 'GetWeather']
['Where:O', 'can:O', 'I:O', 'see:O', 'The:B-movie_name', 'Somme:I-movie_name', 'starting:O', 'at:O', '16:01:04:B-timeRange', '?:O', '<=>', 'SearchScreeningEvent']
['What:O', 'movie:B-object_location_type', 'house:I-object_location_type', 'is:O', 'showing:O', 'Flower:B-movie_name', 'and:I-movie_name', 'Snake:I-movie_name', 'at:O', '08:56:29:B-timeRange', '?:O', '<=>', 'SearchScreeningEvent']
['Find:O', 'the:O', 'movie:B-object_type', 'schedules:I-object_type', 'for:O', 'animated:B-movie_type', 'movies:I-movie_type', 'nearby:B-spatial_relation', 'at:O', '09:44:B-timeRange', 'am:I-timeRange', '.:O', '<=>', 'SearchScreeningEvent']
['book:O', 'a:O', 'party:O', 'of:O', 'five:B-party_size_number', 'at:O', 'Seagoville:B-city', 'for:O', '06:42:B-timeRange', '<=>', 'BookRestaurant']
['Will:O', 'it:O', 'be:O', 'hot:B-condition_temperature', 'at:O', '13:19:B-timeRange', 'in:O', 'De:B-city', 'Funiak:I-city', 'Springs:I-city', 'Serbia:B-country', 'and:I-country', 'Montenegro:I-country', '?:O', '<=>', 'GetWeather']
['What:O', 'will:O', 'the:O', 'humidity:B-condition_description', 'be:O', 'in:O', 'the:O', 'current:B-current_location', 'spot:I-current_location', 'at:O', '15:19:29:B-timeRange', '?:O', '<=>', 'GetWeather']
Number of training samples:  13784
Number of test samples:  700
Number of words:  11803
Number of intent labels:  7
Number of slot labels 72
Slot(
  (enc): slot_enc(
    (embedding): Embedding(11803, 300)
    (lstm): LSTM(300, 200, num_layers=2, batch_first=True, bidirectional=True)
  )
  (dec): slot_dec(
    (lstm): LSTM(1000, 200)
    (fc): Linear(in_features=200, out_features=72, bias=True)
  )
)
Intent(
  (enc): intent_enc(
    (embedding): Embedding(11803, 300)
    (lstm): LSTM(300, 200, num_layers=2, batch_first=True, dropout=0.2, bidirectional=True)
  )
  (dec): intent_dec(
    (lstm): LSTM(800, 200, batch_first=True)
    (fc): Linear(in_features=200, out_features=7, bias=True)
  )
)
Slot loss: 388.8435 	 Intent loss: 14.0390
Slot loss: 165.5620 	 Intent loss: 4.1492
Slot loss: 111.1678 	 Intent loss: 3.9373
Slot loss: 83.0015 	 Intent loss: 2.6621
Slot loss: 66.1844 	 Intent loss: 2.7139
Slot loss: 61.1003 	 Intent loss: 2.6158
Slot loss: 49.1652 	 Intent loss: 2.3469
Slot loss: 43.5872 	 Intent loss: 1.9929
********************
Epoch: [1/20], Intent Val Acc: 97.2857 	 Slot F1 score: 79.5038
********************
Best Intent Acc: 97.2857 at Epoch: [1]
Best F1 score: 79.5038 at Epoch: [1]
Slot loss: 36.5851 	 Intent loss: 1.5106
Slot loss: 34.8363 	 Intent loss: 1.2271
Slot loss: 32.7051 	 Intent loss: 1.5022
Slot loss: 34.1828 	 Intent loss: 1.1871
Slot loss: 27.4601 	 Intent loss: 1.4018
Slot loss: 31.6863 	 Intent loss: 1.6227
Slot loss: 29.9813 	 Intent loss: 1.3326
Slot loss: 28.9511 	 Intent loss: 1.7689
********************
Epoch: [2/20], Intent Val Acc: 97.0000 	 Slot F1 score: 82.0724
********************
Best Intent Acc: 97.2857 at Epoch: [1]
Best F1 score: 82.0724 at Epoch: [2]
Slot loss: 23.5538 	 Intent loss: 0.9108
Slot loss: 24.0135 	 Intent loss: 0.9561
Slot loss: 22.7256 	 Intent loss: 1.3462
Slot loss: 21.5835 	 Intent loss: 0.8069
Slot loss: 21.5728 	 Intent loss: 0.9025
Slot loss: 22.9854 	 Intent loss: 1.0663
Slot loss: 22.5930 	 Intent loss: 1.1589
Slot loss: 23.4092 	 Intent loss: 0.9028
********************
Epoch: [3/20], Intent Val Acc: 97.2857 	 Slot F1 score: 82.2691
********************
Best Intent Acc: 97.2857 at Epoch: [1]
Best F1 score: 82.2691 at Epoch: [3]
Slot loss: 19.5254 	 Intent loss: 0.6927
Slot loss: 15.9050 	 Intent loss: 0.5690
Slot loss: 18.3611 	 Intent loss: 0.6389
Slot loss: 20.6767 	 Intent loss: 0.7998
Slot loss: 19.4188 	 Intent loss: 0.7870
Slot loss: 17.9718 	 Intent loss: 0.7713
Slot loss: 17.9858 	 Intent loss: 0.9826
Slot loss: 17.7252 	 Intent loss: 0.5480
********************
Epoch: [4/20], Intent Val Acc: 97.2857 	 Slot F1 score: 84.2105
********************
Best Intent Acc: 97.2857 at Epoch: [1]
Best F1 score: 84.2105 at Epoch: [4]
Slot loss: 14.6224 	 Intent loss: 0.5946
Slot loss: 15.0244 	 Intent loss: 0.7208
Slot loss: 17.3042 	 Intent loss: 0.6149
Slot loss: 16.7033 	 Intent loss: 0.8812
Slot loss: 14.2534 	 Intent loss: 0.6523
Slot loss: 15.9800 	 Intent loss: 0.6119
Slot loss: 15.1913 	 Intent loss: 0.6147
Slot loss: 16.9537 	 Intent loss: 0.7773
********************
Epoch: [5/20], Intent Val Acc: 97.1429 	 Slot F1 score: 84.8635
********************
Best Intent Acc: 97.2857 at Epoch: [1]
Best F1 score: 84.8635 at Epoch: [5]
Slot loss: 13.8611 	 Intent loss: 0.6535
Slot loss: 14.0325 	 Intent loss: 0.6632
Slot loss: 16.2731 	 Intent loss: 0.8089
Slot loss: 12.4211 	 Intent loss: 0.4781
Slot loss: 12.6314 	 Intent loss: 0.4612
Slot loss: 13.2387 	 Intent loss: 0.5111
Slot loss: 14.5881 	 Intent loss: 0.7695
Slot loss: 15.3319 	 Intent loss: 0.7590
********************
Epoch: [6/20], Intent Val Acc: 97.0000 	 Slot F1 score: 83.5117
********************
Best Intent Acc: 97.2857 at Epoch: [1]
Best F1 score: 84.8635 at Epoch: [5]
Slot loss: 11.3933 	 Intent loss: 0.5115
Slot loss: 11.8323 	 Intent loss: 0.4044
Slot loss: 11.8937 	 Intent loss: 0.4290
Slot loss: 12.9754 	 Intent loss: 0.4983
Slot loss: 12.8567 	 Intent loss: 0.5380
Slot loss: 11.9719 	 Intent loss: 0.5213
Slot loss: 13.1779 	 Intent loss: 0.7270
Slot loss: 13.3817 	 Intent loss: 0.5615
********************
Epoch: [7/20], Intent Val Acc: 97.0000 	 Slot F1 score: 84.6343
********************
Best Intent Acc: 97.2857 at Epoch: [1]
Best F1 score: 84.8635 at Epoch: [5]
Slot loss: 10.6420 	 Intent loss: 0.3428
Slot loss: 11.3200 	 Intent loss: 0.5352
Slot loss: 10.9955 	 Intent loss: 0.4647
Slot loss: 9.7886 	 Intent loss: 0.3097
Slot loss: 10.8114 	 Intent loss: 0.4487
Slot loss: 12.0490 	 Intent loss: 0.7603
Slot loss: 13.2498 	 Intent loss: 0.5004
Slot loss: 13.0886 	 Intent loss: 0.4329
********************
Epoch: [8/20], Intent Val Acc: 96.8571 	 Slot F1 score: 84.2163
********************
Best Intent Acc: 97.2857 at Epoch: [1]
Best F1 score: 84.8635 at Epoch: [5]
Slot loss: 8.9967 	 Intent loss: 0.3477
Slot loss: 11.8545 	 Intent loss: 0.4786
Slot loss: 11.4826 	 Intent loss: 0.3587
Slot loss: 10.9933 	 Intent loss: 0.3966
Slot loss: 9.5531 	 Intent loss: 0.4578
Slot loss: 11.5938 	 Intent loss: 0.4187
Slot loss: 9.7576 	 Intent loss: 0.4502
Slot loss: 10.2468 	 Intent loss: 0.4698
********************
Epoch: [9/20], Intent Val Acc: 97.1429 	 Slot F1 score: 84.8084
********************
Best Intent Acc: 97.2857 at Epoch: [1]
Best F1 score: 84.8635 at Epoch: [5]
Slot loss: 9.8876 	 Intent loss: 0.3028
Slot loss: 10.8043 	 Intent loss: 0.3658
Slot loss: 9.9619 	 Intent loss: 0.3589
Slot loss: 10.7273 	 Intent loss: 0.4038
Slot loss: 9.9540 	 Intent loss: 0.3082
Slot loss: 10.3369 	 Intent loss: 0.5308
Slot loss: 9.4941 	 Intent loss: 0.5675
Slot loss: 10.3214 	 Intent loss: 0.4494
********************
Epoch: [10/20], Intent Val Acc: 97.0000 	 Slot F1 score: 83.4108
********************
Best Intent Acc: 97.2857 at Epoch: [1]
Best F1 score: 84.8635 at Epoch: [5]
Slot loss: 8.5267 	 Intent loss: 0.5272
Slot loss: 9.4738 	 Intent loss: 0.3360
Slot loss: 9.3370 	 Intent loss: 0.3423
Slot loss: 10.1104 	 Intent loss: 0.5115
Slot loss: 10.3802 	 Intent loss: 0.3926
Slot loss: 8.8826 	 Intent loss: 0.4957
Slot loss: 9.0857 	 Intent loss: 0.4977
Slot loss: 9.7823 	 Intent loss: 0.2733
********************
Epoch: [11/20], Intent Val Acc: 97.0000 	 Slot F1 score: 84.2481
********************
Best Intent Acc: 97.2857 at Epoch: [1]
Best F1 score: 84.8635 at Epoch: [5]
Slot loss: 8.6380 	 Intent loss: 0.2932
Slot loss: 8.1007 	 Intent loss: 0.3906
Slot loss: 8.8659 	 Intent loss: 0.4517
Slot loss: 8.9587 	 Intent loss: 0.2796
Slot loss: 9.3234 	 Intent loss: 0.3476
Slot loss: 9.0277 	 Intent loss: 0.3081
Slot loss: 9.1420 	 Intent loss: 0.3496
Slot loss: 9.0090 	 Intent loss: 0.3440
********************
Epoch: [12/20], Intent Val Acc: 97.4286 	 Slot F1 score: 83.9099
********************
Best Intent Acc: 97.4286 at Epoch: [12]
Best F1 score: 84.8635 at Epoch: [5]
Slot loss: 7.5228 	 Intent loss: 0.2963
Slot loss: 7.5078 	 Intent loss: 0.2339
Slot loss: 7.7306 	 Intent loss: 0.3448
Slot loss: 6.9804 	 Intent loss: 0.2297
Slot loss: 8.0483 	 Intent loss: 0.2193
Slot loss: 9.6615 	 Intent loss: 0.4518
Slot loss: 9.1127 	 Intent loss: 0.3876
Slot loss: 8.7651 	 Intent loss: 0.3239
********************
Epoch: [13/20], Intent Val Acc: 97.2857 	 Slot F1 score: 84.8818
********************
Best Intent Acc: 97.4286 at Epoch: [12]
Best F1 score: 84.8818 at Epoch: [13]
Slot loss: 7.7110 	 Intent loss: 0.4787
Slot loss: 7.5763 	 Intent loss: 0.3345
Slot loss: 6.9492 	 Intent loss: 0.3762
Slot loss: 7.5104 	 Intent loss: 0.2058
Slot loss: 7.8603 	 Intent loss: 0.2281
Slot loss: 7.2016 	 Intent loss: 0.2347
Slot loss: 7.8219 	 Intent loss: 0.3656
Slot loss: 8.8785 	 Intent loss: 0.4408
********************
Epoch: [14/20], Intent Val Acc: 97.1429 	 Slot F1 score: 85.0234
********************
Best Intent Acc: 97.4286 at Epoch: [12]
Best F1 score: 85.0234 at Epoch: [14]
Slot loss: 7.1181 	 Intent loss: 0.2018
Slot loss: 6.3476 	 Intent loss: 0.3890
Slot loss: 8.1352 	 Intent loss: 0.4069
Slot loss: 7.4259 	 Intent loss: 0.2338
Slot loss: 6.7955 	 Intent loss: 0.3151
Slot loss: 7.4641 	 Intent loss: 0.2516
Slot loss: 8.7332 	 Intent loss: 0.2633
Slot loss: 7.1160 	 Intent loss: 0.2944
********************
Epoch: [15/20], Intent Val Acc: 97.8571 	 Slot F1 score: 84.2453
********************
Best Intent Acc: 97.8571 at Epoch: [15]
Best F1 score: 85.0234 at Epoch: [14]
Slot loss: 6.3123 	 Intent loss: 0.2354
Slot loss: 6.7599 	 Intent loss: 0.3218
Slot loss: 6.6088 	 Intent loss: 0.2851
Slot loss: 6.6789 	 Intent loss: 0.3524
Slot loss: 7.4088 	 Intent loss: 0.2861
Slot loss: 8.5308 	 Intent loss: 0.3680
Slot loss: 6.8848 	 Intent loss: 0.2630
Slot loss: 6.9422 	 Intent loss: 0.4129
********************
Epoch: [16/20], Intent Val Acc: 97.2857 	 Slot F1 score: 84.6091
********************
Best Intent Acc: 97.8571 at Epoch: [15]
Best F1 score: 85.0234 at Epoch: [14]
Slot loss: 5.4294 	 Intent loss: 0.2073
Slot loss: 6.4126 	 Intent loss: 0.2497
Slot loss: 5.9347 	 Intent loss: 0.3801
Slot loss: 6.6971 	 Intent loss: 0.2104
Slot loss: 7.2945 	 Intent loss: 0.2863
Slot loss: 7.0608 	 Intent loss: 0.3949
Slot loss: 6.2019 	 Intent loss: 0.3852
Slot loss: 7.1226 	 Intent loss: 0.3984
********************
Epoch: [17/20], Intent Val Acc: 97.1429 	 Slot F1 score: 84.3493
********************
Best Intent Acc: 97.8571 at Epoch: [15]
Best F1 score: 85.0234 at Epoch: [14]
Slot loss: 5.1132 	 Intent loss: 0.1981
Slot loss: 5.5574 	 Intent loss: 0.2615
Slot loss: 6.0768 	 Intent loss: 0.2230
Slot loss: 6.6284 	 Intent loss: 0.3045
Slot loss: 6.8401 	 Intent loss: 0.3780
Slot loss: 6.8040 	 Intent loss: 0.2735
Slot loss: 6.8792 	 Intent loss: 0.4676
Slot loss: 6.5995 	 Intent loss: 0.3135
********************
Epoch: [18/20], Intent Val Acc: 96.8571 	 Slot F1 score: 85.4630
********************
Best Intent Acc: 97.8571 at Epoch: [15]
Best F1 score: 85.4630 at Epoch: [18]
Slot loss: 5.7065 	 Intent loss: 0.2996
Slot loss: 6.4281 	 Intent loss: 0.1513
Slot loss: 5.5682 	 Intent loss: 0.2184
Slot loss: 5.9355 	 Intent loss: 0.3551
Slot loss: 6.3026 	 Intent loss: 0.2907
Slot loss: 5.9086 	 Intent loss: 0.3605
Slot loss: 6.0330 	 Intent loss: 0.2602
Slot loss: 6.5307 	 Intent loss: 0.4046
********************
Epoch: [19/20], Intent Val Acc: 96.7143 	 Slot F1 score: 85.1355
********************
Best Intent Acc: 97.8571 at Epoch: [15]
Best F1 score: 85.4630 at Epoch: [18]
Slot loss: 4.8121 	 Intent loss: 0.2324
Slot loss: 4.9945 	 Intent loss: 0.3342
Slot loss: 4.7777 	 Intent loss: 0.1560
Slot loss: 5.6239 	 Intent loss: 0.3561
Slot loss: 5.8942 	 Intent loss: 0.2248
Slot loss: 5.6866 	 Intent loss: 0.3584
Slot loss: 7.3849 	 Intent loss: 0.4035
Slot loss: 6.7128 	 Intent loss: 0.2597
********************
Epoch: [20/20], Intent Val Acc: 97.4286 	 Slot F1 score: 85.5727
********************
Best Intent Acc: 97.8571 at Epoch: [15]
Best F1 score: 85.5727 at Epoch: [20]
