['Find:O', 'a:O', 'reservation:O', 'for:O', 'a:O', 'highly:B-sort', 'rated:I-sort', 'steakhouse:B-restaurant_type', 'in:O', 'China:B-country', 'for:O', 'a:O', 'party:O', 'of:O', 'five:B-party_size_number', 'at:O', '05:51:52:B-timeRange', '<=>', 'BookRestaurant']
['Book:O', 'a:O', 'taverna:B-restaurant_type', 'in:O', 'Wisconsin:B-state', 'for:O', '22:54:B-timeRange', '.:O', '<=>', 'BookRestaurant']
['I:O', 'need:O', 'reservations:O', 'for:O', 'a:O', 'party:O', 'of:O', '8:B-party_size_number', 'within:B-spatial_relation', 'the:I-spatial_relation', 'same:I-spatial_relation', 'area:I-spatial_relation', 'at:O', '01:48:35:B-timeRange', 'at:O', 'a:O', 'restaurant:B-restaurant_type', 'in:O', 'Armenia:B-country', 'that:O', 'serves:O', 'tuscan:B-cuisine', 'cuisine.:O', '<=>', 'BookRestaurant']
['Find:O', 'a:O', 'table:O', 'at:O', 'a:O', 'restaurant:B-restaurant_type', 'in:O', 'Bynum:B-city', 'CA:B-state', 'at:O', '09:59:B-timeRange', 'PM:I-timeRange', '<=>', 'BookRestaurant']
['Book:O', 'a:O', 'table:O', 'for:O', 'me:B-party_size_description', 'and:I-party_size_description', 'my:I-party_size_description', 'crew:I-party_size_description', 'scheduled:O', 'for:O', '10:47:15:B-timeRange', 'pm:I-timeRange', 'in:O', 'IL:B-state', '.:O', '<=>', 'BookRestaurant']
['I:O', 'want:O', 'reservations:O', 'at:O', 'a:O', 'restaurant:B-restaurant_type', 'in:O', 'Robert:B-city', 'Lee:I-city', 'for:O', '21:05:17:B-timeRange', '.:O', '<=>', 'BookRestaurant']
['I:O', 'would:O', 'like:O', 'a:O', 'cafeteria:B-restaurant_type', 'at:O', '10:41:51:B-timeRange', 'am:I-timeRange', 'for:O', 'seven:B-party_size_number', '<=>', 'BookRestaurant']
['book:O', 'a:O', 'table:O', 'at:O', '04:36:28:B-timeRange', 'at:O', 'the:O', 'northeast:B-cuisine', 'indian:I-cuisine', 'restaurant:B-restaurant_type', '<=>', 'BookRestaurant']
['Book:O', 'something:O', 'for:O', 'darlene,:B-party_size_description', 'tessa:I-party_size_description', 'and:I-party_size_description', 'maxine:I-party_size_description', 'at:O', 'a:O', 'restaurant:B-restaurant_type', 'for:O', '09:58:27:B-timeRange', '<=>', 'BookRestaurant']
['Book:O', 'reservation:O', 'at:O', 'a:O', 'restaurant:B-restaurant_type', 'in:O', 'South:B-city', 'Mills:I-city', 'MT:B-state', 'for:O', 'one:B-party_size_number', 'at:O', '07:07:B-timeRange', '<=>', 'BookRestaurant']
['book:O', 'indian:B-cuisine', 'food:O', 'at:O', 'a:O', 'highly:B-sort', 'rated:I-sort', 'pub:B-restaurant_type', 'for:O', '1:B-party_size_number', 'for:O', '02:22:B-timeRange', 'pm:I-timeRange', '<=>', 'BookRestaurant']
['I:O', 'would:O', 'like:O', 'to:O', 'book:O', 'a:O', 'restaurant:B-restaurant_type', 'in:O', 'Poncha:B-city', 'Springs:I-city', 'for:O', '8:B-party_size_number', 'at:O', '00:32:B-timeRange', 'am:I-timeRange', '<=>', 'BookRestaurant']
['book:O', 'a:O', 'restaurant:B-restaurant_type', 'in:O', 'MS:B-state', 'that:O', 'can:O', 'seat:O', 'ten:B-party_size_number', 'at:O', '01:51:47:B-timeRange', 'pm:I-timeRange', '<=>', 'BookRestaurant']
['Find:O', 'a:O', 'reservation:O', 'at:O', 'Boone:B-restaurant_name', 'Tavern:I-restaurant_name', 'for:O', '4:B-party_size_number', 'people:O', 'in:O', '10:24:B-timeRange', '<=>', 'BookRestaurant']
['I:O', 'need:O', 'a:O', 'reservation:O', 'for:O', '02:53:B-timeRange', 'at:O', 'Hotel:B-restaurant_name', 'Arctic:I-restaurant_name', 'in:O', 'State:B-city', 'Road:I-city', '<=>', 'BookRestaurant']
['book:O', 'a:O', 'brasserie:B-restaurant_type', 'with:O', 'a:O', 'pool:B-facility', 'within:B-spatial_relation', 'the:I-spatial_relation', 'same:I-spatial_relation', 'area:I-spatial_relation', 'as:O', 'my:O', 'neighborhood:B-poi', 'for:O', '5:B-party_size_number', 'people:O', 'at:O', '19:26:B-timeRange', '<=>', 'BookRestaurant']
['Book:O', 'a:O', 'highly:B-sort', 'rated:I-sort', 'northeast:B-cuisine', 'indian:I-cuisine', 'brasserie:B-restaurant_type', 'in:O', 'Kenova:B-city', 'for:O', 'nannie:B-party_size_description', 'and:I-party_size_description', 'I:I-party_size_description', 'at:O', '14:41:B-timeRange', '.:O', '<=>', 'BookRestaurant']
['Book:O', 'a:O', 'restaurant:B-restaurant_type', 'for:O', '9:B-party_size_number', 'at:O', '00:37:B-timeRange', 'PM:I-timeRange', '<=>', 'BookRestaurant']
['Book:O', 'a:O', 'brasserie:B-restaurant_type', 'restaurant:I-restaurant_type', 'at:O', '18:28:B-timeRange', 'and:O', 'order:O', 'wings:B-served_dish', '.:O', '<=>', 'BookRestaurant']
['book:O', 'a:O', 'spot:O', 'for:O', '2:B-party_size_number', 'at:O', 'a:O', 'restaurant:B-restaurant_type', 'in:O', 'Mayotte:B-country', 'at:O', '06:13:B-timeRange', 'AM:I-timeRange', '<=>', 'BookRestaurant']
["I'm:O", 'looking:O', 'to:O', 'book:O', 'a:O', 'seat:O', 'at:O', 'a:O', 'bakery:B-restaurant_type', 'that:O', 'serves:O', 'coleslaw:B-served_dish', 'at:O', '19:44:58:B-timeRange', '.:O', '<=>', 'BookRestaurant']
['I:O', 'would:O', 'like:O', 'to:O', 'book:O', 'a:O', 'tea:B-restaurant_type', 'house:I-restaurant_type', 'at:O', '08:05:B-timeRange', '<=>', 'BookRestaurant']
['I:O', 'want:O', 'to:O', 'book:O', 'the:O', 'best:B-sort', 'manadonese:B-cuisine', 'restaurant:B-restaurant_type', 'for:O', 'six:B-party_size_number', 'at:O', '21:49:B-timeRange', 'that:O', 'is:O', 'distant:B-spatial_relation', 'from:O', 'my:B-poi', "baby's:I-poi", 'work:I-poi', '<=>', 'BookRestaurant']
['I:O', 'want:O', 'to:O', 'book:O', 'a:O', 'restaurant:B-restaurant_type', 'close-by:B-spatial_relation', 'my:B-poi', "teenager's:I-poi", 'airbnb:I-poi', 'at:O', '00:55:B-timeRange', 'am:I-timeRange', '<=>', 'BookRestaurant']
['restaurant:B-restaurant_type', 'in:O', 'Elberta:B-city', 'for:O', 'alma,:B-party_size_description', 'deana:I-party_size_description', 'and:I-party_size_description', 'olga:I-party_size_description', 'at:O', '18:49:20:B-timeRange', 'that:O', 'serves:O', 'tsipouro:B-cuisine', '<=>', 'BookRestaurant']
['Book:O', 'a:O', 'restaurant:B-restaurant_type', 'in:O', 'WI:B-state', 'at:O', '13:22:34:B-timeRange', 'for:O', '9:B-party_size_number', 'people.:O', '<=>', 'BookRestaurant']
['Is:O', 'it:O', 'going:O', 'to:O', 'be:O', 'warmer:B-condition_temperature', 'in:O', 'Cinnaminson:B-city', ',:O', 'North:B-state', 'Carolina:I-state', 'at:O', '06:59:B-timeRange', 'AM:I-timeRange', '?:O', '<=>', 'GetWeather']
['Forecast:O', 'for:O', '02:22:B-timeRange', 'pm:I-timeRange', 'Maldives:B-country', '<=>', 'GetWeather']
['Will:O', 'it:O', 'hail:B-condition_description', 'today:B-timeRange', 'in:O', 'West:B-city', 'Point:I-city', 'at:O', '11:36:48:B-timeRange', '<=>', 'GetWeather']
['Will:O', 'there:O', 'be:O', 'a:O', 'cloud:B-condition_description', 'here:B-current_location', 'at:O', '06:50:20:B-timeRange', '<=>', 'GetWeather']
['Will:O', 'it:O', 'be:O', 'chillier:B-condition_temperature', 'at:O', '06:05:48:B-timeRange', 'in:O', 'Wagener:B-city', 'Réunion:B-country', '<=>', 'GetWeather']
['How:O', 'chilly:B-condition_temperature', 'will:O', 'it:O', 'be:O', 'at:O', '09:32:06:B-timeRange', 'am:I-timeRange', 'in:O', 'Moncove:B-geographic_poi', 'Lake:I-geographic_poi', 'State:I-geographic_poi', 'Park:I-geographic_poi', '?:O', '<=>', 'GetWeather']
["What's:O", 'the:O', 'weather:O', 'going:O', 'to:O', 'be:O', 'in:O', 'Parkers:B-city', 'Prairie:I-city', ',:O', 'VA:B-state', 'at:O', '07:08:02:B-timeRange', 'am:I-timeRange', '?:O', '<=>', 'GetWeather']
['What:O', 'is:O', 'the:O', 'weather:O', 'forecast:O', 'in:O', 'Canfield:B-city', 'at:O', '22:23:22:B-timeRange', '<=>', 'GetWeather']
["What's:O", 'the:O', 'weather:O', 'in:O', 'Castle:B-city', 'at:O', '17:43:B-timeRange', '<=>', 'GetWeather']
['What:O', 'will:O', 'the:O', 'weather:O', 'be:O', 'here:B-current_location', 'at:O', '07:08:00:B-timeRange', 'am:I-timeRange', '<=>', 'GetWeather']
["What's:O", 'the:O', 'weather:O', 'looking:O', 'like:O', 'in:O', 'Reklaw:B-city', 'at:O', '03:19:13:B-timeRange', 'PM:I-timeRange', '<=>', 'GetWeather']
["What's:O", 'the:O', 'weather:O', 'forecast:O', 'for:O', 'Lenexa:B-city', 'United:B-country', 'Kingdom:I-country', 'at:O', '02:31:B-timeRange', '<=>', 'GetWeather']
['What:O', 'will:O', 'the:O', 'weather:O', 'be:O', 'in:O', 'Albania:B-country', 'at:O', '11:56:B-timeRange', '.:O', '<=>', 'GetWeather']
['what:O', 'will:O', 'the:O', 'weather:O', 'be:O', 'in:O', 'Mascoutah:B-city', ',:O', 'Tanzania:B-country', 'at:O', '09:04:38:B-timeRange', 'am:I-timeRange', '<=>', 'GetWeather']
['Will:O', 'it:O', 'be:O', 'freezing:B-condition_temperature', 'here:B-current_location', 'at:O', '06:31:22:B-timeRange', 'am:I-timeRange', '<=>', 'GetWeather']
["What's:O", 'the:O', 'weather:O', 'going:O', 'to:O', 'be:O', 'like:O', 'at:O', '10:21:20:B-timeRange', 'close:B-spatial_relation', 'by:I-spatial_relation', 'ID:B-state', '<=>', 'GetWeather']
['How:O', 'much:O', 'sun:B-condition_description', 'will:O', 'there:O', 'be:O', 'at:O', '07:03:43:B-timeRange', 'PM.:I-timeRange', 'in:O', 'Jones:B-city', 'Chapel:I-city', '?:O', '<=>', 'GetWeather']
['What:O', 'will:O', 'the:O', 'the:O', 'weather:O', 'be:O', 'like:O', 'close:B-spatial_relation', 'to:O', "Bailey's:B-city", 'Crossroads:I-city', 'at:O', '05:00:34:B-timeRange', 'am:I-timeRange', '?:O', '<=>', 'GetWeather']
['what:O', 'is:O', 'the:O', 'weather:O', 'starting:O', 'at:O', '11:47:52:B-timeRange', 'for:O', 'South:B-country', 'Africa:I-country', '<=>', 'GetWeather']
['How:O', 'will:O', 'the:O', 'weather:O', 'be:O', 'in:O', 'New:B-state', 'Mexico:I-state', 'around:O', '00:09:07:B-timeRange', 'am:I-timeRange', '?:O', '<=>', 'GetWeather']
['What:O', 'will:O', 'the:O', 'weather:O', 'be:O', 'like:O', 'in:O', 'India:B-country', 'at:O', '02:55:25:B-timeRange', 'AM:I-timeRange', '<=>', 'GetWeather']
['I:O', 'need:O', 'to:O', 'know:O', 'is:O', 'it:O', 'freezing:B-condition_temperature', 'in:O', 'MN:B-state', 'at:O', '01:27:B-timeRange', 'pm:I-timeRange', '<=>', 'GetWeather']
['Give:O', 'me:O', 'the:O', 'weather:O', 'forecast:O', 'in:O', 'Pleasant:B-city', 'Dale:I-city', ',:O', 'Alaska:B-state', 'starting:O', 'in:O', '19:52:B-timeRange', '<=>', 'GetWeather']
['what:O', 'is:O', 'the:O', 'Bahamas:B-country', 'forecast:O', 'for:O', 'stormy:B-condition_description', 'weather:O', 'at:O', '07:43:21:B-timeRange', '<=>', 'GetWeather']
['How:O', 'is:O', 'faraway:B-spatial_relation', 'cloudy:B-condition_description', 'at:O', '02:45:B-timeRange', 'am:I-timeRange', 'in:O', 'Brumley:B-city', '?:O', '<=>', 'GetWeather']
['Can:O', 'you:O', 'give:O', 'me:O', 'the:O', 'forecast:O', 'for:O', '10:15:B-timeRange', 'in:O', 'Paraguay:B-country', '<=>', 'GetWeather']
['Tell:O', 'me:O', 'what:O', 'the:O', 'weather:O', 'will:O', 'look:O', 'like:O', 'here:B-current_location', 'at:O', '01:50:B-timeRange', '<=>', 'GetWeather']
['what:O', 'is:O', 'the:O', 'blizzard:B-condition_description', 'forecast:O', 'for:O', '12:06:B-timeRange', 'in:O', 'MS:B-state', '<=>', 'GetWeather']
["What's:O", 'the:O', 'weather:O', 'close:B-spatial_relation', 'to:O', 'Cambodia:B-country', 'at:O', '05:44:13:B-timeRange', '<=>', 'GetWeather']
["what's:O", 'the:O', 'forecast:O', 'for:O', 'Sai:B-geographic_poi', 'Thong:I-geographic_poi', 'National:I-geographic_poi', 'Park:I-geographic_poi', 'at:O', '02:59:B-timeRange', 'pm:I-timeRange', '<=>', 'GetWeather']
['How:O', 'is:O', 'colder:B-condition_temperature', 'in:O', 'City:B-geographic_poi', 'of:I-geographic_poi', 'Rocks:I-geographic_poi', 'State:I-geographic_poi', 'Park:I-geographic_poi', 'around:O', '03:43:B-timeRange', 'pm:I-timeRange', '<=>', 'GetWeather']
['Will:O', 'it:O', 'rain:B-condition_description', 'here:B-current_location', 'at:O', '13:22:09:B-timeRange', '?:O', '<=>', 'GetWeather']
['what:O', 'is:O', 'the:O', '00:00:B-timeRange', 'pm:I-timeRange', 'forecast:O', 'for:O', 'blizzard:B-condition_description', 'conditions:O', 'in:O', 'Cameroon:B-country', '<=>', 'GetWeather']
['What:O', 'will:O', 'the:O', 'weather:O', 'by:O', 'close:B-spatial_relation', 'by:O', 'the:O', 'current:B-current_location', 'position:I-current_location', 'at:O', '02:02:30:B-timeRange', '?:O', '<=>', 'GetWeather']
['what:O', 'is:O', 'the:O', 'nearby:B-spatial_relation', 'forecast:O', 'for:O', 'here:B-current_location', 'at:O', '15:26:11:B-timeRange', '<=>', 'GetWeather']
['Is:O', 'it:O', 'going:O', 'to:O', 'be:O', 'stormy:B-condition_description', 'in:O', 'Austin:B-geographic_poi', 'Creek:I-geographic_poi', 'State:I-geographic_poi', 'Recreation:I-geographic_poi', 'Area:I-geographic_poi', 'at:O', '09:42:B-timeRange', '?:O', '<=>', 'GetWeather']
['What:O', 'will:O', 'the:O', 'weather:O', 'be:O', 'in:O', 'Federated:B-state', 'States:I-state', 'Of:I-state', 'Micronesia:I-state', 'at:O', '00:17:B-timeRange', 'am:I-timeRange', '<=>', 'GetWeather']
['Is:O', 'it:O', 'cloudy:B-condition_description', 'in:O', 'Vermont:B-state', 'on:O', '06:30:26:B-timeRange', 'pm:I-timeRange', '<=>', 'GetWeather']
['Go:O', 'to:O', 'The:B-object_name', 'Devil:I-object_name', 'in:I-object_name', 'the:I-object_name', 'Deal:50:I-object_name', 'Secrets:I-object_name', 'to:I-object_name', 'Successful:I-object_name', 'Dealmaking:I-object_name', '<=>', 'SearchCreativeWork']
['What:O', 'cinema:B-object_location_type', 'is:O', 'showing:O', 'Ice:B-movie_name', 'Station:I-movie_name', 'Zebra:I-movie_name', 'at:O', '07:25:B-timeRange', 'P.M.:I-timeRange', '?:O', '<=>', 'SearchScreeningEvent']
['Show:O', 'me:O', 'movie:B-object_type', 'times:I-object_type', 'at:O', 'MJR:B-location_name', 'Theatres:I-location_name', 'at:O', '02:39:23:B-timeRange', 'pm:I-timeRange', '<=>', 'SearchScreeningEvent']
['Does:O', 'The:B-movie_name', 'Yacoubian:I-movie_name', 'Building:I-movie_name', 'start:O', 'at:O', '08:39:B-timeRange', 'pm:I-timeRange', '<=>', 'SearchScreeningEvent']
['Advise:O', 'me:O', 'on:O', 'the:O', 'movie:B-object_type', 'schedule:I-object_type', 'of:O', 'films:B-movie_type', 'that:O', 'will:O', 'be:O', 'playing:O', 'at:O', '07:31:32:B-timeRange', 'pm:I-timeRange', 'at:O', 'a:O', 'place:O', 'close:B-spatial_relation', 'by:I-spatial_relation', '.:O', '<=>', 'SearchScreeningEvent']
['Find:O', 'the:O', 'movie:B-object_type', 'schedule:I-object_type', 'for:O', '20:45:24:B-timeRange', '.:O', '<=>', 'SearchScreeningEvent']
['Is:O', 'Arthur:B-movie_name', '2:I-movie_name', '–:I-movie_name', 'On:I-movie_name', 'the:I-movie_name', 'Rocks:I-movie_name', 'playing:O', 'at:O', '20:44:B-timeRange', '?:O', '<=>', 'SearchScreeningEvent']
['Is:O', 'The:B-movie_name', 'Matinee:I-movie_name', 'Idol:I-movie_name', '06:30:B-timeRange', 'cinema:B-object_location_type', 'sold:O', 'out?:O', '<=>', 'SearchScreeningEvent']
["I'd:O", 'like:O', 'to:O', 'watch:O', 'Demolition:B-movie_name', 'Man:I-movie_name', 'at:O', '11:09:B-timeRange', 'PM:I-timeRange', '<=>', 'SearchScreeningEvent']
['Find:O', 'the:O', 'movie:B-object_type', 'schedule:I-object_type', 'for:O', '12:53:B-timeRange', 'AM:I-timeRange', '<=>', 'SearchScreeningEvent']
["I'd:O", 'like:O', 'to:O', 'watch:O', 'Bound:B-movie_name', 'for:I-movie_name', 'Glory:I-movie_name', 'at:O', 'the:O', 'closest:B-spatial_relation', 'movie:B-object_location_type', 'theatre:I-object_location_type', 'at:O', '21:41:08:B-timeRange', '<=>', 'SearchScreeningEvent']
['Can:O', 'I:O', 'get:O', 'the:O', 'movie:B-object_type', 'schedules:I-object_type', 'for:O', 'Southern:B-location_name', 'Theatres:I-location_name', 'at:O', 'around:O', '15:02:B-timeRange', '<=>', 'SearchScreeningEvent']
["I'd:O", 'like:O', 'to:O', 'watch:O', 'Abbott:B-movie_name', 'and:I-movie_name', 'Costello:I-movie_name', 'Meet:I-movie_name', 'the:I-movie_name', 'Keystone:I-movie_name', 'Kops:I-movie_name', 'at:O', 'Amco:B-location_name', 'Entertainment:I-location_name', 'at:O', '04:08:11:B-timeRange', 'AM:I-timeRange', '<=>', 'SearchScreeningEvent']
['Tell:O', 'me:O', 'what:O', 'animated:B-movie_type', 'movies:I-movie_type', 'are:O', 'being:O', 'played:O', 'at:O', 'the:O', 'closest:B-spatial_relation', 'movie:B-object_location_type', 'house:I-object_location_type', 'at:O', '01:19:00:B-timeRange', 'AM:I-timeRange', '<=>', 'SearchScreeningEvent']
["I'd:O", 'like:O', 'to:O', 'watch:O', 'Glass:B-movie_name', 'Chin:I-movie_name', 'at:O', 'the:O', 'movie:B-object_location_type', 'house:I-object_location_type', 'at:O', '17:32:30:B-timeRange', '<=>', 'SearchScreeningEvent']
['Show:O', 'me:O', 'the:O', 'animated:B-movie_type', 'movies:I-movie_type', 'starting:O', 'at:O', '10:56:18:B-timeRange', 'a.m.:I-timeRange', 'at:O', 'the:O', 'nearest:B-spatial_relation', 'movie:B-object_location_type', 'house:I-object_location_type', '<=>', 'SearchScreeningEvent']
['Find:O', 'movie:B-object_type', 'times:I-object_type', 'for:O', 'Alamo:B-location_name', 'Drafthouse:I-location_name', 'Cinema:I-location_name', 'at:O', '10:37:B-timeRange', 'P.M.:I-timeRange', '.:O', '<=>', 'SearchScreeningEvent']
['Is:O', 'the:O', 'film:B-movie_type', 'Goodrich:B-location_name', 'Quality:I-location_name', 'Theaters:I-location_name', 'playing:O', 'at:O', '12:26:B-timeRange', 'AM:I-timeRange', '?:O', '<=>', 'SearchScreeningEvent']
["I'd:O", 'like:O', 'to:O', 'watch:O', 'The:B-movie_name', 'Freckled:I-movie_name', 'Fish:I-movie_name', 'at:O', '00:47:43:B-timeRange', 'at:O', 'Magic:B-location_name', 'Johnson:I-location_name', 'Theatres:I-location_name', '<=>', 'SearchScreeningEvent']
['is:O', 'The:B-movie_name', 'Slut:I-movie_name', 'playing:O', 'at:O', '07:27:B-timeRange', 'A.M.:I-timeRange', 'at:O', 'Harkins:B-location_name', 'Theatres:I-location_name', '<=>', 'SearchScreeningEvent']
['what:O', 'theaters:B-location_name', 'are:O', 'showing:O', 'A:B-movie_name', 'Lonely:I-movie_name', 'Place:I-movie_name', 'to:I-movie_name', 'Die:I-movie_name', '–:I-movie_name', 'Todesfalle:I-movie_name', 'Highlands:I-movie_name', 'starting:O', 'at:O', '14:40:B-timeRange', '<=>', 'SearchScreeningEvent']
['Is:O', 'it:O', 'going:O', 'to:O', 'be:O', 'colder:B-condition_temperature', 'in:O', 'Botswana:B-country', 'by:O', '09:30:B-timeRange', '<=>', 'GetWeather']
['I:O', 'want:O', 'to:O', 'book:O', 'a:O', 'restaurant:O', 'in:O', 'Neshanic:B-city', 'Station:I-city', 'Nigeria:B-country', 'for:O', '06:18:13:B-timeRange', 'pm:I-timeRange', '<=>', 'GetWeather']
['what:O', 'is:O', 'the:O', 'forecast:O', 'for:O', '15:04:B-timeRange', 'in:O', 'Georgia:B-state', 'for:O', 'overcast:B-condition_description', 'conditions:O', 'in:O', 'Valley:B-city', 'View:I-city', '<=>', 'GetWeather']
['Where:O', 'can:O', 'I:O', 'see:O', 'The:B-movie_name', 'Somme:I-movie_name', 'starting:O', 'at:O', '16:01:04:B-timeRange', '?:O', '<=>', 'SearchScreeningEvent']
['What:O', 'movie:B-object_location_type', 'house:I-object_location_type', 'is:O', 'showing:O', 'Flower:B-movie_name', 'and:I-movie_name', 'Snake:I-movie_name', 'at:O', '08:56:29:B-timeRange', '?:O', '<=>', 'SearchScreeningEvent']
['Find:O', 'the:O', 'movie:B-object_type', 'schedules:I-object_type', 'for:O', 'animated:B-movie_type', 'movies:I-movie_type', 'nearby:B-spatial_relation', 'at:O', '09:44:B-timeRange', 'am:I-timeRange', '.:O', '<=>', 'SearchScreeningEvent']
['book:O', 'a:O', 'party:O', 'of:O', 'five:B-party_size_number', 'at:O', 'Seagoville:B-city', 'for:O', '06:42:B-timeRange', '<=>', 'BookRestaurant']
['Will:O', 'it:O', 'be:O', 'hot:B-condition_temperature', 'at:O', '13:19:B-timeRange', 'in:O', 'De:B-city', 'Funiak:I-city', 'Springs:I-city', 'Serbia:B-country', 'and:I-country', 'Montenegro:I-country', '?:O', '<=>', 'GetWeather']
['What:O', 'will:O', 'the:O', 'humidity:B-condition_description', 'be:O', 'in:O', 'the:O', 'current:B-current_location', 'spot:I-current_location', 'at:O', '15:19:29:B-timeRange', '?:O', '<=>', 'GetWeather']
Number of training samples:  13784
Number of test samples:  700
Number of words:  11803
Number of intent labels:  7
Number of slot labels 72
Slot(
  (enc): slot_enc(
    (embedding): Embedding(11803, 300)
    (lstm): LSTM(300, 200, num_layers=2, batch_first=True, bidirectional=True)
  )
  (dec): slot_dec(
    (lstm): LSTM(1000, 200)
    (fc): Linear(in_features=200, out_features=72, bias=True)
  )
)
Intent(
  (enc): intent_enc(
    (embedding): Embedding(11803, 300)
    (lstm): LSTM(300, 200, num_layers=2, batch_first=True, dropout=0.2, bidirectional=True)
  )
  (dec): intent_dec(
    (lstm): LSTM(800, 200, batch_first=True)
    (fc): Linear(in_features=200, out_features=7, bias=True)
  )
)
Slot loss: 390.6764 	 Intent loss: 15.0896
Slot loss: 167.3488 	 Intent loss: 4.7367
Slot loss: 111.4381 	 Intent loss: 3.5590
Slot loss: 85.3160 	 Intent loss: 3.0137
Slot loss: 71.0121 	 Intent loss: 2.6674
Slot loss: 55.9939 	 Intent loss: 2.1018
Slot loss: 51.3205 	 Intent loss: 2.2377
Slot loss: 50.1450 	 Intent loss: 2.5450
********************
Epoch: [1/150], Intent Val Acc: 95.4286 	 Slot F1 score: 77.0761
********************
Best Intent Acc: 95.4286 at Epoch: [1]
Best F1 score: 77.0761 at Epoch: [1]
Slot loss: 35.0709 	 Intent loss: 1.4251
Slot loss: 34.5354 	 Intent loss: 1.3354
Slot loss: 33.8236 	 Intent loss: 1.2216
Slot loss: 35.5144 	 Intent loss: 1.7009
Slot loss: 31.7714 	 Intent loss: 1.6376
Slot loss: 29.5367 	 Intent loss: 1.3940
Slot loss: 31.0967 	 Intent loss: 1.3460
Slot loss: 29.7836 	 Intent loss: 1.0587
********************
Epoch: [2/150], Intent Val Acc: 96.4286 	 Slot F1 score: 82.1536
********************
Best Intent Acc: 96.4286 at Epoch: [2]
Best F1 score: 82.1536 at Epoch: [2]
Slot loss: 22.5542 	 Intent loss: 1.0355
Slot loss: 22.9031 	 Intent loss: 0.9194
Slot loss: 21.7369 	 Intent loss: 0.9077
Slot loss: 22.5503 	 Intent loss: 0.9854
Slot loss: 21.9227 	 Intent loss: 0.8454
Slot loss: 23.5678 	 Intent loss: 1.3358
Slot loss: 22.1505 	 Intent loss: 0.9878
Slot loss: 24.7068 	 Intent loss: 0.9754
********************
Epoch: [3/150], Intent Val Acc: 97.2857 	 Slot F1 score: 84.0396
********************
Best Intent Acc: 97.2857 at Epoch: [3]
Best F1 score: 84.0396 at Epoch: [3]
Slot loss: 17.2756 	 Intent loss: 0.7278
Slot loss: 16.6403 	 Intent loss: 0.8049
Slot loss: 17.6851 	 Intent loss: 0.5919
Slot loss: 17.9205 	 Intent loss: 0.6806
Slot loss: 19.6158 	 Intent loss: 0.6618
Slot loss: 18.4087 	 Intent loss: 1.1340
Slot loss: 18.9479 	 Intent loss: 0.8131
Slot loss: 21.4381 	 Intent loss: 0.8053
********************
Epoch: [4/150], Intent Val Acc: 96.8571 	 Slot F1 score: 84.0684
********************
Best Intent Acc: 97.2857 at Epoch: [3]
Best F1 score: 84.0684 at Epoch: [4]
Slot loss: 16.3061 	 Intent loss: 0.8065
Slot loss: 14.8493 	 Intent loss: 0.6634
Slot loss: 16.5183 	 Intent loss: 0.8462
Slot loss: 14.7209 	 Intent loss: 0.5802
Slot loss: 16.3477 	 Intent loss: 0.7719
Slot loss: 15.1234 	 Intent loss: 0.4327
Slot loss: 16.1473 	 Intent loss: 0.6340
Slot loss: 16.5242 	 Intent loss: 0.5307
********************
Epoch: [5/150], Intent Val Acc: 97.2857 	 Slot F1 score: 84.6961
********************
Best Intent Acc: 97.2857 at Epoch: [3]
Best F1 score: 84.6961 at Epoch: [5]
Slot loss: 13.2315 	 Intent loss: 0.5824
Slot loss: 13.5915 	 Intent loss: 0.5561
Slot loss: 13.2924 	 Intent loss: 0.5356
Slot loss: 14.1029 	 Intent loss: 0.7874
Slot loss: 13.9862 	 Intent loss: 0.4156
Slot loss: 14.0858 	 Intent loss: 0.5405
Slot loss: 13.9285 	 Intent loss: 0.4110
Slot loss: 14.4400 	 Intent loss: 0.5592
********************
Epoch: [6/150], Intent Val Acc: 97.7143 	 Slot F1 score: 84.7952
********************
Best Intent Acc: 97.7143 at Epoch: [6]
Best F1 score: 84.7952 at Epoch: [6]
Slot loss: 13.8230 	 Intent loss: 0.4936
Slot loss: 11.1276 	 Intent loss: 0.2479
Slot loss: 12.7799 	 Intent loss: 0.6551
Slot loss: 11.0045 	 Intent loss: 0.4944
Slot loss: 12.5477 	 Intent loss: 0.4919
Slot loss: 12.9858 	 Intent loss: 0.5053
Slot loss: 12.8817 	 Intent loss: 0.7997
Slot loss: 12.7039 	 Intent loss: 0.4190
********************
Epoch: [7/150], Intent Val Acc: 96.5714 	 Slot F1 score: 84.2833
********************
Best Intent Acc: 97.7143 at Epoch: [6]
Best F1 score: 84.7952 at Epoch: [6]
Slot loss: 10.7852 	 Intent loss: 0.4280
Slot loss: 10.9818 	 Intent loss: 0.1699
Slot loss: 11.5659 	 Intent loss: 0.5905
Slot loss: 12.3727 	 Intent loss: 0.5862
Slot loss: 11.1370 	 Intent loss: 0.6259
Slot loss: 11.7119 	 Intent loss: 0.7225
Slot loss: 12.5114 	 Intent loss: 0.4312
Slot loss: 13.8702 	 Intent loss: 0.6087
********************
Epoch: [8/150], Intent Val Acc: 96.4286 	 Slot F1 score: 84.2916
********************
Best Intent Acc: 97.7143 at Epoch: [6]
Best F1 score: 84.7952 at Epoch: [6]
Slot loss: 9.8747 	 Intent loss: 0.3046
Slot loss: 10.4436 	 Intent loss: 0.3976
Slot loss: 10.6507 	 Intent loss: 0.5439
Slot loss: 11.0870 	 Intent loss: 0.3222
Slot loss: 11.0734 	 Intent loss: 0.4382
Slot loss: 12.0702 	 Intent loss: 0.4304
Slot loss: 11.3421 	 Intent loss: 0.5145
Slot loss: 11.3279 	 Intent loss: 0.4474
********************
Epoch: [9/150], Intent Val Acc: 97.2857 	 Slot F1 score: 84.8335
********************
Best Intent Acc: 97.7143 at Epoch: [6]
Best F1 score: 84.8335 at Epoch: [9]
Slot loss: 10.0795 	 Intent loss: 0.3633
Slot loss: 9.8870 	 Intent loss: 0.4221
Slot loss: 9.9298 	 Intent loss: 0.1965
Slot loss: 9.3371 	 Intent loss: 0.5179
Slot loss: 11.0840 	 Intent loss: 0.4811
Slot loss: 9.6888 	 Intent loss: 0.4062
Slot loss: 9.2702 	 Intent loss: 0.4041
Slot loss: 11.5053 	 Intent loss: 0.6346
********************
Epoch: [10/150], Intent Val Acc: 97.5714 	 Slot F1 score: 84.5333
********************
Best Intent Acc: 97.7143 at Epoch: [6]
Best F1 score: 84.8335 at Epoch: [9]
Slot loss: 9.0539 	 Intent loss: 0.4404
Slot loss: 9.0613 	 Intent loss: 0.2454
Slot loss: 9.2070 	 Intent loss: 0.5818
Slot loss: 8.5116 	 Intent loss: 0.3548
Slot loss: 9.1792 	 Intent loss: 0.3888
Slot loss: 9.3375 	 Intent loss: 0.3082
Slot loss: 10.1376 	 Intent loss: 0.3119
Slot loss: 9.4367 	 Intent loss: 0.4535
********************
Epoch: [11/150], Intent Val Acc: 97.2857 	 Slot F1 score: 84.3956
********************
Best Intent Acc: 97.7143 at Epoch: [6]
Best F1 score: 84.8335 at Epoch: [9]
Slot loss: 8.6958 	 Intent loss: 0.4358
Slot loss: 7.9104 	 Intent loss: 0.2641
Slot loss: 8.3229 	 Intent loss: 0.3670
Slot loss: 8.2496 	 Intent loss: 0.2554
Slot loss: 9.0158 	 Intent loss: 0.3008
Slot loss: 8.6195 	 Intent loss: 0.4074
Slot loss: 8.8772 	 Intent loss: 0.4346
Slot loss: 9.4433 	 Intent loss: 0.2413
********************
Epoch: [12/150], Intent Val Acc: 97.2857 	 Slot F1 score: 83.8069
********************
Best Intent Acc: 97.7143 at Epoch: [6]
Best F1 score: 84.8335 at Epoch: [9]
Slot loss: 8.4007 	 Intent loss: 0.3655
Slot loss: 7.4734 	 Intent loss: 0.2760
Slot loss: 7.7198 	 Intent loss: 0.1905
Slot loss: 8.3441 	 Intent loss: 0.2645
Slot loss: 9.2856 	 Intent loss: 0.4141
Slot loss: 9.6672 	 Intent loss: 0.5172
Slot loss: 8.1808 	 Intent loss: 0.2822
Slot loss: 7.7705 	 Intent loss: 0.3063
********************
Epoch: [13/150], Intent Val Acc: 96.7143 	 Slot F1 score: 84.4970
********************
Best Intent Acc: 97.7143 at Epoch: [6]
Best F1 score: 84.8335 at Epoch: [9]
Slot loss: 6.4254 	 Intent loss: 0.2995
Slot loss: 7.2846 	 Intent loss: 0.4659
Slot loss: 6.8388 	 Intent loss: 0.2130
Slot loss: 8.1087 	 Intent loss: 0.3681
Slot loss: 7.8744 	 Intent loss: 0.2407
Slot loss: 9.0719 	 Intent loss: 0.3171
Slot loss: 8.3710 	 Intent loss: 0.3063
Slot loss: 7.3428 	 Intent loss: 0.3450
********************
Epoch: [14/150], Intent Val Acc: 97.4286 	 Slot F1 score: 84.3321
********************
Best Intent Acc: 97.7143 at Epoch: [6]
Best F1 score: 84.8335 at Epoch: [9]
Slot loss: 6.4591 	 Intent loss: 0.3228
Slot loss: 7.9305 	 Intent loss: 0.2489
Slot loss: 7.5550 	 Intent loss: 0.3329
Slot loss: 8.0501 	 Intent loss: 0.6256
Slot loss: 7.1665 	 Intent loss: 0.3301
Slot loss: 7.7398 	 Intent loss: 0.3215
Slot loss: 8.1429 	 Intent loss: 0.2912
Slot loss: 7.0573 	 Intent loss: 0.3400
********************
Epoch: [15/150], Intent Val Acc: 97.0000 	 Slot F1 score: 83.3882
********************
Best Intent Acc: 97.7143 at Epoch: [6]
Best F1 score: 84.8335 at Epoch: [9]
Slot loss: 6.2406 	 Intent loss: 0.2936
Slot loss: 7.5603 	 Intent loss: 0.3997
Slot loss: 7.1649 	 Intent loss: 0.3670
Slot loss: 6.0041 	 Intent loss: 0.2261
Slot loss: 6.8599 	 Intent loss: 0.1661
Slot loss: 6.8466 	 Intent loss: 0.3255
Slot loss: 6.5092 	 Intent loss: 0.3889
Slot loss: 7.2501 	 Intent loss: 0.2255
********************
Epoch: [16/150], Intent Val Acc: 96.2857 	 Slot F1 score: 84.2743
********************
Best Intent Acc: 97.7143 at Epoch: [6]
Best F1 score: 84.8335 at Epoch: [9]
Slot loss: 5.8031 	 Intent loss: 0.3064
Slot loss: 6.1644 	 Intent loss: 0.2329
Slot loss: 6.2984 	 Intent loss: 0.2083
Slot loss: 6.3759 	 Intent loss: 0.2562
Slot loss: 7.2809 	 Intent loss: 0.2871
Slot loss: 7.7952 	 Intent loss: 0.4628
Slot loss: 6.4269 	 Intent loss: 0.2150
Slot loss: 6.8142 	 Intent loss: 0.2964
********************
Epoch: [17/150], Intent Val Acc: 97.2857 	 Slot F1 score: 82.9910
********************
Best Intent Acc: 97.7143 at Epoch: [6]
Best F1 score: 84.8335 at Epoch: [9]
Slot loss: 5.5979 	 Intent loss: 0.2660
Slot loss: 5.9757 	 Intent loss: 0.3011
Slot loss: 5.8527 	 Intent loss: 0.3159
Slot loss: 6.7289 	 Intent loss: 0.2493
Slot loss: 7.2649 	 Intent loss: 0.3405
Slot loss: 6.7215 	 Intent loss: 0.3076
Slot loss: 6.5757 	 Intent loss: 0.3985
Slot loss: 6.4012 	 Intent loss: 0.3383
********************
Epoch: [18/150], Intent Val Acc: 97.5714 	 Slot F1 score: 83.5297
********************
Best Intent Acc: 97.7143 at Epoch: [6]
Best F1 score: 84.8335 at Epoch: [9]
Slot loss: 5.2744 	 Intent loss: 0.2242
Slot loss: 5.9067 	 Intent loss: 0.2493
Slot loss: 5.8326 	 Intent loss: 0.3723
Slot loss: 5.8612 	 Intent loss: 0.2012
Slot loss: 6.4460 	 Intent loss: 0.4070
Slot loss: 6.3773 	 Intent loss: 0.3047
Slot loss: 5.6262 	 Intent loss: 0.1874
Slot loss: 6.9636 	 Intent loss: 0.2567
********************
Epoch: [19/150], Intent Val Acc: 97.1429 	 Slot F1 score: 83.9438
********************
Best Intent Acc: 97.7143 at Epoch: [6]
Best F1 score: 84.8335 at Epoch: [9]
Slot loss: 5.4442 	 Intent loss: 0.2876
Slot loss: 4.4625 	 Intent loss: 0.2330
Slot loss: 5.7025 	 Intent loss: 0.3083
Slot loss: 5.7085 	 Intent loss: 0.2693
Slot loss: 5.9093 	 Intent loss: 0.2642
Slot loss: 5.5990 	 Intent loss: 0.1738
Slot loss: 6.6586 	 Intent loss: 0.2922
Slot loss: 5.6872 	 Intent loss: 0.3663
********************
Epoch: [20/150], Intent Val Acc: 97.1429 	 Slot F1 score: 84.0198
********************
Best Intent Acc: 97.7143 at Epoch: [6]
Best F1 score: 84.8335 at Epoch: [9]
Slot loss: 4.7911 	 Intent loss: 0.2624
Slot loss: 4.7295 	 Intent loss: 0.1492
Slot loss: 5.2408 	 Intent loss: 0.2344
Slot loss: 5.3171 	 Intent loss: 0.3123
Slot loss: 5.9398 	 Intent loss: 0.4488
Slot loss: 5.0879 	 Intent loss: 0.2801
Slot loss: 6.0785 	 Intent loss: 0.2796
Slot loss: 6.0955 	 Intent loss: 0.2056
********************
Epoch: [21/150], Intent Val Acc: 97.1429 	 Slot F1 score: 84.0253
********************
Best Intent Acc: 97.7143 at Epoch: [6]
Best F1 score: 84.8335 at Epoch: [9]
Slot loss: 5.0159 	 Intent loss: 0.3044
Slot loss: 4.4482 	 Intent loss: 0.3282
Slot loss: 4.0857 	 Intent loss: 0.1388
Slot loss: 6.6068 	 Intent loss: 0.3075
Slot loss: 5.2968 	 Intent loss: 0.2796
Slot loss: 6.0137 	 Intent loss: 0.4510
Slot loss: 6.0339 	 Intent loss: 0.3030
Slot loss: 5.9355 	 Intent loss: 0.2258
********************
Epoch: [22/150], Intent Val Acc: 97.0000 	 Slot F1 score: 84.1209
********************
Best Intent Acc: 97.7143 at Epoch: [6]
Best F1 score: 84.8335 at Epoch: [9]
Slot loss: 4.1560 	 Intent loss: 0.2366
Slot loss: 4.6489 	 Intent loss: 0.2160
Slot loss: 5.3424 	 Intent loss: 0.2433
Slot loss: 5.2462 	 Intent loss: 0.3362
Slot loss: 5.4228 	 Intent loss: 0.3388
Slot loss: 5.2466 	 Intent loss: 0.2302
Slot loss: 5.2135 	 Intent loss: 0.2196
Slot loss: 5.4862 	 Intent loss: 0.2473
********************
Epoch: [23/150], Intent Val Acc: 97.2857 	 Slot F1 score: 84.8901
********************
Best Intent Acc: 97.7143 at Epoch: [6]
Best F1 score: 84.8901 at Epoch: [23]
Slot loss: 4.4126 	 Intent loss: 0.1629
Slot loss: 4.3556 	 Intent loss: 0.2631
Slot loss: 5.2050 	 Intent loss: 0.2451
Slot loss: 5.0729 	 Intent loss: 0.2690
Slot loss: 4.5882 	 Intent loss: 0.2655
Slot loss: 4.8849 	 Intent loss: 0.1998
Slot loss: 4.2316 	 Intent loss: 0.3151
Slot loss: 4.9989 	 Intent loss: 0.2271
********************
Epoch: [24/150], Intent Val Acc: 96.8571 	 Slot F1 score: 84.1265
********************
Best Intent Acc: 97.7143 at Epoch: [6]
Best F1 score: 84.8901 at Epoch: [23]
Slot loss: 4.5537 	 Intent loss: 0.3345
Slot loss: 5.5759 	 Intent loss: 0.3828
Slot loss: 4.9307 	 Intent loss: 0.2295
Slot loss: 4.0871 	 Intent loss: 0.3047
Slot loss: 4.6664 	 Intent loss: 0.3594
Slot loss: 5.2155 	 Intent loss: 0.3805
Slot loss: 6.3911 	 Intent loss: 0.3259
Slot loss: 4.5733 	 Intent loss: 0.1878
********************
Epoch: [25/150], Intent Val Acc: 97.5714 	 Slot F1 score: 84.3981
********************
Best Intent Acc: 97.7143 at Epoch: [6]
Best F1 score: 84.8901 at Epoch: [23]
Slot loss: 4.7603 	 Intent loss: 0.2877
Slot loss: 4.0511 	 Intent loss: 0.3399
Slot loss: 4.5257 	 Intent loss: 0.2336
Slot loss: 4.5818 	 Intent loss: 0.2199
Slot loss: 5.8028 	 Intent loss: 0.3599
Slot loss: 4.1961 	 Intent loss: 0.1716
Slot loss: 4.1511 	 Intent loss: 0.2294
Slot loss: 4.3997 	 Intent loss: 0.3271
********************
Epoch: [26/150], Intent Val Acc: 98.1429 	 Slot F1 score: 83.6115
********************
Best Intent Acc: 98.1429 at Epoch: [26]
Best F1 score: 84.8901 at Epoch: [23]
Slot loss: 4.4695 	 Intent loss: 0.3000
Slot loss: 4.4978 	 Intent loss: 0.1733
Slot loss: 4.5591 	 Intent loss: 0.3494
Slot loss: 4.4742 	 Intent loss: 0.2651
Slot loss: 4.4301 	 Intent loss: 0.2626
Slot loss: 3.7031 	 Intent loss: 0.1788
Slot loss: 5.2968 	 Intent loss: 0.2585
Slot loss: 5.2179 	 Intent loss: 0.2882
********************
Epoch: [27/150], Intent Val Acc: 97.1429 	 Slot F1 score: 83.3060
********************
Best Intent Acc: 98.1429 at Epoch: [26]
Best F1 score: 84.8901 at Epoch: [23]
Slot loss: 3.3160 	 Intent loss: 0.2403
Slot loss: 3.9136 	 Intent loss: 0.2239
Slot loss: 4.5311 	 Intent loss: 0.2217
Slot loss: 3.9604 	 Intent loss: 0.1479
Slot loss: 4.6769 	 Intent loss: 0.1675
Slot loss: 4.5983 	 Intent loss: 0.1842
Slot loss: 4.9445 	 Intent loss: 0.2722
Slot loss: 4.8744 	 Intent loss: 0.3167
********************
Epoch: [28/150], Intent Val Acc: 97.5714 	 Slot F1 score: 84.6217
********************
Best Intent Acc: 98.1429 at Epoch: [26]
Best F1 score: 84.8901 at Epoch: [23]
Slot loss: 3.8591 	 Intent loss: 0.1992
Slot loss: 3.9629 	 Intent loss: 0.1973
Slot loss: 4.9751 	 Intent loss: 0.2141
Slot loss: 4.1310 	 Intent loss: 0.3869
Slot loss: 4.4378 	 Intent loss: 0.1701
Slot loss: 4.4638 	 Intent loss: 0.3047
Slot loss: 4.1740 	 Intent loss: 0.3034
Slot loss: 4.0356 	 Intent loss: 0.2335
********************
Epoch: [29/150], Intent Val Acc: 96.8571 	 Slot F1 score: 83.8639
********************
Best Intent Acc: 98.1429 at Epoch: [26]
Best F1 score: 84.8901 at Epoch: [23]
Slot loss: 2.7359 	 Intent loss: 0.1115
Slot loss: 4.2245 	 Intent loss: 0.2398
Slot loss: 3.5916 	 Intent loss: 0.2170
Slot loss: 3.7316 	 Intent loss: 0.1935
Slot loss: 6.0201 	 Intent loss: 0.2746
Slot loss: 4.3235 	 Intent loss: 0.2142
Slot loss: 4.4757 	 Intent loss: 0.4121
Slot loss: 4.4879 	 Intent loss: 0.4424
********************
Epoch: [30/150], Intent Val Acc: 97.0000 	 Slot F1 score: 83.6903
********************
Best Intent Acc: 98.1429 at Epoch: [26]
Best F1 score: 84.8901 at Epoch: [23]
Slot loss: 3.8107 	 Intent loss: 0.1724
Slot loss: 3.2509 	 Intent loss: 0.1360
Slot loss: 4.5713 	 Intent loss: 0.3292
Slot loss: 3.2092 	 Intent loss: 0.1494
Slot loss: 3.3182 	 Intent loss: 0.0923
Slot loss: 4.8561 	 Intent loss: 0.2749
Slot loss: 5.0353 	 Intent loss: 0.3972
Slot loss: 4.7168 	 Intent loss: 0.2872
********************
Epoch: [31/150], Intent Val Acc: 97.5714 	 Slot F1 score: 84.3025
********************
Best Intent Acc: 98.1429 at Epoch: [26]
Best F1 score: 84.8901 at Epoch: [23]
Slot loss: 4.2436 	 Intent loss: 0.2555
Slot loss: 3.1200 	 Intent loss: 0.2555
Slot loss: 3.0729 	 Intent loss: 0.1296
Slot loss: 3.7405 	 Intent loss: 0.1454
Slot loss: 4.5119 	 Intent loss: 0.3192
Slot loss: 3.6477 	 Intent loss: 0.1663
Slot loss: 5.0509 	 Intent loss: 0.2912
Slot loss: 4.2133 	 Intent loss: 0.1954
********************
Epoch: [32/150], Intent Val Acc: 97.7143 	 Slot F1 score: 84.1213
********************
Best Intent Acc: 98.1429 at Epoch: [26]
Best F1 score: 84.8901 at Epoch: [23]
Slot loss: 3.9778 	 Intent loss: 0.2546
Slot loss: 2.8463 	 Intent loss: 0.2760
Slot loss: 3.8456 	 Intent loss: 0.3533
Slot loss: 2.7602 	 Intent loss: 0.1330
Slot loss: 3.7900 	 Intent loss: 0.1649
Slot loss: 4.4308 	 Intent loss: 0.2150
Slot loss: 4.7442 	 Intent loss: 0.1697
Slot loss: 4.2050 	 Intent loss: 0.1506
********************
Epoch: [33/150], Intent Val Acc: 97.0000 	 Slot F1 score: 84.6787
********************
Best Intent Acc: 98.1429 at Epoch: [26]
Best F1 score: 84.8901 at Epoch: [23]
Slot loss: 3.2703 	 Intent loss: 0.1942
Slot loss: 3.2536 	 Intent loss: 0.1823
Slot loss: 4.0063 	 Intent loss: 0.1533
Slot loss: 5.5334 	 Intent loss: 0.3284
Slot loss: 4.1388 	 Intent loss: 0.1891
Slot loss: 3.6977 	 Intent loss: 0.2175
Slot loss: 4.2689 	 Intent loss: 0.2522
Slot loss: 4.4345 	 Intent loss: 0.2611
********************
Epoch: [34/150], Intent Val Acc: 97.7143 	 Slot F1 score: 83.9858
********************
Best Intent Acc: 98.1429 at Epoch: [26]
Best F1 score: 84.8901 at Epoch: [23]
Slot loss: 2.9615 	 Intent loss: 0.1986
Slot loss: 4.5277 	 Intent loss: 0.2625
Slot loss: 3.4525 	 Intent loss: 0.2090
Slot loss: 3.4835 	 Intent loss: 0.1235
Slot loss: 4.1892 	 Intent loss: 0.2028
Slot loss: 4.4177 	 Intent loss: 0.3474
Slot loss: 3.5788 	 Intent loss: 0.2492
Slot loss: 4.2399 	 Intent loss: 0.1445
********************
Epoch: [35/150], Intent Val Acc: 96.7143 	 Slot F1 score: 83.7756
********************
Best Intent Acc: 98.1429 at Epoch: [26]
Best F1 score: 84.8901 at Epoch: [23]
Slot loss: 3.9398 	 Intent loss: 0.2089
Slot loss: 3.6649 	 Intent loss: 0.2260
Slot loss: 3.6231 	 Intent loss: 0.2718
Slot loss: 4.3425 	 Intent loss: 0.2156
Slot loss: 3.5124 	 Intent loss: 0.2332
Slot loss: 3.8733 	 Intent loss: 0.1609
Slot loss: 4.1622 	 Intent loss: 0.3228
Slot loss: 3.2618 	 Intent loss: 0.2137
********************
Epoch: [36/150], Intent Val Acc: 97.2857 	 Slot F1 score: 84.0165
********************
Best Intent Acc: 98.1429 at Epoch: [26]
Best F1 score: 84.8901 at Epoch: [23]
Slot loss: 3.2763 	 Intent loss: 0.2458
Slot loss: 3.5560 	 Intent loss: 0.1544
Slot loss: 4.0065 	 Intent loss: 0.2740
Slot loss: 3.3058 	 Intent loss: 0.3028
Slot loss: 3.1714 	 Intent loss: 0.1545
Slot loss: 3.4578 	 Intent loss: 0.3340
Slot loss: 3.5400 	 Intent loss: 0.1811
Slot loss: 4.8548 	 Intent loss: 0.2220
********************
Epoch: [37/150], Intent Val Acc: 97.2857 	 Slot F1 score: 84.6407
********************
Best Intent Acc: 98.1429 at Epoch: [26]
Best F1 score: 84.8901 at Epoch: [23]
Slot loss: 3.4048 	 Intent loss: 0.1702
Slot loss: 2.7322 	 Intent loss: 0.1866
Slot loss: 3.5857 	 Intent loss: 0.2045
Slot loss: 2.4924 	 Intent loss: 0.1287
Slot loss: 4.0370 	 Intent loss: 0.2773
Slot loss: 3.8819 	 Intent loss: 0.2722
Slot loss: 4.7508 	 Intent loss: 0.3723
Slot loss: 4.0161 	 Intent loss: 0.2124
********************
Epoch: [38/150], Intent Val Acc: 97.7143 	 Slot F1 score: 84.6936
********************
Best Intent Acc: 98.1429 at Epoch: [26]
Best F1 score: 84.8901 at Epoch: [23]
Slot loss: 3.5231 	 Intent loss: 0.2624
Slot loss: 3.5867 	 Intent loss: 0.1911
Slot loss: 4.1966 	 Intent loss: 0.2786
Slot loss: 2.8550 	 Intent loss: 0.2250
Slot loss: 3.0508 	 Intent loss: 0.1659
Slot loss: 3.4173 	 Intent loss: 0.1895
Slot loss: 3.4401 	 Intent loss: 0.1485
Slot loss: 4.7909 	 Intent loss: 0.3191
********************
Epoch: [39/150], Intent Val Acc: 97.4286 	 Slot F1 score: 84.4554
********************
Best Intent Acc: 98.1429 at Epoch: [26]
Best F1 score: 84.8901 at Epoch: [23]
Slot loss: 2.5626 	 Intent loss: 0.1315
Slot loss: 3.0773 	 Intent loss: 0.2734
Slot loss: 3.4747 	 Intent loss: 0.1858
Slot loss: 3.3919 	 Intent loss: 0.1993
Slot loss: 5.0875 	 Intent loss: 0.1440
Slot loss: 3.8789 	 Intent loss: 0.3217
Slot loss: 4.4255 	 Intent loss: 0.4809
Slot loss: 3.1580 	 Intent loss: 0.3687
********************
Epoch: [40/150], Intent Val Acc: 96.8571 	 Slot F1 score: 85.1954
********************
Best Intent Acc: 98.1429 at Epoch: [26]
Best F1 score: 85.1954 at Epoch: [40]
Slot loss: 3.4006 	 Intent loss: 0.1949
Slot loss: 2.4381 	 Intent loss: 0.0680
Slot loss: 3.5812 	 Intent loss: 0.2714
Slot loss: 3.8193 	 Intent loss: 0.2567
Slot loss: 4.0716 	 Intent loss: 0.2498
Slot loss: 4.0057 	 Intent loss: 0.1594
Slot loss: 4.1018 	 Intent loss: 0.3738
Slot loss: 2.4431 	 Intent loss: 0.2837
********************
Epoch: [41/150], Intent Val Acc: 97.0000 	 Slot F1 score: 83.9628
********************
Best Intent Acc: 98.1429 at Epoch: [26]
Best F1 score: 85.1954 at Epoch: [40]
Slot loss: 2.4847 	 Intent loss: 0.1711
Slot loss: 3.3944 	 Intent loss: 0.1579
Slot loss: 3.1852 	 Intent loss: 0.0914
Slot loss: 3.3862 	 Intent loss: 0.3222
Slot loss: 3.9205 	 Intent loss: 0.1829
Slot loss: 3.0719 	 Intent loss: 0.1419
Slot loss: 4.4430 	 Intent loss: 0.2952
Slot loss: 3.6063 	 Intent loss: 0.2486
********************
Epoch: [42/150], Intent Val Acc: 97.0000 	 Slot F1 score: 84.4846
********************
Best Intent Acc: 98.1429 at Epoch: [26]
Best F1 score: 85.1954 at Epoch: [40]
Slot loss: 3.0453 	 Intent loss: 0.2428
Slot loss: 3.2665 	 Intent loss: 0.1590
Slot loss: 2.6567 	 Intent loss: 0.1656
Slot loss: 3.4820 	 Intent loss: 0.1393
Slot loss: 3.8897 	 Intent loss: 0.1985
Slot loss: 4.1587 	 Intent loss: 0.1902
Slot loss: 3.8398 	 Intent loss: 0.2256
Slot loss: 3.1058 	 Intent loss: 0.3266
********************
Epoch: [43/150], Intent Val Acc: 97.1429 	 Slot F1 score: 84.9082
********************
Best Intent Acc: 98.1429 at Epoch: [26]
Best F1 score: 85.1954 at Epoch: [40]
Slot loss: 2.5876 	 Intent loss: 0.1080
Slot loss: 2.6852 	 Intent loss: 0.1563
Slot loss: 3.6551 	 Intent loss: 0.2575
Slot loss: 3.6195 	 Intent loss: 0.1848
Slot loss: 3.6666 	 Intent loss: 0.1217
Slot loss: 3.6853 	 Intent loss: 0.2693
Slot loss: 4.4089 	 Intent loss: 0.2401
Slot loss: 3.2745 	 Intent loss: 0.2453
********************
Epoch: [44/150], Intent Val Acc: 97.2857 	 Slot F1 score: 84.5542
********************
Best Intent Acc: 98.1429 at Epoch: [26]
Best F1 score: 85.1954 at Epoch: [40]
Slot loss: 2.9023 	 Intent loss: 0.1933
Slot loss: 3.0667 	 Intent loss: 0.2465
Slot loss: 2.9408 	 Intent loss: 0.2046
Slot loss: 3.6602 	 Intent loss: 0.2098
Slot loss: 3.1583 	 Intent loss: 0.2301
Slot loss: 3.7463 	 Intent loss: 0.2039
Slot loss: 3.7760 	 Intent loss: 0.2808
Slot loss: 4.0581 	 Intent loss: 0.2509
********************
Epoch: [45/150], Intent Val Acc: 97.7143 	 Slot F1 score: 85.3524
********************
Best Intent Acc: 98.1429 at Epoch: [26]
Best F1 score: 85.3524 at Epoch: [45]
Slot loss: 2.3395 	 Intent loss: 0.1656
Slot loss: 3.0553 	 Intent loss: 0.2375
Slot loss: 3.0794 	 Intent loss: 0.1186
Slot loss: 3.5608 	 Intent loss: 0.3759
Slot loss: 3.5270 	 Intent loss: 0.2346
Slot loss: 3.3156 	 Intent loss: 0.1357
Slot loss: 3.3792 	 Intent loss: 0.2488
Slot loss: 2.9241 	 Intent loss: 0.2559
********************
Epoch: [46/150], Intent Val Acc: 98.1429 	 Slot F1 score: 84.9165
********************
Best Intent Acc: 98.1429 at Epoch: [26]
Best F1 score: 85.3524 at Epoch: [45]
Slot loss: 3.0712 	 Intent loss: 0.2753
Slot loss: 2.9126 	 Intent loss: 0.2341
Slot loss: 3.5002 	 Intent loss: 0.2422
Slot loss: 3.6656 	 Intent loss: 0.3164
Slot loss: 3.0706 	 Intent loss: 0.1342
Slot loss: 3.8972 	 Intent loss: 0.2828
Slot loss: 3.0668 	 Intent loss: 0.2259
Slot loss: 3.2796 	 Intent loss: 0.1635
********************
Epoch: [47/150], Intent Val Acc: 97.1429 	 Slot F1 score: 84.4724
********************
Best Intent Acc: 98.1429 at Epoch: [26]
Best F1 score: 85.3524 at Epoch: [45]
Slot loss: 3.1370 	 Intent loss: 0.1672
Slot loss: 3.0478 	 Intent loss: 0.1920
Slot loss: 3.0050 	 Intent loss: 0.2147
Slot loss: 4.4455 	 Intent loss: 0.2504
Slot loss: 2.9425 	 Intent loss: 0.3832
Slot loss: 3.0474 	 Intent loss: 0.0908
Slot loss: 3.0526 	 Intent loss: 0.2523
Slot loss: 3.2533 	 Intent loss: 0.1302
********************
Epoch: [48/150], Intent Val Acc: 96.8571 	 Slot F1 score: 84.5963
********************
Best Intent Acc: 98.1429 at Epoch: [26]
Best F1 score: 85.3524 at Epoch: [45]
Slot loss: 3.2724 	 Intent loss: 0.1843
Slot loss: 3.3220 	 Intent loss: 0.2707
Slot loss: 2.6335 	 Intent loss: 0.1877
Slot loss: 2.6114 	 Intent loss: 0.1486
Slot loss: 3.2979 	 Intent loss: 0.2993
Slot loss: 3.2655 	 Intent loss: 0.1985
Slot loss: 2.7914 	 Intent loss: 0.1127
Slot loss: 4.0839 	 Intent loss: 0.3111
********************
Epoch: [49/150], Intent Val Acc: 97.5714 	 Slot F1 score: 85.6281
********************
Best Intent Acc: 98.1429 at Epoch: [26]
Best F1 score: 85.6281 at Epoch: [49]
Slot loss: 2.8076 	 Intent loss: 0.0528
Slot loss: 2.8158 	 Intent loss: 0.2828
Slot loss: 2.7907 	 Intent loss: 0.2106
Slot loss: 2.9052 	 Intent loss: 0.1539
Slot loss: 3.6024 	 Intent loss: 0.2508
Slot loss: 3.9032 	 Intent loss: 0.2086
Slot loss: 4.3564 	 Intent loss: 0.2419
Slot loss: 2.9995 	 Intent loss: 0.1397
********************
Epoch: [50/150], Intent Val Acc: 98.0000 	 Slot F1 score: 84.9383
********************
Best Intent Acc: 98.1429 at Epoch: [26]
Best F1 score: 85.6281 at Epoch: [49]
Slot loss: 2.9626 	 Intent loss: 0.1817
Slot loss: 3.2676 	 Intent loss: 0.1813
Slot loss: 2.5626 	 Intent loss: 0.1011
Slot loss: 3.6278 	 Intent loss: 0.3739
Slot loss: 3.7985 	 Intent loss: 0.2367
Slot loss: 3.8655 	 Intent loss: 0.1514
Slot loss: 2.9986 	 Intent loss: 0.1776
Slot loss: 3.1128 	 Intent loss: 0.1911
********************
Epoch: [51/150], Intent Val Acc: 97.7143 	 Slot F1 score: 84.5016
********************
Best Intent Acc: 98.1429 at Epoch: [26]
Best F1 score: 85.6281 at Epoch: [49]
Slot loss: 2.1587 	 Intent loss: 0.0666
Slot loss: 2.4927 	 Intent loss: 0.2351
Slot loss: 3.6265 	 Intent loss: 0.3674
Slot loss: 3.5404 	 Intent loss: 0.1963
Slot loss: 3.3028 	 Intent loss: 0.2651
Slot loss: 3.3339 	 Intent loss: 0.2148
Slot loss: 3.5534 	 Intent loss: 0.2088
Slot loss: 3.9246 	 Intent loss: 0.2038
********************
Epoch: [52/150], Intent Val Acc: 97.4286 	 Slot F1 score: 84.5333
********************
Best Intent Acc: 98.1429 at Epoch: [26]
Best F1 score: 85.6281 at Epoch: [49]
Slot loss: 2.7875 	 Intent loss: 0.1590
Slot loss: 2.8001 	 Intent loss: 0.2418
Slot loss: 2.6019 	 Intent loss: 0.2287
Slot loss: 2.9675 	 Intent loss: 0.1876
Slot loss: 3.4599 	 Intent loss: 0.1687
Slot loss: 3.3403 	 Intent loss: 0.2006
Slot loss: 2.9644 	 Intent loss: 0.2137
Slot loss: 3.5662 	 Intent loss: 0.2001
********************
Epoch: [53/150], Intent Val Acc: 97.1429 	 Slot F1 score: 84.1040
********************
Best Intent Acc: 98.1429 at Epoch: [26]
Best F1 score: 85.6281 at Epoch: [49]
Slot loss: 2.3570 	 Intent loss: 0.1307
Slot loss: 2.8825 	 Intent loss: 0.2760
Slot loss: 3.4461 	 Intent loss: 0.1733
Slot loss: 3.8202 	 Intent loss: 0.5086
Slot loss: 3.0716 	 Intent loss: 0.2102
Slot loss: 3.0352 	 Intent loss: 0.1883
Slot loss: 3.0517 	 Intent loss: 0.1644
Slot loss: 3.8892 	 Intent loss: 0.2025
********************
Epoch: [54/150], Intent Val Acc: 97.7143 	 Slot F1 score: 84.6787
********************
Best Intent Acc: 98.1429 at Epoch: [26]
Best F1 score: 85.6281 at Epoch: [49]
Slot loss: 2.7807 	 Intent loss: 0.1579
Slot loss: 2.2833 	 Intent loss: 0.1192
Slot loss: 2.6921 	 Intent loss: 0.1615
Slot loss: 3.4020 	 Intent loss: 0.1688
Slot loss: 3.3289 	 Intent loss: 0.2757
Slot loss: 2.5936 	 Intent loss: 0.3301
Slot loss: 3.0456 	 Intent loss: 0.2390
Slot loss: 3.4048 	 Intent loss: 0.1754
********************
Epoch: [55/150], Intent Val Acc: 98.1429 	 Slot F1 score: 84.1353
********************
Best Intent Acc: 98.1429 at Epoch: [26]
Best F1 score: 85.6281 at Epoch: [49]
Slot loss: 2.6093 	 Intent loss: 0.1868
Slot loss: 2.9223 	 Intent loss: 0.1665
Slot loss: 3.5375 	 Intent loss: 0.2605
Slot loss: 1.7404 	 Intent loss: 0.0816
Slot loss: 3.1807 	 Intent loss: 0.2075
Slot loss: 3.9007 	 Intent loss: 0.2484
Slot loss: 3.3082 	 Intent loss: 0.2233
Slot loss: 3.1685 	 Intent loss: 0.1565
********************
Epoch: [56/150], Intent Val Acc: 97.5714 	 Slot F1 score: 84.3057
********************
Best Intent Acc: 98.1429 at Epoch: [26]
Best F1 score: 85.6281 at Epoch: [49]
Slot loss: 2.4195 	 Intent loss: 0.1175
Slot loss: 3.1022 	 Intent loss: 0.2357
Slot loss: 2.8514 	 Intent loss: 0.2201
Slot loss: 2.8505 	 Intent loss: 0.2032
Slot loss: 3.1049 	 Intent loss: 0.2103
Slot loss: 2.7574 	 Intent loss: 0.1120
Slot loss: 3.5825 	 Intent loss: 0.2025
Slot loss: 3.7057 	 Intent loss: 0.3024
********************
Epoch: [57/150], Intent Val Acc: 97.8571 	 Slot F1 score: 85.1485
********************
Best Intent Acc: 98.1429 at Epoch: [26]
Best F1 score: 85.6281 at Epoch: [49]
Slot loss: 2.4395 	 Intent loss: 0.1746
Slot loss: 2.0450 	 Intent loss: 0.1962
Slot loss: 3.1605 	 Intent loss: 0.2604
Slot loss: 2.9921 	 Intent loss: 0.3454
Slot loss: 2.7257 	 Intent loss: 0.0845
Slot loss: 3.5203 	 Intent loss: 0.2776
Slot loss: 4.0894 	 Intent loss: 0.2073
Slot loss: 3.4828 	 Intent loss: 0.2359
********************
Epoch: [58/150], Intent Val Acc: 97.7143 	 Slot F1 score: 85.7378
********************
Best Intent Acc: 98.1429 at Epoch: [26]
Best F1 score: 85.7378 at Epoch: [58]
Slot loss: 3.1138 	 Intent loss: 0.1512
Slot loss: 2.4825 	 Intent loss: 0.1349
Slot loss: 2.9232 	 Intent loss: 0.1055
Slot loss: 2.7356 	 Intent loss: 0.2061
Slot loss: 3.5072 	 Intent loss: 0.2783
Slot loss: 2.7511 	 Intent loss: 0.2690
Slot loss: 2.8763 	 Intent loss: 0.2330
Slot loss: 3.8493 	 Intent loss: 0.3985
********************
Epoch: [59/150], Intent Val Acc: 98.1429 	 Slot F1 score: 84.0580
********************
Best Intent Acc: 98.1429 at Epoch: [26]
Best F1 score: 85.7378 at Epoch: [58]
Slot loss: 2.7645 	 Intent loss: 0.1642
Slot loss: 2.5568 	 Intent loss: 0.2267
Slot loss: 2.6369 	 Intent loss: 0.3964
Slot loss: 2.2928 	 Intent loss: 0.1077
Slot loss: 3.2367 	 Intent loss: 0.2658
Slot loss: 3.4009 	 Intent loss: 0.2270
Slot loss: 2.6929 	 Intent loss: 0.1715
Slot loss: 3.4982 	 Intent loss: 0.2241
********************
Epoch: [60/150], Intent Val Acc: 97.7143 	 Slot F1 score: 83.3333
********************
Best Intent Acc: 98.1429 at Epoch: [26]
Best F1 score: 85.7378 at Epoch: [58]
Slot loss: 3.4472 	 Intent loss: 0.1981
Slot loss: 2.6897 	 Intent loss: 0.1737
Slot loss: 2.7403 	 Intent loss: 0.2188
Slot loss: 3.0552 	 Intent loss: 0.2637
Slot loss: 2.7481 	 Intent loss: 0.2165
Slot loss: 2.4556 	 Intent loss: 0.1618
Slot loss: 3.2314 	 Intent loss: 0.1911
Slot loss: 4.5350 	 Intent loss: 0.2875
********************
Epoch: [61/150], Intent Val Acc: 97.8571 	 Slot F1 score: 84.1127
********************
Best Intent Acc: 98.1429 at Epoch: [26]
Best F1 score: 85.7378 at Epoch: [58]
Slot loss: 2.4313 	 Intent loss: 0.1272
Slot loss: 2.8764 	 Intent loss: 0.1623
Slot loss: 2.3491 	 Intent loss: 0.2232
Slot loss: 3.2240 	 Intent loss: 0.2019
Slot loss: 2.9969 	 Intent loss: 0.1402
Slot loss: 3.1654 	 Intent loss: 0.2879
Slot loss: 3.3031 	 Intent loss: 0.2206
Slot loss: 2.7590 	 Intent loss: 0.2019
********************
Epoch: [62/150], Intent Val Acc: 97.7143 	 Slot F1 score: 83.7463
********************
Best Intent Acc: 98.1429 at Epoch: [26]
Best F1 score: 85.7378 at Epoch: [58]
Slot loss: 3.0008 	 Intent loss: 0.2152
Slot loss: 3.1395 	 Intent loss: 0.2072
Slot loss: 2.6636 	 Intent loss: 0.1975
Slot loss: 2.1614 	 Intent loss: 0.1367
Slot loss: 3.0632 	 Intent loss: 0.2778
Slot loss: 2.9099 	 Intent loss: 0.1660
Slot loss: 3.6414 	 Intent loss: 0.1833
Slot loss: 2.0086 	 Intent loss: 0.2031
********************
Epoch: [63/150], Intent Val Acc: 98.0000 	 Slot F1 score: 84.8767
********************
Best Intent Acc: 98.1429 at Epoch: [26]
Best F1 score: 85.7378 at Epoch: [58]
Slot loss: 2.0818 	 Intent loss: 0.2246
Slot loss: 2.6992 	 Intent loss: 0.1355
Slot loss: 2.8961 	 Intent loss: 0.2299
Slot loss: 3.1170 	 Intent loss: 0.2097
Slot loss: 2.2658 	 Intent loss: 0.1796
Slot loss: 2.9167 	 Intent loss: 0.1924
Slot loss: 3.2986 	 Intent loss: 0.1799
Slot loss: 3.4501 	 Intent loss: 0.2780
********************
Epoch: [64/150], Intent Val Acc: 98.2857 	 Slot F1 score: 84.1239
********************
Best Intent Acc: 98.2857 at Epoch: [64]
Best F1 score: 85.7378 at Epoch: [58]
Slot loss: 2.6797 	 Intent loss: 0.3016
Slot loss: 2.9192 	 Intent loss: 0.1663
Slot loss: 3.1805 	 Intent loss: 0.2346
Slot loss: 2.8696 	 Intent loss: 0.2813
Slot loss: 2.5125 	 Intent loss: 0.1473
Slot loss: 3.2753 	 Intent loss: 0.2295
Slot loss: 2.8382 	 Intent loss: 0.2594
Slot loss: 3.4098 	 Intent loss: 0.1169
********************
Epoch: [65/150], Intent Val Acc: 97.5714 	 Slot F1 score: 84.3921
********************
Best Intent Acc: 98.2857 at Epoch: [64]
Best F1 score: 85.7378 at Epoch: [58]
Slot loss: 2.7789 	 Intent loss: 0.1604
Slot loss: 2.8630 	 Intent loss: 0.2914
Slot loss: 2.6160 	 Intent loss: 0.1240
Slot loss: 2.7143 	 Intent loss: 0.2457
Slot loss: 2.3313 	 Intent loss: 0.1523
Slot loss: 3.3204 	 Intent loss: 0.2971
Slot loss: 3.3546 	 Intent loss: 0.1836
Slot loss: 2.6016 	 Intent loss: 0.2012
********************
Epoch: [66/150], Intent Val Acc: 97.8571 	 Slot F1 score: 83.9168
********************
Best Intent Acc: 98.2857 at Epoch: [64]
Best F1 score: 85.7378 at Epoch: [58]
Slot loss: 2.8126 	 Intent loss: 0.1775
Slot loss: 2.7265 	 Intent loss: 0.1624
Slot loss: 2.2121 	 Intent loss: 0.1455
Slot loss: 2.6368 	 Intent loss: 0.2622
Slot loss: 2.9903 	 Intent loss: 0.3192
Slot loss: 2.8157 	 Intent loss: 0.1791
Slot loss: 3.5770 	 Intent loss: 0.2634
Slot loss: 3.1024 	 Intent loss: 0.2206
********************
Epoch: [67/150], Intent Val Acc: 98.2857 	 Slot F1 score: 84.9315
********************
Best Intent Acc: 98.2857 at Epoch: [64]
Best F1 score: 85.7378 at Epoch: [58]
Slot loss: 1.9275 	 Intent loss: 0.1506
Slot loss: 2.6106 	 Intent loss: 0.1842
Slot loss: 2.9843 	 Intent loss: 0.1786
Slot loss: 3.0560 	 Intent loss: 0.2375
Slot loss: 2.5044 	 Intent loss: 0.2500
Slot loss: 3.4631 	 Intent loss: 0.3203
Slot loss: 2.5136 	 Intent loss: 0.1656
Slot loss: 3.9455 	 Intent loss: 0.2242
********************
Epoch: [68/150], Intent Val Acc: 97.7143 	 Slot F1 score: 84.0175
********************
Best Intent Acc: 98.2857 at Epoch: [64]
Best F1 score: 85.7378 at Epoch: [58]
Slot loss: 2.3010 	 Intent loss: 0.0922
Slot loss: 3.1031 	 Intent loss: 0.1720
Slot loss: 2.5270 	 Intent loss: 0.1761
Slot loss: 2.3137 	 Intent loss: 0.2432
Slot loss: 1.9809 	 Intent loss: 0.0848
Slot loss: 2.9143 	 Intent loss: 0.2862
Slot loss: 3.3400 	 Intent loss: 0.1646
Slot loss: 3.0564 	 Intent loss: 0.2702
********************
Epoch: [69/150], Intent Val Acc: 97.2857 	 Slot F1 score: 83.9749
********************
Best Intent Acc: 98.2857 at Epoch: [64]
Best F1 score: 85.7378 at Epoch: [58]
Slot loss: 3.1798 	 Intent loss: 0.1621
Slot loss: 2.6525 	 Intent loss: 0.2373
Slot loss: 2.8499 	 Intent loss: 0.1256
Slot loss: 2.1393 	 Intent loss: 0.0730
Slot loss: 3.2600 	 Intent loss: 0.3567
Slot loss: 2.9445 	 Intent loss: 0.3197
Slot loss: 3.4254 	 Intent loss: 0.2294
Slot loss: 2.4036 	 Intent loss: 0.1461
********************
Epoch: [70/150], Intent Val Acc: 97.5714 	 Slot F1 score: 84.0524
********************
Best Intent Acc: 98.2857 at Epoch: [64]
Best F1 score: 85.7378 at Epoch: [58]
Slot loss: 1.7482 	 Intent loss: 0.1784
Slot loss: 2.7958 	 Intent loss: 0.3312
Slot loss: 3.1464 	 Intent loss: 0.1896
Slot loss: 2.9528 	 Intent loss: 0.2844
Slot loss: 2.9368 	 Intent loss: 0.2459
Slot loss: 3.3480 	 Intent loss: 0.2675
Slot loss: 2.3907 	 Intent loss: 0.1037
Slot loss: 2.9788 	 Intent loss: 0.1924
********************
Epoch: [71/150], Intent Val Acc: 97.5714 	 Slot F1 score: 84.7504
********************
Best Intent Acc: 98.2857 at Epoch: [64]
Best F1 score: 85.7378 at Epoch: [58]
Slot loss: 3.0392 	 Intent loss: 0.2418
Slot loss: 2.3602 	 Intent loss: 0.1795
Slot loss: 2.4167 	 Intent loss: 0.0779
Slot loss: 2.7728 	 Intent loss: 0.2228
Slot loss: 2.7134 	 Intent loss: 0.2205
Slot loss: 3.6657 	 Intent loss: 0.2950
Slot loss: 3.4053 	 Intent loss: 0.1965
Slot loss: 2.8665 	 Intent loss: 0.1930
********************
Epoch: [72/150], Intent Val Acc: 97.5714 	 Slot F1 score: 84.6175
********************
Best Intent Acc: 98.2857 at Epoch: [64]
Best F1 score: 85.7378 at Epoch: [58]
Slot loss: 2.4151 	 Intent loss: 0.1886
Slot loss: 2.3484 	 Intent loss: 0.2111
Slot loss: 3.0856 	 Intent loss: 0.2051
Slot loss: 2.6757 	 Intent loss: 0.1956
Slot loss: 3.0663 	 Intent loss: 0.2070
Slot loss: 2.3417 	 Intent loss: 0.1736
Slot loss: 2.8580 	 Intent loss: 0.2308
Slot loss: 2.9595 	 Intent loss: 0.2184
********************
Epoch: [73/150], Intent Val Acc: 98.1429 	 Slot F1 score: 84.7337
********************
Best Intent Acc: 98.2857 at Epoch: [64]
Best F1 score: 85.7378 at Epoch: [58]
Slot loss: 1.9332 	 Intent loss: 0.1541
Slot loss: 2.9018 	 Intent loss: 0.2311
Slot loss: 2.6081 	 Intent loss: 0.1373
Slot loss: 2.7308 	 Intent loss: 0.1754
Slot loss: 2.9025 	 Intent loss: 0.2316
Slot loss: 2.8004 	 Intent loss: 0.1686
Slot loss: 2.7619 	 Intent loss: 0.3812
Slot loss: 2.5921 	 Intent loss: 0.1914
********************
Epoch: [74/150], Intent Val Acc: 98.0000 	 Slot F1 score: 84.4274
********************
Best Intent Acc: 98.2857 at Epoch: [64]
Best F1 score: 85.7378 at Epoch: [58]
Slot loss: 2.2084 	 Intent loss: 0.1234
Slot loss: 2.6574 	 Intent loss: 0.1710
Slot loss: 3.0423 	 Intent loss: 0.1072
Slot loss: 2.5388 	 Intent loss: 0.2481
Slot loss: 2.7446 	 Intent loss: 0.3372
Slot loss: 3.2098 	 Intent loss: 0.2896
Slot loss: 3.4991 	 Intent loss: 0.2226
Slot loss: 2.8530 	 Intent loss: 0.2263
********************
Epoch: [75/150], Intent Val Acc: 97.7143 	 Slot F1 score: 84.1846
********************
Best Intent Acc: 98.2857 at Epoch: [64]
Best F1 score: 85.7378 at Epoch: [58]
Slot loss: 2.0426 	 Intent loss: 0.2257
Slot loss: 2.4464 	 Intent loss: 0.1988
Slot loss: 2.7924 	 Intent loss: 0.2117
Slot loss: 2.3521 	 Intent loss: 0.0758
Slot loss: 3.5799 	 Intent loss: 0.3465
Slot loss: 3.0225 	 Intent loss: 0.2460
Slot loss: 2.9575 	 Intent loss: 0.1961
Slot loss: 2.6160 	 Intent loss: 0.2626
********************
Epoch: [76/150], Intent Val Acc: 98.2857 	 Slot F1 score: 83.7514
********************
Best Intent Acc: 98.2857 at Epoch: [64]
Best F1 score: 85.7378 at Epoch: [58]
Slot loss: 2.6185 	 Intent loss: 0.1701
Slot loss: 2.2626 	 Intent loss: 0.1934
Slot loss: 2.4924 	 Intent loss: 0.1004
Slot loss: 1.9734 	 Intent loss: 0.1977
Slot loss: 2.9972 	 Intent loss: 0.3671
Slot loss: 4.5426 	 Intent loss: 0.4229
Slot loss: 2.4287 	 Intent loss: 0.1628
Slot loss: 3.0014 	 Intent loss: 0.2019
********************
Epoch: [77/150], Intent Val Acc: 97.5714 	 Slot F1 score: 84.8369
********************
Best Intent Acc: 98.2857 at Epoch: [64]
Best F1 score: 85.7378 at Epoch: [58]
Slot loss: 2.8749 	 Intent loss: 0.3259
Slot loss: 2.3208 	 Intent loss: 0.2530
Slot loss: 2.7812 	 Intent loss: 0.2371
Slot loss: 2.9105 	 Intent loss: 0.2361
Slot loss: 2.8334 	 Intent loss: 0.1950
Slot loss: 3.7657 	 Intent loss: 0.2525
Slot loss: 2.0913 	 Intent loss: 0.1484
Slot loss: 4.0640 	 Intent loss: 0.2989
********************
Epoch: [78/150], Intent Val Acc: 97.1429 	 Slot F1 score: 83.6612
********************
Best Intent Acc: 98.2857 at Epoch: [64]
Best F1 score: 85.7378 at Epoch: [58]
Slot loss: 2.9243 	 Intent loss: 0.2479
Slot loss: 3.9939 	 Intent loss: 0.3416
Slot loss: 1.9712 	 Intent loss: 0.1865
Slot loss: 2.2254 	 Intent loss: 0.1864
Slot loss: 3.3888 	 Intent loss: 0.2539
Slot loss: 3.3991 	 Intent loss: 0.1552
Slot loss: 2.8125 	 Intent loss: 0.3828
Slot loss: 2.2986 	 Intent loss: 0.0925
********************
Epoch: [79/150], Intent Val Acc: 97.7143 	 Slot F1 score: 85.0178
********************
Best Intent Acc: 98.2857 at Epoch: [64]
Best F1 score: 85.7378 at Epoch: [58]
Slot loss: 3.0121 	 Intent loss: 0.1627
Slot loss: 2.1133 	 Intent loss: 0.2035
Slot loss: 2.1433 	 Intent loss: 0.1440
Slot loss: 2.8538 	 Intent loss: 0.1376
Slot loss: 2.9017 	 Intent loss: 0.1797
Slot loss: 2.7171 	 Intent loss: 0.3112
Slot loss: 2.8145 	 Intent loss: 0.3012
Slot loss: 2.9995 	 Intent loss: 0.2509
********************
Epoch: [80/150], Intent Val Acc: 98.0000 	 Slot F1 score: 83.9628
********************
Best Intent Acc: 98.2857 at Epoch: [64]
Best F1 score: 85.7378 at Epoch: [58]
Slot loss: 2.9472 	 Intent loss: 0.1942
Slot loss: 2.7431 	 Intent loss: 0.1002
Slot loss: 3.7246 	 Intent loss: 0.2701
Slot loss: 2.5212 	 Intent loss: 0.2357
Slot loss: 2.3904 	 Intent loss: 0.1672
Slot loss: 3.0068 	 Intent loss: 0.1399
Slot loss: 3.0177 	 Intent loss: 0.2032
Slot loss: 2.9537 	 Intent loss: 0.1732
********************
Epoch: [81/150], Intent Val Acc: 97.8571 	 Slot F1 score: 85.1181
********************
Best Intent Acc: 98.2857 at Epoch: [64]
Best F1 score: 85.7378 at Epoch: [58]
Slot loss: 2.7802 	 Intent loss: 0.1673
Slot loss: 1.9926 	 Intent loss: 0.1508
Slot loss: 2.6312 	 Intent loss: 0.2767
Slot loss: 2.4251 	 Intent loss: 0.1228
Slot loss: 3.0621 	 Intent loss: 0.1588
Slot loss: 2.9900 	 Intent loss: 0.3921
Slot loss: 3.1512 	 Intent loss: 0.1890
Slot loss: 2.7471 	 Intent loss: 0.1567
********************
Epoch: [82/150], Intent Val Acc: 98.1429 	 Slot F1 score: 85.0055
********************
Best Intent Acc: 98.2857 at Epoch: [64]
Best F1 score: 85.7378 at Epoch: [58]
Slot loss: 1.9041 	 Intent loss: 0.0856
Slot loss: 2.7163 	 Intent loss: 0.1148
Slot loss: 2.3871 	 Intent loss: 0.1976
Slot loss: 3.1316 	 Intent loss: 0.2562
Slot loss: 2.6490 	 Intent loss: 0.2284
Slot loss: 3.2827 	 Intent loss: 0.2900
Slot loss: 3.1286 	 Intent loss: 0.2442
Slot loss: 2.8392 	 Intent loss: 0.1634
********************
Epoch: [83/150], Intent Val Acc: 97.4286 	 Slot F1 score: 84.2509
********************
Best Intent Acc: 98.2857 at Epoch: [64]
Best F1 score: 85.7378 at Epoch: [58]
Slot loss: 2.0788 	 Intent loss: 0.1747
Slot loss: 2.5280 	 Intent loss: 0.2091
Slot loss: 2.1215 	 Intent loss: 0.1320
Slot loss: 2.8426 	 Intent loss: 0.1748
Slot loss: 3.1117 	 Intent loss: 0.2845
Slot loss: 2.9975 	 Intent loss: 0.2380
Slot loss: 3.0144 	 Intent loss: 0.1585
Slot loss: 2.5003 	 Intent loss: 0.2250
********************
Epoch: [84/150], Intent Val Acc: 97.7143 	 Slot F1 score: 84.1239
********************
Best Intent Acc: 98.2857 at Epoch: [64]
Best F1 score: 85.7378 at Epoch: [58]
Slot loss: 2.4912 	 Intent loss: 0.1421
Slot loss: 2.1771 	 Intent loss: 0.1628
Slot loss: 3.4958 	 Intent loss: 0.2869
Slot loss: 2.6910 	 Intent loss: 0.3039
Slot loss: 2.4965 	 Intent loss: 0.1612
Slot loss: 2.8556 	 Intent loss: 0.2746
Slot loss: 3.0256 	 Intent loss: 0.1524
Slot loss: 2.8648 	 Intent loss: 0.2617
********************
Epoch: [85/150], Intent Val Acc: 97.7143 	 Slot F1 score: 84.4932
********************
Best Intent Acc: 98.2857 at Epoch: [64]
Best F1 score: 85.7378 at Epoch: [58]
Slot loss: 3.2694 	 Intent loss: 0.1537
Slot loss: 2.2694 	 Intent loss: 0.1373
Slot loss: 2.5766 	 Intent loss: 0.1065
Slot loss: 2.7096 	 Intent loss: 0.2198
Slot loss: 1.8109 	 Intent loss: 0.1845
Slot loss: 3.0417 	 Intent loss: 0.2325
Slot loss: 2.7481 	 Intent loss: 0.2255
Slot loss: 3.5384 	 Intent loss: 0.2868
********************
Epoch: [86/150], Intent Val Acc: 97.4286 	 Slot F1 score: 84.3836
********************
Best Intent Acc: 98.2857 at Epoch: [64]
Best F1 score: 85.7378 at Epoch: [58]
Slot loss: 2.4848 	 Intent loss: 0.2139
Slot loss: 2.5885 	 Intent loss: 0.1126
Slot loss: 2.4938 	 Intent loss: 0.1539
Slot loss: 2.3269 	 Intent loss: 0.1048
Slot loss: 3.1282 	 Intent loss: 0.2133
Slot loss: 2.7396 	 Intent loss: 0.2374
Slot loss: 3.3735 	 Intent loss: 0.2229
Slot loss: 2.1724 	 Intent loss: 0.1987
********************
Epoch: [87/150], Intent Val Acc: 98.0000 	 Slot F1 score: 83.7882
********************
Best Intent Acc: 98.2857 at Epoch: [64]
Best F1 score: 85.7378 at Epoch: [58]
Slot loss: 3.3579 	 Intent loss: 0.2709
Slot loss: 2.5456 	 Intent loss: 0.1423
Slot loss: 2.1850 	 Intent loss: 0.0972
Slot loss: 2.1418 	 Intent loss: 0.1443
Slot loss: 2.7491 	 Intent loss: 0.2402
Slot loss: 3.0437 	 Intent loss: 0.1634
Slot loss: 2.6361 	 Intent loss: 0.1946
Slot loss: 3.7191 	 Intent loss: 0.2990
********************
Epoch: [88/150], Intent Val Acc: 98.1429 	 Slot F1 score: 83.6057
********************
Best Intent Acc: 98.2857 at Epoch: [64]
Best F1 score: 85.7378 at Epoch: [58]
Slot loss: 2.1736 	 Intent loss: 0.1584
Slot loss: 2.5551 	 Intent loss: 0.2297
Slot loss: 2.5138 	 Intent loss: 0.2066
Slot loss: 2.6480 	 Intent loss: 0.1011
Slot loss: 3.2083 	 Intent loss: 0.2258
Slot loss: 3.1267 	 Intent loss: 0.2111
Slot loss: 2.2773 	 Intent loss: 0.1373
Slot loss: 3.2203 	 Intent loss: 0.1530
********************
Epoch: [89/150], Intent Val Acc: 97.2857 	 Slot F1 score: 84.7142
********************
Best Intent Acc: 98.2857 at Epoch: [64]
Best F1 score: 85.7378 at Epoch: [58]
Slot loss: 2.5254 	 Intent loss: 0.1821
Slot loss: 2.0578 	 Intent loss: 0.1721
Slot loss: 2.3223 	 Intent loss: 0.2440
Slot loss: 3.3518 	 Intent loss: 0.1398
Slot loss: 2.6350 	 Intent loss: 0.1621
Slot loss: 3.0094 	 Intent loss: 0.1784
Slot loss: 2.4738 	 Intent loss: 0.1637
Slot loss: 2.9779 	 Intent loss: 0.1427
********************
Epoch: [90/150], Intent Val Acc: 98.0000 	 Slot F1 score: 84.7616
********************
Best Intent Acc: 98.2857 at Epoch: [64]
Best F1 score: 85.7378 at Epoch: [58]
Slot loss: 1.8223 	 Intent loss: 0.1152
Slot loss: 2.1274 	 Intent loss: 0.1790
Slot loss: 3.1668 	 Intent loss: 0.1773
Slot loss: 2.7756 	 Intent loss: 0.2553
Slot loss: 2.8467 	 Intent loss: 0.1379
Slot loss: 3.0764 	 Intent loss: 0.1195
Slot loss: 2.2663 	 Intent loss: 0.2278
Slot loss: 2.7760 	 Intent loss: 0.2212
********************
Epoch: [91/150], Intent Val Acc: 98.1429 	 Slot F1 score: 84.0580
********************
Best Intent Acc: 98.2857 at Epoch: [64]
Best F1 score: 85.7378 at Epoch: [58]
Slot loss: 2.6137 	 Intent loss: 0.2117
Slot loss: 2.2321 	 Intent loss: 0.2773
Slot loss: 2.8659 	 Intent loss: 0.1680
Slot loss: 3.3116 	 Intent loss: 0.1926
Slot loss: 2.4220 	 Intent loss: 0.1503
Slot loss: 2.3445 	 Intent loss: 0.1397
Slot loss: 2.4836 	 Intent loss: 0.1838
Slot loss: 2.7638 	 Intent loss: 0.1669
********************
Epoch: [92/150], Intent Val Acc: 97.0000 	 Slot F1 score: 84.1644
********************
Best Intent Acc: 98.2857 at Epoch: [64]
Best F1 score: 85.7378 at Epoch: [58]
Slot loss: 2.0526 	 Intent loss: 0.1117
Slot loss: 2.5165 	 Intent loss: 0.2388
Slot loss: 1.7150 	 Intent loss: 0.1558
Slot loss: 2.5494 	 Intent loss: 0.0784
Slot loss: 3.2916 	 Intent loss: 0.2778
Slot loss: 2.1126 	 Intent loss: 0.1540
Slot loss: 2.3438 	 Intent loss: 0.2818
Slot loss: 3.8233 	 Intent loss: 0.2276
********************
Epoch: [93/150], Intent Val Acc: 97.8571 	 Slot F1 score: 84.0556
********************
Best Intent Acc: 98.2857 at Epoch: [64]
Best F1 score: 85.7378 at Epoch: [58]
Slot loss: 2.3059 	 Intent loss: 0.2225
Slot loss: 2.5629 	 Intent loss: 0.1631
Slot loss: 3.2157 	 Intent loss: 0.1981
Slot loss: 3.0810 	 Intent loss: 0.2001
Slot loss: 2.5314 	 Intent loss: 0.1761
Slot loss: 2.3946 	 Intent loss: 0.1748
Slot loss: 2.3682 	 Intent loss: 0.2612
Slot loss: 2.6497 	 Intent loss: 0.2567
********************
Epoch: [94/150], Intent Val Acc: 98.0000 	 Slot F1 score: 84.1961
********************
Best Intent Acc: 98.2857 at Epoch: [64]
Best F1 score: 85.7378 at Epoch: [58]
Slot loss: 2.1332 	 Intent loss: 0.1486
Slot loss: 1.9192 	 Intent loss: 0.1048
Slot loss: 3.1622 	 Intent loss: 0.1362
Slot loss: 3.4818 	 Intent loss: 0.1521
Slot loss: 1.9911 	 Intent loss: 0.2682
Slot loss: 2.7049 	 Intent loss: 0.1689
Slot loss: 3.3645 	 Intent loss: 0.2329
Slot loss: 3.3155 	 Intent loss: 0.2190
********************
Epoch: [95/150], Intent Val Acc: 98.1429 	 Slot F1 score: 85.0151
********************
Best Intent Acc: 98.2857 at Epoch: [64]
Best F1 score: 85.7378 at Epoch: [58]
Slot loss: 2.4629 	 Intent loss: 0.1852
Slot loss: 2.9584 	 Intent loss: 0.2047
Slot loss: 2.5815 	 Intent loss: 0.1679
Slot loss: 2.6319 	 Intent loss: 0.1285
Slot loss: 3.2985 	 Intent loss: 0.0731
Slot loss: 2.6662 	 Intent loss: 0.2359
Slot loss: 2.8827 	 Intent loss: 0.2319
Slot loss: 2.0655 	 Intent loss: 0.2163
********************
Epoch: [96/150], Intent Val Acc: 98.2857 	 Slot F1 score: 83.9506
********************
Best Intent Acc: 98.2857 at Epoch: [64]
Best F1 score: 85.7378 at Epoch: [58]
Slot loss: 2.3088 	 Intent loss: 0.1434
Slot loss: 2.7552 	 Intent loss: 0.2444
Slot loss: 2.7655 	 Intent loss: 0.2210
Slot loss: 3.0109 	 Intent loss: 0.2069
Slot loss: 3.2435 	 Intent loss: 0.1737
Slot loss: 2.2847 	 Intent loss: 0.2108
Slot loss: 2.9519 	 Intent loss: 0.1851
Slot loss: 2.9017 	 Intent loss: 0.1002
********************
Epoch: [97/150], Intent Val Acc: 98.5714 	 Slot F1 score: 83.7247
********************
Best Intent Acc: 98.5714 at Epoch: [97]
Best F1 score: 85.7378 at Epoch: [58]
Slot loss: 2.1815 	 Intent loss: 0.2058
Slot loss: 2.1861 	 Intent loss: 0.1589
Slot loss: 2.6622 	 Intent loss: 0.1305
Slot loss: 2.4059 	 Intent loss: 0.1164
Slot loss: 2.6769 	 Intent loss: 0.2819
Slot loss: 2.5259 	 Intent loss: 0.1501
Slot loss: 3.4646 	 Intent loss: 0.1834
Slot loss: 2.8342 	 Intent loss: 0.1714
********************
Epoch: [98/150], Intent Val Acc: 97.8571 	 Slot F1 score: 83.9770
********************
Best Intent Acc: 98.5714 at Epoch: [97]
Best F1 score: 85.7378 at Epoch: [58]
Slot loss: 2.3549 	 Intent loss: 0.1591
Slot loss: 2.6628 	 Intent loss: 0.2228
Slot loss: 1.6796 	 Intent loss: 0.2020
Slot loss: 2.3170 	 Intent loss: 0.2133
Slot loss: 2.3146 	 Intent loss: 0.1757
Slot loss: 2.8620 	 Intent loss: 0.2164
Slot loss: 3.4149 	 Intent loss: 0.1754
Slot loss: 3.4395 	 Intent loss: 0.2713
********************
Epoch: [99/150], Intent Val Acc: 97.8571 	 Slot F1 score: 83.4792
********************
Best Intent Acc: 98.5714 at Epoch: [97]
Best F1 score: 85.7378 at Epoch: [58]
Slot loss: 2.0980 	 Intent loss: 0.1244
Slot loss: 2.6106 	 Intent loss: 0.1890
Slot loss: 1.7846 	 Intent loss: 0.1752
Slot loss: 2.2809 	 Intent loss: 0.1199
Slot loss: 2.8951 	 Intent loss: 0.2086
Slot loss: 2.7698 	 Intent loss: 0.2620
Slot loss: 2.3331 	 Intent loss: 0.1452
Slot loss: 2.8249 	 Intent loss: 0.1735
********************
Epoch: [100/150], Intent Val Acc: 98.1429 	 Slot F1 score: 84.2826
********************
Best Intent Acc: 98.5714 at Epoch: [97]
Best F1 score: 85.7378 at Epoch: [58]
Slot loss: 2.3339 	 Intent loss: 0.1596
Slot loss: 2.2584 	 Intent loss: 0.1821
Slot loss: 3.1413 	 Intent loss: 0.2010
Slot loss: 3.2466 	 Intent loss: 0.2297
Slot loss: 2.4458 	 Intent loss: 0.2015
Slot loss: 2.1866 	 Intent loss: 0.2245
Slot loss: 3.1603 	 Intent loss: 0.1525
Slot loss: 2.8871 	 Intent loss: 0.1961
********************
Epoch: [101/150], Intent Val Acc: 97.7143 	 Slot F1 score: 84.2453
********************
Best Intent Acc: 98.5714 at Epoch: [97]
Best F1 score: 85.7378 at Epoch: [58]
Slot loss: 1.8222 	 Intent loss: 0.1462
Slot loss: 3.1418 	 Intent loss: 0.3052
Slot loss: 2.5342 	 Intent loss: 0.1384
Slot loss: 2.7604 	 Intent loss: 0.2055
Slot loss: 2.0884 	 Intent loss: 0.1818
Slot loss: 2.1504 	 Intent loss: 0.1235
Slot loss: 2.7980 	 Intent loss: 0.1114
Slot loss: 2.8607 	 Intent loss: 0.2403
********************
Epoch: [102/150], Intent Val Acc: 97.8571 	 Slot F1 score: 84.3724
********************
Best Intent Acc: 98.5714 at Epoch: [97]
Best F1 score: 85.7378 at Epoch: [58]
Slot loss: 2.7468 	 Intent loss: 0.1417
Slot loss: 2.4377 	 Intent loss: 0.1596
Slot loss: 2.1823 	 Intent loss: 0.1628
Slot loss: 2.1781 	 Intent loss: 0.1801
Slot loss: 2.6281 	 Intent loss: 0.1465
Slot loss: 2.3715 	 Intent loss: 0.1932
Slot loss: 2.5991 	 Intent loss: 0.2283
Slot loss: 3.2390 	 Intent loss: 0.3580
********************
Epoch: [103/150], Intent Val Acc: 97.7143 	 Slot F1 score: 84.7868
********************
Best Intent Acc: 98.5714 at Epoch: [97]
Best F1 score: 85.7378 at Epoch: [58]
Slot loss: 2.1995 	 Intent loss: 0.1288
Slot loss: 2.0741 	 Intent loss: 0.2343
Slot loss: 2.9207 	 Intent loss: 0.2104
Slot loss: 2.5983 	 Intent loss: 0.2632
Slot loss: 2.9563 	 Intent loss: 0.1380
Slot loss: 2.5118 	 Intent loss: 0.1483
Slot loss: 2.8564 	 Intent loss: 0.3143
Slot loss: 3.2088 	 Intent loss: 0.3258
********************
Epoch: [104/150], Intent Val Acc: 98.1429 	 Slot F1 score: 83.8462
********************
Best Intent Acc: 98.5714 at Epoch: [97]
Best F1 score: 85.7378 at Epoch: [58]
Slot loss: 2.0862 	 Intent loss: 0.1307
Slot loss: 2.5624 	 Intent loss: 0.1656
Slot loss: 3.0854 	 Intent loss: 0.2771
Slot loss: 2.1809 	 Intent loss: 0.1387
Slot loss: 3.0621 	 Intent loss: 0.2160
Slot loss: 2.8118 	 Intent loss: 0.2041
Slot loss: 3.2311 	 Intent loss: 0.1499
Slot loss: 2.8044 	 Intent loss: 0.2825
********************
Epoch: [105/150], Intent Val Acc: 97.8571 	 Slot F1 score: 84.1584
********************
Best Intent Acc: 98.5714 at Epoch: [97]
Best F1 score: 85.7378 at Epoch: [58]
Slot loss: 1.6148 	 Intent loss: 0.1075
Slot loss: 1.7237 	 Intent loss: 0.2416
Slot loss: 3.1444 	 Intent loss: 0.2111
Slot loss: 3.2632 	 Intent loss: 0.2998
Slot loss: 3.0062 	 Intent loss: 0.2643
Slot loss: 2.6203 	 Intent loss: 0.1802
Slot loss: 2.0078 	 Intent loss: 0.0765
Slot loss: 3.3162 	 Intent loss: 0.2382
********************
Epoch: [106/150], Intent Val Acc: 97.5714 	 Slot F1 score: 83.9153
********************
Best Intent Acc: 98.5714 at Epoch: [97]
Best F1 score: 85.7378 at Epoch: [58]
Slot loss: 2.1239 	 Intent loss: 0.1283
Slot loss: 1.9758 	 Intent loss: 0.1883
Slot loss: 1.9120 	 Intent loss: 0.1636
Slot loss: 3.1107 	 Intent loss: 0.1299
Slot loss: 2.0578 	 Intent loss: 0.1272
Slot loss: 3.3008 	 Intent loss: 0.2513
Slot loss: 3.0300 	 Intent loss: 0.2917
Slot loss: 2.2457 	 Intent loss: 0.1871
********************
Epoch: [107/150], Intent Val Acc: 97.5714 	 Slot F1 score: 83.6852
********************
Best Intent Acc: 98.5714 at Epoch: [97]
Best F1 score: 85.7378 at Epoch: [58]
Slot loss: 2.2639 	 Intent loss: 0.2446
Slot loss: 2.4556 	 Intent loss: 0.1396
Slot loss: 2.9938 	 Intent loss: 0.3053
Slot loss: 3.3706 	 Intent loss: 0.2326
Slot loss: 2.0594 	 Intent loss: 0.1049
Slot loss: 2.6746 	 Intent loss: 0.1091
Slot loss: 2.8901 	 Intent loss: 0.1228
Slot loss: 2.4774 	 Intent loss: 0.2265
********************
Epoch: [108/150], Intent Val Acc: 97.8571 	 Slot F1 score: 83.7414
********************
Best Intent Acc: 98.5714 at Epoch: [97]
Best F1 score: 85.7378 at Epoch: [58]
Slot loss: 2.5667 	 Intent loss: 0.1832
Slot loss: 2.7367 	 Intent loss: 0.2205
Slot loss: 2.3368 	 Intent loss: 0.0897
Slot loss: 2.5970 	 Intent loss: 0.1125
Slot loss: 2.3593 	 Intent loss: 0.1471
Slot loss: 3.3616 	 Intent loss: 0.3733
Slot loss: 2.8939 	 Intent loss: 0.2153
Slot loss: 2.7919 	 Intent loss: 0.1872
********************
Epoch: [109/150], Intent Val Acc: 97.7143 	 Slot F1 score: 83.8445
********************
Best Intent Acc: 98.5714 at Epoch: [97]
Best F1 score: 85.7378 at Epoch: [58]
Slot loss: 2.8130 	 Intent loss: 0.1477
Slot loss: 2.2854 	 Intent loss: 0.2203
Slot loss: 2.2756 	 Intent loss: 0.2472
Slot loss: 2.2594 	 Intent loss: 0.1621
Slot loss: 2.6629 	 Intent loss: 0.1592
Slot loss: 2.6344 	 Intent loss: 0.1817
Slot loss: 2.5293 	 Intent loss: 0.1829
Slot loss: 3.0176 	 Intent loss: 0.1988
********************
Epoch: [110/150], Intent Val Acc: 97.1429 	 Slot F1 score: 83.5346
********************
Best Intent Acc: 98.5714 at Epoch: [97]
Best F1 score: 85.7378 at Epoch: [58]
Slot loss: 2.1464 	 Intent loss: 0.1113
Slot loss: 2.7914 	 Intent loss: 0.1756
Slot loss: 2.9531 	 Intent loss: 0.1361
Slot loss: 2.4107 	 Intent loss: 0.1404
Slot loss: 2.4579 	 Intent loss: 0.1287
Slot loss: 2.9280 	 Intent loss: 0.1570
Slot loss: 1.9065 	 Intent loss: 0.2421
Slot loss: 2.7372 	 Intent loss: 0.2658
********************
Epoch: [111/150], Intent Val Acc: 97.4286 	 Slot F1 score: 83.5021
********************
Best Intent Acc: 98.5714 at Epoch: [97]
Best F1 score: 85.7378 at Epoch: [58]
Slot loss: 2.2749 	 Intent loss: 0.1200
Slot loss: 1.9514 	 Intent loss: 0.1625
Slot loss: 3.1778 	 Intent loss: 0.1285
Slot loss: 2.3393 	 Intent loss: 0.1588
Slot loss: 2.0888 	 Intent loss: 0.1310
Slot loss: 2.7663 	 Intent loss: 0.1633
Slot loss: 2.5805 	 Intent loss: 0.2221
Slot loss: 3.1204 	 Intent loss: 0.3998
********************
Epoch: [112/150], Intent Val Acc: 97.5714 	 Slot F1 score: 83.7349
********************
Best Intent Acc: 98.5714 at Epoch: [97]
Best F1 score: 85.7378 at Epoch: [58]
Slot loss: 2.6792 	 Intent loss: 0.2437
Slot loss: 2.6912 	 Intent loss: 0.1864
Slot loss: 2.2920 	 Intent loss: 0.2442
Slot loss: 2.7003 	 Intent loss: 0.1246
Slot loss: 2.0809 	 Intent loss: 0.1411
Slot loss: 3.2895 	 Intent loss: 0.1785
Slot loss: 2.5485 	 Intent loss: 0.1898
Slot loss: 2.1772 	 Intent loss: 0.1493
********************
Epoch: [113/150], Intent Val Acc: 97.7143 	 Slot F1 score: 83.9967
********************
Best Intent Acc: 98.5714 at Epoch: [97]
Best F1 score: 85.7378 at Epoch: [58]
Slot loss: 2.0480 	 Intent loss: 0.1023
Slot loss: 2.4165 	 Intent loss: 0.2457
Slot loss: 2.5145 	 Intent loss: 0.2006
Slot loss: 2.6402 	 Intent loss: 0.1609
Slot loss: 2.6805 	 Intent loss: 0.1352
Slot loss: 2.3959 	 Intent loss: 0.2166
Slot loss: 2.9379 	 Intent loss: 0.2325
Slot loss: 2.1937 	 Intent loss: 0.2545
********************
Epoch: [114/150], Intent Val Acc: 98.1429 	 Slot F1 score: 84.4444
********************
Best Intent Acc: 98.5714 at Epoch: [97]
Best F1 score: 85.7378 at Epoch: [58]
Slot loss: 2.2172 	 Intent loss: 0.2286
Slot loss: 2.2101 	 Intent loss: 0.2229
Slot loss: 2.4558 	 Intent loss: 0.1488
Slot loss: 2.6236 	 Intent loss: 0.1128
Slot loss: 2.1123 	 Intent loss: 0.2919
Slot loss: 2.9092 	 Intent loss: 0.1757
Slot loss: 3.3860 	 Intent loss: 0.3010
Slot loss: 2.6483 	 Intent loss: 0.2377
********************
Epoch: [115/150], Intent Val Acc: 97.7143 	 Slot F1 score: 85.0714
********************
Best Intent Acc: 98.5714 at Epoch: [97]
Best F1 score: 85.7378 at Epoch: [58]
Slot loss: 2.5337 	 Intent loss: 0.1605
Slot loss: 1.9924 	 Intent loss: 0.1016
Slot loss: 2.0655 	 Intent loss: 0.2071
Slot loss: 1.9110 	 Intent loss: 0.1496
Slot loss: 2.3240 	 Intent loss: 0.1752
Slot loss: 3.0477 	 Intent loss: 0.1985
Slot loss: 2.4106 	 Intent loss: 0.2552
Slot loss: 2.7278 	 Intent loss: 0.2411
********************
Epoch: [116/150], Intent Val Acc: 97.4286 	 Slot F1 score: 84.0263
********************
Best Intent Acc: 98.5714 at Epoch: [97]
Best F1 score: 85.7378 at Epoch: [58]
Slot loss: 1.7972 	 Intent loss: 0.2177
Slot loss: 2.5917 	 Intent loss: 0.1652
Slot loss: 2.3206 	 Intent loss: 0.1304
Slot loss: 2.9010 	 Intent loss: 0.2539
Slot loss: 2.2316 	 Intent loss: 0.1744
Slot loss: 2.3287 	 Intent loss: 0.1186
Slot loss: 2.8922 	 Intent loss: 0.1830
Slot loss: 2.8091 	 Intent loss: 0.2420
********************
Epoch: [117/150], Intent Val Acc: 97.7143 	 Slot F1 score: 84.7104
********************
Best Intent Acc: 98.5714 at Epoch: [97]
Best F1 score: 85.7378 at Epoch: [58]
Slot loss: 2.4214 	 Intent loss: 0.1368
Slot loss: 2.3165 	 Intent loss: 0.1798
Slot loss: 1.7079 	 Intent loss: 0.1377
Slot loss: 2.4982 	 Intent loss: 0.2365
Slot loss: 2.1939 	 Intent loss: 0.1296
Slot loss: 2.5419 	 Intent loss: 0.2462
Slot loss: 2.7728 	 Intent loss: 0.1471
Slot loss: 3.4789 	 Intent loss: 0.1970
********************
Epoch: [118/150], Intent Val Acc: 97.2857 	 Slot F1 score: 84.0208
********************
Best Intent Acc: 98.5714 at Epoch: [97]
Best F1 score: 85.7378 at Epoch: [58]
Slot loss: 3.0397 	 Intent loss: 0.2378
Slot loss: 2.9390 	 Intent loss: 0.1950
Slot loss: 2.7496 	 Intent loss: 0.2313
Slot loss: 2.5832 	 Intent loss: 0.1279
Slot loss: 2.8423 	 Intent loss: 0.2066
Slot loss: 2.0910 	 Intent loss: 0.1710
Slot loss: 1.9597 	 Intent loss: 0.0875
Slot loss: 2.6505 	 Intent loss: 0.1377
********************
Epoch: [119/150], Intent Val Acc: 97.4286 	 Slot F1 score: 84.3234
********************
Best Intent Acc: 98.5714 at Epoch: [97]
Best F1 score: 85.7378 at Epoch: [58]
Slot loss: 2.6121 	 Intent loss: 0.1921
Slot loss: 2.8892 	 Intent loss: 0.1832
Slot loss: 2.3478 	 Intent loss: 0.2030
Slot loss: 2.0926 	 Intent loss: 0.1518
Slot loss: 2.1346 	 Intent loss: 0.0602
Slot loss: 2.7955 	 Intent loss: 0.2630
Slot loss: 2.4601 	 Intent loss: 0.2023
Slot loss: 2.5472 	 Intent loss: 0.1718
********************
Epoch: [120/150], Intent Val Acc: 97.8571 	 Slot F1 score: 84.2163
********************
Best Intent Acc: 98.5714 at Epoch: [97]
Best F1 score: 85.7378 at Epoch: [58]
Slot loss: 1.6728 	 Intent loss: 0.1143
Slot loss: 2.3811 	 Intent loss: 0.1103
Slot loss: 2.6037 	 Intent loss: 0.1968
Slot loss: 1.8302 	 Intent loss: 0.2305
Slot loss: 3.5341 	 Intent loss: 0.2660
Slot loss: 2.5451 	 Intent loss: 0.2358
Slot loss: 2.5244 	 Intent loss: 0.2490
Slot loss: 3.5242 	 Intent loss: 0.2529
********************
Epoch: [121/150], Intent Val Acc: 98.0000 	 Slot F1 score: 83.6763
********************
Best Intent Acc: 98.5714 at Epoch: [97]
Best F1 score: 85.7378 at Epoch: [58]
Slot loss: 2.5516 	 Intent loss: 0.2163
Slot loss: 2.9465 	 Intent loss: 0.1841
Slot loss: 2.7967 	 Intent loss: 0.3171
Slot loss: 2.4041 	 Intent loss: 0.2582
Slot loss: 2.2898 	 Intent loss: 0.2049
Slot loss: 2.3632 	 Intent loss: 0.1733
Slot loss: 3.4181 	 Intent loss: 0.1703
Slot loss: 3.0116 	 Intent loss: 0.1796
********************
Epoch: [122/150], Intent Val Acc: 97.7143 	 Slot F1 score: 84.5708
********************
Best Intent Acc: 98.5714 at Epoch: [97]
Best F1 score: 85.7378 at Epoch: [58]
Slot loss: 2.4573 	 Intent loss: 0.2989
Slot loss: 1.8942 	 Intent loss: 0.1729
Slot loss: 2.0055 	 Intent loss: 0.1375
Slot loss: 2.4882 	 Intent loss: 0.1557
Slot loss: 2.7559 	 Intent loss: 0.1853
Slot loss: 3.0137 	 Intent loss: 0.1992
Slot loss: 2.8233 	 Intent loss: 0.1062
Slot loss: 2.5778 	 Intent loss: 0.2022
********************
Epoch: [123/150], Intent Val Acc: 97.4286 	 Slot F1 score: 84.5435
********************
Best Intent Acc: 98.5714 at Epoch: [97]
Best F1 score: 85.7378 at Epoch: [58]
Slot loss: 3.0122 	 Intent loss: 0.1713
Slot loss: 2.1843 	 Intent loss: 0.1318
Slot loss: 1.8928 	 Intent loss: 0.1235
Slot loss: 2.7741 	 Intent loss: 0.1410
Slot loss: 2.8788 	 Intent loss: 0.2319
Slot loss: 2.5428 	 Intent loss: 0.1247
Slot loss: 2.7008 	 Intent loss: 0.1480
Slot loss: 3.5103 	 Intent loss: 0.4182
********************
Epoch: [124/150], Intent Val Acc: 97.2857 	 Slot F1 score: 84.5457
********************
Best Intent Acc: 98.5714 at Epoch: [97]
Best F1 score: 85.7378 at Epoch: [58]
Slot loss: 2.0460 	 Intent loss: 0.1669
Slot loss: 2.0712 	 Intent loss: 0.1327
Slot loss: 2.3433 	 Intent loss: 0.1076
Slot loss: 3.1127 	 Intent loss: 0.1942
Slot loss: 2.7007 	 Intent loss: 0.2161
Slot loss: 2.6990 	 Intent loss: 0.3185
Slot loss: 2.7322 	 Intent loss: 0.1678
Slot loss: 2.4721 	 Intent loss: 0.2080
********************
Epoch: [125/150], Intent Val Acc: 97.8571 	 Slot F1 score: 84.4334
********************
Best Intent Acc: 98.5714 at Epoch: [97]
Best F1 score: 85.7378 at Epoch: [58]
Slot loss: 1.7217 	 Intent loss: 0.1856
Slot loss: 2.2389 	 Intent loss: 0.2195
Slot loss: 3.4936 	 Intent loss: 0.2246
Slot loss: 1.5446 	 Intent loss: 0.1266
Slot loss: 3.0226 	 Intent loss: 0.1059
Slot loss: 2.4462 	 Intent loss: 0.1061
Slot loss: 2.7370 	 Intent loss: 0.2266
Slot loss: 2.9177 	 Intent loss: 0.1174
********************
Epoch: [126/150], Intent Val Acc: 97.7143 	 Slot F1 score: 84.7467
********************
Best Intent Acc: 98.5714 at Epoch: [97]
Best F1 score: 85.7378 at Epoch: [58]
Slot loss: 2.0009 	 Intent loss: 0.1114
Slot loss: 2.0911 	 Intent loss: 0.2454
Slot loss: 2.2690 	 Intent loss: 0.1769
Slot loss: 2.5069 	 Intent loss: 0.2917
Slot loss: 2.7267 	 Intent loss: 0.1944
Slot loss: 2.4287 	 Intent loss: 0.2726
Slot loss: 3.0605 	 Intent loss: 0.1663
Slot loss: 3.2282 	 Intent loss: 0.4697
********************
Epoch: [127/150], Intent Val Acc: 97.7143 	 Slot F1 score: 83.9770
********************
Best Intent Acc: 98.5714 at Epoch: [97]
Best F1 score: 85.7378 at Epoch: [58]
Slot loss: 1.7172 	 Intent loss: 0.1506
Slot loss: 2.4817 	 Intent loss: 0.1420
Slot loss: 2.4033 	 Intent loss: 0.1794
Slot loss: 1.8589 	 Intent loss: 0.1037
Slot loss: 2.7446 	 Intent loss: 0.1534
Slot loss: 3.4919 	 Intent loss: 0.2522
Slot loss: 2.5327 	 Intent loss: 0.2056
Slot loss: 3.0646 	 Intent loss: 0.2465
********************
Epoch: [128/150], Intent Val Acc: 97.4286 	 Slot F1 score: 84.6555
********************
Best Intent Acc: 98.5714 at Epoch: [97]
Best F1 score: 85.7378 at Epoch: [58]
Slot loss: 2.2267 	 Intent loss: 0.2390
Slot loss: 2.4285 	 Intent loss: 0.2368
Slot loss: 2.8453 	 Intent loss: 0.2228
Slot loss: 2.5052 	 Intent loss: 0.1363
Slot loss: 2.5015 	 Intent loss: 0.1080
Slot loss: 2.6044 	 Intent loss: 0.1743
Slot loss: 2.2347 	 Intent loss: 0.1617
Slot loss: 2.5335 	 Intent loss: 0.1619
********************
Epoch: [129/150], Intent Val Acc: 97.4286 	 Slot F1 score: 84.1065
********************
Best Intent Acc: 98.5714 at Epoch: [97]
Best F1 score: 85.7378 at Epoch: [58]
Slot loss: 1.8742 	 Intent loss: 0.1369
Slot loss: 2.3039 	 Intent loss: 0.1501
Slot loss: 2.5104 	 Intent loss: 0.1977
Slot loss: 2.2596 	 Intent loss: 0.2012
Slot loss: 2.3308 	 Intent loss: 0.1201
Slot loss: 3.0531 	 Intent loss: 0.3103
Slot loss: 3.3771 	 Intent loss: 0.2971
Slot loss: 2.4840 	 Intent loss: 0.1554
********************
Epoch: [130/150], Intent Val Acc: 96.8571 	 Slot F1 score: 84.2595
********************
Best Intent Acc: 98.5714 at Epoch: [97]
Best F1 score: 85.7378 at Epoch: [58]
Slot loss: 1.9092 	 Intent loss: 0.1771
Slot loss: 1.9539 	 Intent loss: 0.2071
Slot loss: 3.0577 	 Intent loss: 0.1912
Slot loss: 2.5663 	 Intent loss: 0.2710
Slot loss: 2.3997 	 Intent loss: 0.1835
Slot loss: 2.3854 	 Intent loss: 0.1072
Slot loss: 2.4540 	 Intent loss: 0.1635
Slot loss: 3.0105 	 Intent loss: 0.1418
********************
Epoch: [131/150], Intent Val Acc: 97.0000 	 Slot F1 score: 83.9682
********************
Best Intent Acc: 98.5714 at Epoch: [97]
Best F1 score: 85.7378 at Epoch: [58]
Slot loss: 2.7000 	 Intent loss: 0.1489
Slot loss: 2.0084 	 Intent loss: 0.1562
Slot loss: 2.8401 	 Intent loss: 0.2480
Slot loss: 2.5259 	 Intent loss: 0.1623
Slot loss: 2.6255 	 Intent loss: 0.1317
Slot loss: 2.0033 	 Intent loss: 0.1739
Slot loss: 3.4293 	 Intent loss: 0.3168
Slot loss: 2.5718 	 Intent loss: 0.1441
********************
Epoch: [132/150], Intent Val Acc: 97.5714 	 Slot F1 score: 83.4835
********************
Best Intent Acc: 98.5714 at Epoch: [97]
Best F1 score: 85.7378 at Epoch: [58]
Slot loss: 2.6131 	 Intent loss: 0.1995
Slot loss: 2.3726 	 Intent loss: 0.2232
Slot loss: 2.4149 	 Intent loss: 0.0989
Slot loss: 2.2316 	 Intent loss: 0.1054
Slot loss: 2.2700 	 Intent loss: 0.2319
Slot loss: 2.7069 	 Intent loss: 0.2878
Slot loss: 2.5698 	 Intent loss: 0.1471
Slot loss: 3.0792 	 Intent loss: 0.1581
********************
Epoch: [133/150], Intent Val Acc: 97.1429 	 Slot F1 score: 84.2105
********************
Best Intent Acc: 98.5714 at Epoch: [97]
Best F1 score: 85.7378 at Epoch: [58]
Slot loss: 2.2531 	 Intent loss: 0.1064
Slot loss: 3.0342 	 Intent loss: 0.1381
Slot loss: 2.9992 	 Intent loss: 0.2020
Slot loss: 2.1254 	 Intent loss: 0.2033
Slot loss: 2.6193 	 Intent loss: 0.2093
Slot loss: 2.9292 	 Intent loss: 0.1512
Slot loss: 3.0715 	 Intent loss: 0.2920
Slot loss: 3.4252 	 Intent loss: 0.1621
********************
Epoch: [134/150], Intent Val Acc: 97.1429 	 Slot F1 score: 84.9383
********************
Best Intent Acc: 98.5714 at Epoch: [97]
Best F1 score: 85.7378 at Epoch: [58]
Slot loss: 2.7511 	 Intent loss: 0.2297
Slot loss: 2.0096 	 Intent loss: 0.1464
Slot loss: 2.5537 	 Intent loss: 0.1919
Slot loss: 2.3675 	 Intent loss: 0.2581
Slot loss: 2.4668 	 Intent loss: 0.3188
Slot loss: 3.1454 	 Intent loss: 0.2003
Slot loss: 2.5225 	 Intent loss: 0.1353
Slot loss: 2.4297 	 Intent loss: 0.1538
********************
Epoch: [135/150], Intent Val Acc: 97.0000 	 Slot F1 score: 83.7860
********************
Best Intent Acc: 98.5714 at Epoch: [97]
Best F1 score: 85.7378 at Epoch: [58]
Slot loss: 2.3082 	 Intent loss: 0.1224
Slot loss: 2.2240 	 Intent loss: 0.2331
Slot loss: 2.0220 	 Intent loss: 0.2202
Slot loss: 2.4427 	 Intent loss: 0.1852
Slot loss: 2.5379 	 Intent loss: 0.1930
Slot loss: 2.5691 	 Intent loss: 0.2015
Slot loss: 3.0416 	 Intent loss: 0.2409
Slot loss: 2.7383 	 Intent loss: 0.1395
********************
Epoch: [136/150], Intent Val Acc: 97.2857 	 Slot F1 score: 84.1644
********************
Best Intent Acc: 98.5714 at Epoch: [97]
Best F1 score: 85.7378 at Epoch: [58]
Slot loss: 1.7944 	 Intent loss: 0.1329
Slot loss: 2.9143 	 Intent loss: 0.2251
Slot loss: 2.5234 	 Intent loss: 0.0840
Slot loss: 3.0103 	 Intent loss: 0.1969
Slot loss: 2.9833 	 Intent loss: 0.1640
Slot loss: 2.4909 	 Intent loss: 0.1528
Slot loss: 2.6161 	 Intent loss: 0.2635
Slot loss: 2.6246 	 Intent loss: 0.2613
********************
Epoch: [137/150], Intent Val Acc: 97.1429 	 Slot F1 score: 84.3089
********************
Best Intent Acc: 98.5714 at Epoch: [97]
Best F1 score: 85.7378 at Epoch: [58]
Slot loss: 2.1437 	 Intent loss: 0.1074
Slot loss: 2.4820 	 Intent loss: 0.2630
Slot loss: 2.4468 	 Intent loss: 0.1965
Slot loss: 2.4614 	 Intent loss: 0.0987
Slot loss: 2.6886 	 Intent loss: 0.2349
Slot loss: 2.9053 	 Intent loss: 0.2533
Slot loss: 2.1699 	 Intent loss: 0.1210
Slot loss: 2.2528 	 Intent loss: 0.1664
********************
Epoch: [138/150], Intent Val Acc: 97.4286 	 Slot F1 score: 85.1251
********************
Best Intent Acc: 98.5714 at Epoch: [97]
Best F1 score: 85.7378 at Epoch: [58]
Slot loss: 2.1113 	 Intent loss: 0.1341
Slot loss: 2.6727 	 Intent loss: 0.1943
Slot loss: 2.1695 	 Intent loss: 0.1562
Slot loss: 2.3068 	 Intent loss: 0.1315
Slot loss: 2.7743 	 Intent loss: 0.1703
Slot loss: 2.4113 	 Intent loss: 0.1757
Slot loss: 2.8047 	 Intent loss: 0.3200
Slot loss: 2.5442 	 Intent loss: 0.2000
********************
Epoch: [139/150], Intent Val Acc: 97.5714 	 Slot F1 score: 84.7886
********************
Best Intent Acc: 98.5714 at Epoch: [97]
Best F1 score: 85.7378 at Epoch: [58]
Slot loss: 2.1066 	 Intent loss: 0.1236
Slot loss: 2.4678 	 Intent loss: 0.2928
Slot loss: 1.9569 	 Intent loss: 0.0633
Slot loss: 2.6623 	 Intent loss: 0.1621
Slot loss: 2.1078 	 Intent loss: 0.3757
Slot loss: 2.3006 	 Intent loss: 0.2971
Slot loss: 3.7721 	 Intent loss: 0.2646
Slot loss: 2.5157 	 Intent loss: 0.1088
********************
Epoch: [140/150], Intent Val Acc: 96.8571 	 Slot F1 score: 84.4946
********************
Best Intent Acc: 98.5714 at Epoch: [97]
Best F1 score: 85.7378 at Epoch: [58]
Slot loss: 2.0666 	 Intent loss: 0.2086
Slot loss: 1.8291 	 Intent loss: 0.1758
Slot loss: 2.7838 	 Intent loss: 0.1798
Slot loss: 2.1256 	 Intent loss: 0.1202
Slot loss: 2.7926 	 Intent loss: 0.2546
Slot loss: 2.2951 	 Intent loss: 0.1527
Slot loss: 3.3528 	 Intent loss: 0.1985
Slot loss: 2.7412 	 Intent loss: 0.1575
********************
Epoch: [141/150], Intent Val Acc: 97.5714 	 Slot F1 score: 84.4785
********************
Best Intent Acc: 98.5714 at Epoch: [97]
Best F1 score: 85.7378 at Epoch: [58]
Slot loss: 2.4795 	 Intent loss: 0.2281
Slot loss: 2.2272 	 Intent loss: 0.1708
Slot loss: 1.5532 	 Intent loss: 0.1551
Slot loss: 2.3972 	 Intent loss: 0.1918
Slot loss: 2.9461 	 Intent loss: 0.2553
Slot loss: 3.0807 	 Intent loss: 0.1338
Slot loss: 2.0866 	 Intent loss: 0.1460
Slot loss: 2.3415 	 Intent loss: 0.1600
********************
Epoch: [142/150], Intent Val Acc: 97.0000 	 Slot F1 score: 83.7438
********************
Best Intent Acc: 98.5714 at Epoch: [97]
Best F1 score: 85.7378 at Epoch: [58]
Slot loss: 3.1197 	 Intent loss: 0.2258
Slot loss: 2.3127 	 Intent loss: 0.1613
Slot loss: 2.5392 	 Intent loss: 0.1893
Slot loss: 1.9312 	 Intent loss: 0.1699
Slot loss: 2.4645 	 Intent loss: 0.0937
Slot loss: 2.4070 	 Intent loss: 0.2147
Slot loss: 3.1200 	 Intent loss: 0.2494
Slot loss: 3.0883 	 Intent loss: 0.1583
********************
Epoch: [143/150], Intent Val Acc: 97.2857 	 Slot F1 score: 84.3261
********************
Best Intent Acc: 98.5714 at Epoch: [97]
Best F1 score: 85.7378 at Epoch: [58]
Slot loss: 2.3931 	 Intent loss: 0.1519
Slot loss: 2.3199 	 Intent loss: 0.2472
Slot loss: 2.2037 	 Intent loss: 0.1774
Slot loss: 2.7778 	 Intent loss: 0.1479
Slot loss: 2.4976 	 Intent loss: 0.1663
Slot loss: 2.5871 	 Intent loss: 0.1195
Slot loss: 1.8723 	 Intent loss: 0.1614
Slot loss: 2.6803 	 Intent loss: 0.2369
********************
Epoch: [144/150], Intent Val Acc: 97.4286 	 Slot F1 score: 84.6386
********************
Best Intent Acc: 98.5714 at Epoch: [97]
Best F1 score: 85.7378 at Epoch: [58]
Slot loss: 2.5056 	 Intent loss: 0.1703
Slot loss: 2.2032 	 Intent loss: 0.1184
Slot loss: 2.2906 	 Intent loss: 0.1722
Slot loss: 1.9664 	 Intent loss: 0.1101
Slot loss: 2.6447 	 Intent loss: 0.1538
Slot loss: 2.3977 	 Intent loss: 0.1955
Slot loss: 1.5760 	 Intent loss: 0.1777
Slot loss: 2.9311 	 Intent loss: 0.2459
********************
Epoch: [145/150], Intent Val Acc: 97.1429 	 Slot F1 score: 84.6154
********************
Best Intent Acc: 98.5714 at Epoch: [97]
Best F1 score: 85.7378 at Epoch: [58]
Slot loss: 2.3903 	 Intent loss: 0.1007
Slot loss: 2.1539 	 Intent loss: 0.1301
Slot loss: 2.2908 	 Intent loss: 0.1504
Slot loss: 3.1322 	 Intent loss: 0.2371
Slot loss: 2.6281 	 Intent loss: 0.2290
Slot loss: 2.6431 	 Intent loss: 0.1238
Slot loss: 2.5570 	 Intent loss: 0.1500
Slot loss: 3.0172 	 Intent loss: 0.2821
********************
Epoch: [146/150], Intent Val Acc: 97.0000 	 Slot F1 score: 84.1152
********************
Best Intent Acc: 98.5714 at Epoch: [97]
Best F1 score: 85.7378 at Epoch: [58]
Slot loss: 2.5771 	 Intent loss: 0.0838
Slot loss: 2.5481 	 Intent loss: 0.1987
Slot loss: 2.5342 	 Intent loss: 0.2494
Slot loss: 2.3752 	 Intent loss: 0.1799
Slot loss: 3.1345 	 Intent loss: 0.2580
Slot loss: 2.7309 	 Intent loss: 0.1653
Slot loss: 2.6850 	 Intent loss: 0.2557
Slot loss: 2.7524 	 Intent loss: 0.2061
********************
Epoch: [147/150], Intent Val Acc: 97.7143 	 Slot F1 score: 84.2798
********************
Best Intent Acc: 98.5714 at Epoch: [97]
Best F1 score: 85.7378 at Epoch: [58]
Slot loss: 2.3498 	 Intent loss: 0.1414
Slot loss: 2.5230 	 Intent loss: 0.1670
Slot loss: 2.6613 	 Intent loss: 0.1848
Slot loss: 2.4642 	 Intent loss: 0.1551
Slot loss: 2.1387 	 Intent loss: 0.1627
Slot loss: 2.1353 	 Intent loss: 0.1755
Slot loss: 3.1395 	 Intent loss: 0.2286
Slot loss: 2.3731 	 Intent loss: 0.1790
********************
Epoch: [148/150], Intent Val Acc: 98.0000 	 Slot F1 score: 84.6091
********************
Best Intent Acc: 98.5714 at Epoch: [97]
Best F1 score: 85.7378 at Epoch: [58]
Slot loss: 2.5113 	 Intent loss: 0.1586
Slot loss: 3.1573 	 Intent loss: 0.2739
Slot loss: 2.9327 	 Intent loss: 0.1421
Slot loss: 2.3838 	 Intent loss: 0.1676
Slot loss: 2.8215 	 Intent loss: 0.2650
Slot loss: 2.4793 	 Intent loss: 0.2005
Slot loss: 3.6376 	 Intent loss: 0.1372
Slot loss: 2.6272 	 Intent loss: 0.1433
********************
Epoch: [149/150], Intent Val Acc: 97.8571 	 Slot F1 score: 83.8038
********************
Best Intent Acc: 98.5714 at Epoch: [97]
Best F1 score: 85.7378 at Epoch: [58]
Slot loss: 2.5136 	 Intent loss: 0.2597
Slot loss: 2.0966 	 Intent loss: 0.1349
Slot loss: 2.5439 	 Intent loss: 0.1559
Slot loss: 3.0694 	 Intent loss: 0.2048
Slot loss: 2.5977 	 Intent loss: 0.1819
Slot loss: 2.0978 	 Intent loss: 0.1765
Slot loss: 2.3773 	 Intent loss: 0.1469
Slot loss: 3.1123 	 Intent loss: 0.1826
********************
Epoch: [150/150], Intent Val Acc: 97.8571 	 Slot F1 score: 85.2198
********************
Best Intent Acc: 98.5714 at Epoch: [97]
Best F1 score: 85.7378 at Epoch: [58]
