['Find:O', 'a:O', 'reservation:O', 'for:O', 'a:O', 'highly:B-sort', 'rated:I-sort', 'steakhouse:B-restaurant_type', 'in:O', 'China:B-country', 'for:O', 'a:O', 'party:O', 'of:O', 'five:B-party_size_number', 'at:O', '05:51:52:B-timeRange', '<=>', 'BookRestaurant']
['Book:O', 'a:O', 'taverna:B-restaurant_type', 'in:O', 'Wisconsin:B-state', 'for:O', '22:54:B-timeRange', '.:O', '<=>', 'BookRestaurant']
['I:O', 'need:O', 'reservations:O', 'for:O', 'a:O', 'party:O', 'of:O', '8:B-party_size_number', 'within:B-spatial_relation', 'the:I-spatial_relation', 'same:I-spatial_relation', 'area:I-spatial_relation', 'at:O', '01:48:35:B-timeRange', 'at:O', 'a:O', 'restaurant:B-restaurant_type', 'in:O', 'Armenia:B-country', 'that:O', 'serves:O', 'tuscan:B-cuisine', 'cuisine.:O', '<=>', 'BookRestaurant']
['Find:O', 'a:O', 'table:O', 'at:O', 'a:O', 'restaurant:B-restaurant_type', 'in:O', 'Bynum:B-city', 'CA:B-state', 'at:O', '09:59:B-timeRange', 'PM:I-timeRange', '<=>', 'BookRestaurant']
['Book:O', 'a:O', 'table:O', 'for:O', 'me:B-party_size_description', 'and:I-party_size_description', 'my:I-party_size_description', 'crew:I-party_size_description', 'scheduled:O', 'for:O', '10:47:15:B-timeRange', 'pm:I-timeRange', 'in:O', 'IL:B-state', '.:O', '<=>', 'BookRestaurant']
['I:O', 'want:O', 'reservations:O', 'at:O', 'a:O', 'restaurant:B-restaurant_type', 'in:O', 'Robert:B-city', 'Lee:I-city', 'for:O', '21:05:17:B-timeRange', '.:O', '<=>', 'BookRestaurant']
['I:O', 'would:O', 'like:O', 'a:O', 'cafeteria:B-restaurant_type', 'at:O', '10:41:51:B-timeRange', 'am:I-timeRange', 'for:O', 'seven:B-party_size_number', '<=>', 'BookRestaurant']
['book:O', 'a:O', 'table:O', 'at:O', '04:36:28:B-timeRange', 'at:O', 'the:O', 'northeast:B-cuisine', 'indian:I-cuisine', 'restaurant:B-restaurant_type', '<=>', 'BookRestaurant']
['Book:O', 'something:O', 'for:O', 'darlene,:B-party_size_description', 'tessa:I-party_size_description', 'and:I-party_size_description', 'maxine:I-party_size_description', 'at:O', 'a:O', 'restaurant:B-restaurant_type', 'for:O', '09:58:27:B-timeRange', '<=>', 'BookRestaurant']
['Book:O', 'reservation:O', 'at:O', 'a:O', 'restaurant:B-restaurant_type', 'in:O', 'South:B-city', 'Mills:I-city', 'MT:B-state', 'for:O', 'one:B-party_size_number', 'at:O', '07:07:B-timeRange', '<=>', 'BookRestaurant']
['book:O', 'indian:B-cuisine', 'food:O', 'at:O', 'a:O', 'highly:B-sort', 'rated:I-sort', 'pub:B-restaurant_type', 'for:O', '1:B-party_size_number', 'for:O', '02:22:B-timeRange', 'pm:I-timeRange', '<=>', 'BookRestaurant']
['I:O', 'would:O', 'like:O', 'to:O', 'book:O', 'a:O', 'restaurant:B-restaurant_type', 'in:O', 'Poncha:B-city', 'Springs:I-city', 'for:O', '8:B-party_size_number', 'at:O', '00:32:B-timeRange', 'am:I-timeRange', '<=>', 'BookRestaurant']
['book:O', 'a:O', 'restaurant:B-restaurant_type', 'in:O', 'MS:B-state', 'that:O', 'can:O', 'seat:O', 'ten:B-party_size_number', 'at:O', '01:51:47:B-timeRange', 'pm:I-timeRange', '<=>', 'BookRestaurant']
['Find:O', 'a:O', 'reservation:O', 'at:O', 'Boone:B-restaurant_name', 'Tavern:I-restaurant_name', 'for:O', '4:B-party_size_number', 'people:O', 'in:O', '10:24:B-timeRange', '<=>', 'BookRestaurant']
['I:O', 'need:O', 'a:O', 'reservation:O', 'for:O', '02:53:B-timeRange', 'at:O', 'Hotel:B-restaurant_name', 'Arctic:I-restaurant_name', 'in:O', 'State:B-city', 'Road:I-city', '<=>', 'BookRestaurant']
['book:O', 'a:O', 'brasserie:B-restaurant_type', 'with:O', 'a:O', 'pool:B-facility', 'within:B-spatial_relation', 'the:I-spatial_relation', 'same:I-spatial_relation', 'area:I-spatial_relation', 'as:O', 'my:O', 'neighborhood:B-poi', 'for:O', '5:B-party_size_number', 'people:O', 'at:O', '19:26:B-timeRange', '<=>', 'BookRestaurant']
['Book:O', 'a:O', 'highly:B-sort', 'rated:I-sort', 'northeast:B-cuisine', 'indian:I-cuisine', 'brasserie:B-restaurant_type', 'in:O', 'Kenova:B-city', 'for:O', 'nannie:B-party_size_description', 'and:I-party_size_description', 'I:I-party_size_description', 'at:O', '14:41:B-timeRange', '.:O', '<=>', 'BookRestaurant']
['Book:O', 'a:O', 'restaurant:B-restaurant_type', 'for:O', '9:B-party_size_number', 'at:O', '00:37:B-timeRange', 'PM:I-timeRange', '<=>', 'BookRestaurant']
['Book:O', 'a:O', 'brasserie:B-restaurant_type', 'restaurant:I-restaurant_type', 'at:O', '18:28:B-timeRange', 'and:O', 'order:O', 'wings:B-served_dish', '.:O', '<=>', 'BookRestaurant']
['book:O', 'a:O', 'spot:O', 'for:O', '2:B-party_size_number', 'at:O', 'a:O', 'restaurant:B-restaurant_type', 'in:O', 'Mayotte:B-country', 'at:O', '06:13:B-timeRange', 'AM:I-timeRange', '<=>', 'BookRestaurant']
["I'm:O", 'looking:O', 'to:O', 'book:O', 'a:O', 'seat:O', 'at:O', 'a:O', 'bakery:B-restaurant_type', 'that:O', 'serves:O', 'coleslaw:B-served_dish', 'at:O', '19:44:58:B-timeRange', '.:O', '<=>', 'BookRestaurant']
['I:O', 'would:O', 'like:O', 'to:O', 'book:O', 'a:O', 'tea:B-restaurant_type', 'house:I-restaurant_type', 'at:O', '08:05:B-timeRange', '<=>', 'BookRestaurant']
['I:O', 'want:O', 'to:O', 'book:O', 'the:O', 'best:B-sort', 'manadonese:B-cuisine', 'restaurant:B-restaurant_type', 'for:O', 'six:B-party_size_number', 'at:O', '21:49:B-timeRange', 'that:O', 'is:O', 'distant:B-spatial_relation', 'from:O', 'my:B-poi', "baby's:I-poi", 'work:I-poi', '<=>', 'BookRestaurant']
['I:O', 'want:O', 'to:O', 'book:O', 'a:O', 'restaurant:B-restaurant_type', 'close-by:B-spatial_relation', 'my:B-poi', "teenager's:I-poi", 'airbnb:I-poi', 'at:O', '00:55:B-timeRange', 'am:I-timeRange', '<=>', 'BookRestaurant']
['restaurant:B-restaurant_type', 'in:O', 'Elberta:B-city', 'for:O', 'alma,:B-party_size_description', 'deana:I-party_size_description', 'and:I-party_size_description', 'olga:I-party_size_description', 'at:O', '18:49:20:B-timeRange', 'that:O', 'serves:O', 'tsipouro:B-cuisine', '<=>', 'BookRestaurant']
['Book:O', 'a:O', 'restaurant:B-restaurant_type', 'in:O', 'WI:B-state', 'at:O', '13:22:34:B-timeRange', 'for:O', '9:B-party_size_number', 'people.:O', '<=>', 'BookRestaurant']
['Is:O', 'it:O', 'going:O', 'to:O', 'be:O', 'warmer:B-condition_temperature', 'in:O', 'Cinnaminson:B-city', ',:O', 'North:B-state', 'Carolina:I-state', 'at:O', '06:59:B-timeRange', 'AM:I-timeRange', '?:O', '<=>', 'GetWeather']
['Forecast:O', 'for:O', '02:22:B-timeRange', 'pm:I-timeRange', 'Maldives:B-country', '<=>', 'GetWeather']
['Will:O', 'it:O', 'hail:B-condition_description', 'today:B-timeRange', 'in:O', 'West:B-city', 'Point:I-city', 'at:O', '11:36:48:B-timeRange', '<=>', 'GetWeather']
['Will:O', 'there:O', 'be:O', 'a:O', 'cloud:B-condition_description', 'here:B-current_location', 'at:O', '06:50:20:B-timeRange', '<=>', 'GetWeather']
['Will:O', 'it:O', 'be:O', 'chillier:B-condition_temperature', 'at:O', '06:05:48:B-timeRange', 'in:O', 'Wagener:B-city', 'Réunion:B-country', '<=>', 'GetWeather']
['How:O', 'chilly:B-condition_temperature', 'will:O', 'it:O', 'be:O', 'at:O', '09:32:06:B-timeRange', 'am:I-timeRange', 'in:O', 'Moncove:B-geographic_poi', 'Lake:I-geographic_poi', 'State:I-geographic_poi', 'Park:I-geographic_poi', '?:O', '<=>', 'GetWeather']
["What's:O", 'the:O', 'weather:O', 'going:O', 'to:O', 'be:O', 'in:O', 'Parkers:B-city', 'Prairie:I-city', ',:O', 'VA:B-state', 'at:O', '07:08:02:B-timeRange', 'am:I-timeRange', '?:O', '<=>', 'GetWeather']
['What:O', 'is:O', 'the:O', 'weather:O', 'forecast:O', 'in:O', 'Canfield:B-city', 'at:O', '22:23:22:B-timeRange', '<=>', 'GetWeather']
["What's:O", 'the:O', 'weather:O', 'in:O', 'Castle:B-city', 'at:O', '17:43:B-timeRange', '<=>', 'GetWeather']
['What:O', 'will:O', 'the:O', 'weather:O', 'be:O', 'here:B-current_location', 'at:O', '07:08:00:B-timeRange', 'am:I-timeRange', '<=>', 'GetWeather']
["What's:O", 'the:O', 'weather:O', 'looking:O', 'like:O', 'in:O', 'Reklaw:B-city', 'at:O', '03:19:13:B-timeRange', 'PM:I-timeRange', '<=>', 'GetWeather']
["What's:O", 'the:O', 'weather:O', 'forecast:O', 'for:O', 'Lenexa:B-city', 'United:B-country', 'Kingdom:I-country', 'at:O', '02:31:B-timeRange', '<=>', 'GetWeather']
['What:O', 'will:O', 'the:O', 'weather:O', 'be:O', 'in:O', 'Albania:B-country', 'at:O', '11:56:B-timeRange', '.:O', '<=>', 'GetWeather']
['what:O', 'will:O', 'the:O', 'weather:O', 'be:O', 'in:O', 'Mascoutah:B-city', ',:O', 'Tanzania:B-country', 'at:O', '09:04:38:B-timeRange', 'am:I-timeRange', '<=>', 'GetWeather']
['Will:O', 'it:O', 'be:O', 'freezing:B-condition_temperature', 'here:B-current_location', 'at:O', '06:31:22:B-timeRange', 'am:I-timeRange', '<=>', 'GetWeather']
["What's:O", 'the:O', 'weather:O', 'going:O', 'to:O', 'be:O', 'like:O', 'at:O', '10:21:20:B-timeRange', 'close:B-spatial_relation', 'by:I-spatial_relation', 'ID:B-state', '<=>', 'GetWeather']
['How:O', 'much:O', 'sun:B-condition_description', 'will:O', 'there:O', 'be:O', 'at:O', '07:03:43:B-timeRange', 'PM.:I-timeRange', 'in:O', 'Jones:B-city', 'Chapel:I-city', '?:O', '<=>', 'GetWeather']
['What:O', 'will:O', 'the:O', 'the:O', 'weather:O', 'be:O', 'like:O', 'close:B-spatial_relation', 'to:O', "Bailey's:B-city", 'Crossroads:I-city', 'at:O', '05:00:34:B-timeRange', 'am:I-timeRange', '?:O', '<=>', 'GetWeather']
['what:O', 'is:O', 'the:O', 'weather:O', 'starting:O', 'at:O', '11:47:52:B-timeRange', 'for:O', 'South:B-country', 'Africa:I-country', '<=>', 'GetWeather']
['How:O', 'will:O', 'the:O', 'weather:O', 'be:O', 'in:O', 'New:B-state', 'Mexico:I-state', 'around:O', '00:09:07:B-timeRange', 'am:I-timeRange', '?:O', '<=>', 'GetWeather']
['What:O', 'will:O', 'the:O', 'weather:O', 'be:O', 'like:O', 'in:O', 'India:B-country', 'at:O', '02:55:25:B-timeRange', 'AM:I-timeRange', '<=>', 'GetWeather']
['I:O', 'need:O', 'to:O', 'know:O', 'is:O', 'it:O', 'freezing:B-condition_temperature', 'in:O', 'MN:B-state', 'at:O', '01:27:B-timeRange', 'pm:I-timeRange', '<=>', 'GetWeather']
['Give:O', 'me:O', 'the:O', 'weather:O', 'forecast:O', 'in:O', 'Pleasant:B-city', 'Dale:I-city', ',:O', 'Alaska:B-state', 'starting:O', 'in:O', '19:52:B-timeRange', '<=>', 'GetWeather']
['what:O', 'is:O', 'the:O', 'Bahamas:B-country', 'forecast:O', 'for:O', 'stormy:B-condition_description', 'weather:O', 'at:O', '07:43:21:B-timeRange', '<=>', 'GetWeather']
['How:O', 'is:O', 'faraway:B-spatial_relation', 'cloudy:B-condition_description', 'at:O', '02:45:B-timeRange', 'am:I-timeRange', 'in:O', 'Brumley:B-city', '?:O', '<=>', 'GetWeather']
['Can:O', 'you:O', 'give:O', 'me:O', 'the:O', 'forecast:O', 'for:O', '10:15:B-timeRange', 'in:O', 'Paraguay:B-country', '<=>', 'GetWeather']
['Tell:O', 'me:O', 'what:O', 'the:O', 'weather:O', 'will:O', 'look:O', 'like:O', 'here:B-current_location', 'at:O', '01:50:B-timeRange', '<=>', 'GetWeather']
['what:O', 'is:O', 'the:O', 'blizzard:B-condition_description', 'forecast:O', 'for:O', '12:06:B-timeRange', 'in:O', 'MS:B-state', '<=>', 'GetWeather']
["What's:O", 'the:O', 'weather:O', 'close:B-spatial_relation', 'to:O', 'Cambodia:B-country', 'at:O', '05:44:13:B-timeRange', '<=>', 'GetWeather']
["what's:O", 'the:O', 'forecast:O', 'for:O', 'Sai:B-geographic_poi', 'Thong:I-geographic_poi', 'National:I-geographic_poi', 'Park:I-geographic_poi', 'at:O', '02:59:B-timeRange', 'pm:I-timeRange', '<=>', 'GetWeather']
['How:O', 'is:O', 'colder:B-condition_temperature', 'in:O', 'City:B-geographic_poi', 'of:I-geographic_poi', 'Rocks:I-geographic_poi', 'State:I-geographic_poi', 'Park:I-geographic_poi', 'around:O', '03:43:B-timeRange', 'pm:I-timeRange', '<=>', 'GetWeather']
['Will:O', 'it:O', 'rain:B-condition_description', 'here:B-current_location', 'at:O', '13:22:09:B-timeRange', '?:O', '<=>', 'GetWeather']
['what:O', 'is:O', 'the:O', '00:00:B-timeRange', 'pm:I-timeRange', 'forecast:O', 'for:O', 'blizzard:B-condition_description', 'conditions:O', 'in:O', 'Cameroon:B-country', '<=>', 'GetWeather']
['What:O', 'will:O', 'the:O', 'weather:O', 'by:O', 'close:B-spatial_relation', 'by:O', 'the:O', 'current:B-current_location', 'position:I-current_location', 'at:O', '02:02:30:B-timeRange', '?:O', '<=>', 'GetWeather']
['what:O', 'is:O', 'the:O', 'nearby:B-spatial_relation', 'forecast:O', 'for:O', 'here:B-current_location', 'at:O', '15:26:11:B-timeRange', '<=>', 'GetWeather']
['Is:O', 'it:O', 'going:O', 'to:O', 'be:O', 'stormy:B-condition_description', 'in:O', 'Austin:B-geographic_poi', 'Creek:I-geographic_poi', 'State:I-geographic_poi', 'Recreation:I-geographic_poi', 'Area:I-geographic_poi', 'at:O', '09:42:B-timeRange', '?:O', '<=>', 'GetWeather']
['What:O', 'will:O', 'the:O', 'weather:O', 'be:O', 'in:O', 'Federated:B-state', 'States:I-state', 'Of:I-state', 'Micronesia:I-state', 'at:O', '00:17:B-timeRange', 'am:I-timeRange', '<=>', 'GetWeather']
['Is:O', 'it:O', 'cloudy:B-condition_description', 'in:O', 'Vermont:B-state', 'on:O', '06:30:26:B-timeRange', 'pm:I-timeRange', '<=>', 'GetWeather']
['Go:O', 'to:O', 'The:B-object_name', 'Devil:I-object_name', 'in:I-object_name', 'the:I-object_name', 'Deal:50:I-object_name', 'Secrets:I-object_name', 'to:I-object_name', 'Successful:I-object_name', 'Dealmaking:I-object_name', '<=>', 'SearchCreativeWork']
['What:O', 'cinema:B-object_location_type', 'is:O', 'showing:O', 'Ice:B-movie_name', 'Station:I-movie_name', 'Zebra:I-movie_name', 'at:O', '07:25:B-timeRange', 'P.M.:I-timeRange', '?:O', '<=>', 'SearchScreeningEvent']
['Show:O', 'me:O', 'movie:B-object_type', 'times:I-object_type', 'at:O', 'MJR:B-location_name', 'Theatres:I-location_name', 'at:O', '02:39:23:B-timeRange', 'pm:I-timeRange', '<=>', 'SearchScreeningEvent']
['Does:O', 'The:B-movie_name', 'Yacoubian:I-movie_name', 'Building:I-movie_name', 'start:O', 'at:O', '08:39:B-timeRange', 'pm:I-timeRange', '<=>', 'SearchScreeningEvent']
['Advise:O', 'me:O', 'on:O', 'the:O', 'movie:B-object_type', 'schedule:I-object_type', 'of:O', 'films:B-movie_type', 'that:O', 'will:O', 'be:O', 'playing:O', 'at:O', '07:31:32:B-timeRange', 'pm:I-timeRange', 'at:O', 'a:O', 'place:O', 'close:B-spatial_relation', 'by:I-spatial_relation', '.:O', '<=>', 'SearchScreeningEvent']
['Find:O', 'the:O', 'movie:B-object_type', 'schedule:I-object_type', 'for:O', '20:45:24:B-timeRange', '.:O', '<=>', 'SearchScreeningEvent']
['Is:O', 'Arthur:B-movie_name', '2:I-movie_name', '–:I-movie_name', 'On:I-movie_name', 'the:I-movie_name', 'Rocks:I-movie_name', 'playing:O', 'at:O', '20:44:B-timeRange', '?:O', '<=>', 'SearchScreeningEvent']
['Is:O', 'The:B-movie_name', 'Matinee:I-movie_name', 'Idol:I-movie_name', '06:30:B-timeRange', 'cinema:B-object_location_type', 'sold:O', 'out?:O', '<=>', 'SearchScreeningEvent']
["I'd:O", 'like:O', 'to:O', 'watch:O', 'Demolition:B-movie_name', 'Man:I-movie_name', 'at:O', '11:09:B-timeRange', 'PM:I-timeRange', '<=>', 'SearchScreeningEvent']
['Find:O', 'the:O', 'movie:B-object_type', 'schedule:I-object_type', 'for:O', '12:53:B-timeRange', 'AM:I-timeRange', '<=>', 'SearchScreeningEvent']
["I'd:O", 'like:O', 'to:O', 'watch:O', 'Bound:B-movie_name', 'for:I-movie_name', 'Glory:I-movie_name', 'at:O', 'the:O', 'closest:B-spatial_relation', 'movie:B-object_location_type', 'theatre:I-object_location_type', 'at:O', '21:41:08:B-timeRange', '<=>', 'SearchScreeningEvent']
['Can:O', 'I:O', 'get:O', 'the:O', 'movie:B-object_type', 'schedules:I-object_type', 'for:O', 'Southern:B-location_name', 'Theatres:I-location_name', 'at:O', 'around:O', '15:02:B-timeRange', '<=>', 'SearchScreeningEvent']
["I'd:O", 'like:O', 'to:O', 'watch:O', 'Abbott:B-movie_name', 'and:I-movie_name', 'Costello:I-movie_name', 'Meet:I-movie_name', 'the:I-movie_name', 'Keystone:I-movie_name', 'Kops:I-movie_name', 'at:O', 'Amco:B-location_name', 'Entertainment:I-location_name', 'at:O', '04:08:11:B-timeRange', 'AM:I-timeRange', '<=>', 'SearchScreeningEvent']
['Tell:O', 'me:O', 'what:O', 'animated:B-movie_type', 'movies:I-movie_type', 'are:O', 'being:O', 'played:O', 'at:O', 'the:O', 'closest:B-spatial_relation', 'movie:B-object_location_type', 'house:I-object_location_type', 'at:O', '01:19:00:B-timeRange', 'AM:I-timeRange', '<=>', 'SearchScreeningEvent']
["I'd:O", 'like:O', 'to:O', 'watch:O', 'Glass:B-movie_name', 'Chin:I-movie_name', 'at:O', 'the:O', 'movie:B-object_location_type', 'house:I-object_location_type', 'at:O', '17:32:30:B-timeRange', '<=>', 'SearchScreeningEvent']
['Show:O', 'me:O', 'the:O', 'animated:B-movie_type', 'movies:I-movie_type', 'starting:O', 'at:O', '10:56:18:B-timeRange', 'a.m.:I-timeRange', 'at:O', 'the:O', 'nearest:B-spatial_relation', 'movie:B-object_location_type', 'house:I-object_location_type', '<=>', 'SearchScreeningEvent']
['Find:O', 'movie:B-object_type', 'times:I-object_type', 'for:O', 'Alamo:B-location_name', 'Drafthouse:I-location_name', 'Cinema:I-location_name', 'at:O', '10:37:B-timeRange', 'P.M.:I-timeRange', '.:O', '<=>', 'SearchScreeningEvent']
['Is:O', 'the:O', 'film:B-movie_type', 'Goodrich:B-location_name', 'Quality:I-location_name', 'Theaters:I-location_name', 'playing:O', 'at:O', '12:26:B-timeRange', 'AM:I-timeRange', '?:O', '<=>', 'SearchScreeningEvent']
["I'd:O", 'like:O', 'to:O', 'watch:O', 'The:B-movie_name', 'Freckled:I-movie_name', 'Fish:I-movie_name', 'at:O', '00:47:43:B-timeRange', 'at:O', 'Magic:B-location_name', 'Johnson:I-location_name', 'Theatres:I-location_name', '<=>', 'SearchScreeningEvent']
['is:O', 'The:B-movie_name', 'Slut:I-movie_name', 'playing:O', 'at:O', '07:27:B-timeRange', 'A.M.:I-timeRange', 'at:O', 'Harkins:B-location_name', 'Theatres:I-location_name', '<=>', 'SearchScreeningEvent']
['what:O', 'theaters:B-location_name', 'are:O', 'showing:O', 'A:B-movie_name', 'Lonely:I-movie_name', 'Place:I-movie_name', 'to:I-movie_name', 'Die:I-movie_name', '–:I-movie_name', 'Todesfalle:I-movie_name', 'Highlands:I-movie_name', 'starting:O', 'at:O', '14:40:B-timeRange', '<=>', 'SearchScreeningEvent']
['Is:O', 'it:O', 'going:O', 'to:O', 'be:O', 'colder:B-condition_temperature', 'in:O', 'Botswana:B-country', 'by:O', '09:30:B-timeRange', '<=>', 'GetWeather']
['I:O', 'want:O', 'to:O', 'book:O', 'a:O', 'restaurant:O', 'in:O', 'Neshanic:B-city', 'Station:I-city', 'Nigeria:B-country', 'for:O', '06:18:13:B-timeRange', 'pm:I-timeRange', '<=>', 'GetWeather']
['what:O', 'is:O', 'the:O', 'forecast:O', 'for:O', '15:04:B-timeRange', 'in:O', 'Georgia:B-state', 'for:O', 'overcast:B-condition_description', 'conditions:O', 'in:O', 'Valley:B-city', 'View:I-city', '<=>', 'GetWeather']
['Where:O', 'can:O', 'I:O', 'see:O', 'The:B-movie_name', 'Somme:I-movie_name', 'starting:O', 'at:O', '16:01:04:B-timeRange', '?:O', '<=>', 'SearchScreeningEvent']
['What:O', 'movie:B-object_location_type', 'house:I-object_location_type', 'is:O', 'showing:O', 'Flower:B-movie_name', 'and:I-movie_name', 'Snake:I-movie_name', 'at:O', '08:56:29:B-timeRange', '?:O', '<=>', 'SearchScreeningEvent']
['Find:O', 'the:O', 'movie:B-object_type', 'schedules:I-object_type', 'for:O', 'animated:B-movie_type', 'movies:I-movie_type', 'nearby:B-spatial_relation', 'at:O', '09:44:B-timeRange', 'am:I-timeRange', '.:O', '<=>', 'SearchScreeningEvent']
['book:O', 'a:O', 'party:O', 'of:O', 'five:B-party_size_number', 'at:O', 'Seagoville:B-city', 'for:O', '06:42:B-timeRange', '<=>', 'BookRestaurant']
['Will:O', 'it:O', 'be:O', 'hot:B-condition_temperature', 'at:O', '13:19:B-timeRange', 'in:O', 'De:B-city', 'Funiak:I-city', 'Springs:I-city', 'Serbia:B-country', 'and:I-country', 'Montenegro:I-country', '?:O', '<=>', 'GetWeather']
['What:O', 'will:O', 'the:O', 'humidity:B-condition_description', 'be:O', 'in:O', 'the:O', 'current:B-current_location', 'spot:I-current_location', 'at:O', '15:19:29:B-timeRange', '?:O', '<=>', 'GetWeather']
Number of training samples:  13784
Number of test samples:  700
Number of words:  11803
Number of intent labels:  7
Number of slot labels 72
Slot(
  (enc): slot_enc(
    (embedding): Embedding(11803, 300)
    (lstm): LSTM(300, 200, num_layers=2, batch_first=True, bidirectional=True)
  )
  (dec): slot_dec(
    (lstm): LSTM(1000, 200)
    (fc): Linear(in_features=200, out_features=72, bias=True)
  )
)
Intent(
  (enc): intent_enc(
    (embedding): Embedding(11803, 300)
    (lstm): LSTM(300, 200, num_layers=2, batch_first=True, dropout=0.2, bidirectional=True)
  )
  (dec): intent_dec(
    (lstm): LSTM(800, 200, batch_first=True)
    (fc): Linear(in_features=200, out_features=7, bias=True)
  )
)
Slot loss: 404.0013 	 Intent loss: 14.3999
Slot loss: 169.6661 	 Intent loss: 4.7454
Slot loss: 113.8921 	 Intent loss: 3.3951
Slot loss: 82.8295 	 Intent loss: 2.8231
Slot loss: 70.9990 	 Intent loss: 2.6494
Slot loss: 60.1100 	 Intent loss: 2.3438
Slot loss: 51.2091 	 Intent loss: 1.7955
Slot loss: 48.6717 	 Intent loss: 2.4928
********************
Epoch: [1/50], Intent Val Acc: 95.8571 	 Slot F1 score: 77.0109
********************
Best Intent Acc: 95.8571 at Epoch: [1]
Best F1 score: 77.0109 at Epoch: [1]
Slot loss: 36.7533 	 Intent loss: 1.3662
Slot loss: 33.7275 	 Intent loss: 1.1659
Slot loss: 32.0844 	 Intent loss: 1.6227
Slot loss: 32.8319 	 Intent loss: 1.7101
Slot loss: 32.4153 	 Intent loss: 1.4820
Slot loss: 31.3633 	 Intent loss: 1.4156
Slot loss: 28.5425 	 Intent loss: 0.9607
Slot loss: 30.3923 	 Intent loss: 1.3998
********************
Epoch: [2/50], Intent Val Acc: 96.0000 	 Slot F1 score: 80.6540
********************
Best Intent Acc: 96.0000 at Epoch: [2]
Best F1 score: 80.6540 at Epoch: [2]
Slot loss: 23.2741 	 Intent loss: 0.8906
Slot loss: 23.1696 	 Intent loss: 0.6944
Slot loss: 23.6493 	 Intent loss: 0.8450
Slot loss: 22.6964 	 Intent loss: 1.1073
Slot loss: 24.4903 	 Intent loss: 1.2105
Slot loss: 22.0304 	 Intent loss: 1.1009
Slot loss: 22.8344 	 Intent loss: 0.8454
Slot loss: 22.1917 	 Intent loss: 0.9711
********************
Epoch: [3/50], Intent Val Acc: 95.7143 	 Slot F1 score: 82.9617
********************
Best Intent Acc: 96.0000 at Epoch: [2]
Best F1 score: 82.9617 at Epoch: [3]
Slot loss: 17.0225 	 Intent loss: 0.8059
Slot loss: 17.1185 	 Intent loss: 0.6071
Slot loss: 19.2005 	 Intent loss: 0.7490
Slot loss: 18.2042 	 Intent loss: 0.6874
Slot loss: 19.0151 	 Intent loss: 0.9004
Slot loss: 20.9914 	 Intent loss: 0.6497
Slot loss: 19.4656 	 Intent loss: 0.7921
Slot loss: 19.3365 	 Intent loss: 0.9273
********************
Epoch: [4/50], Intent Val Acc: 97.0000 	 Slot F1 score: 83.9168
********************
Best Intent Acc: 97.0000 at Epoch: [4]
Best F1 score: 83.9168 at Epoch: [4]
Slot loss: 15.4999 	 Intent loss: 0.8748
Slot loss: 14.8550 	 Intent loss: 0.5029
Slot loss: 14.9489 	 Intent loss: 0.5657
Slot loss: 16.3218 	 Intent loss: 0.8371
Slot loss: 15.8975 	 Intent loss: 0.5933
Slot loss: 17.1496 	 Intent loss: 0.7984
Slot loss: 16.0693 	 Intent loss: 0.5524
Slot loss: 16.7427 	 Intent loss: 0.8634
********************
Epoch: [5/50], Intent Val Acc: 97.0000 	 Slot F1 score: 84.1990
********************
Best Intent Acc: 97.0000 at Epoch: [4]
Best F1 score: 84.1990 at Epoch: [5]
Slot loss: 13.9205 	 Intent loss: 0.4368
Slot loss: 13.2226 	 Intent loss: 0.3233
Slot loss: 14.0015 	 Intent loss: 0.6210
Slot loss: 12.9455 	 Intent loss: 0.8885
Slot loss: 14.0540 	 Intent loss: 0.6383
Slot loss: 14.5939 	 Intent loss: 0.4139
Slot loss: 14.0320 	 Intent loss: 0.5297
Slot loss: 14.1658 	 Intent loss: 0.8779
********************
Epoch: [6/50], Intent Val Acc: 97.5714 	 Slot F1 score: 84.5542
********************
Best Intent Acc: 97.5714 at Epoch: [6]
Best F1 score: 84.5542 at Epoch: [6]
Slot loss: 11.6412 	 Intent loss: 0.4040
Slot loss: 11.1472 	 Intent loss: 0.5339
Slot loss: 13.0280 	 Intent loss: 0.6000
Slot loss: 12.7242 	 Intent loss: 0.5197
Slot loss: 12.3310 	 Intent loss: 0.4654
Slot loss: 12.4539 	 Intent loss: 0.3420
Slot loss: 13.0975 	 Intent loss: 0.4874
Slot loss: 13.2247 	 Intent loss: 0.4737
********************
Epoch: [7/50], Intent Val Acc: 97.5714 	 Slot F1 score: 83.1683
********************
Best Intent Acc: 97.5714 at Epoch: [6]
Best F1 score: 84.5542 at Epoch: [6]
Slot loss: 10.6202 	 Intent loss: 0.3086
Slot loss: 11.0725 	 Intent loss: 0.5706
Slot loss: 10.9285 	 Intent loss: 0.5619
Slot loss: 12.4069 	 Intent loss: 0.6704
Slot loss: 12.1191 	 Intent loss: 0.4961
Slot loss: 12.4034 	 Intent loss: 0.3928
Slot loss: 11.1507 	 Intent loss: 0.4085
Slot loss: 11.6854 	 Intent loss: 0.4779
********************
Epoch: [8/50], Intent Val Acc: 96.5714 	 Slot F1 score: 84.2971
********************
Best Intent Acc: 97.5714 at Epoch: [6]
Best F1 score: 84.5542 at Epoch: [6]
Slot loss: 10.3202 	 Intent loss: 0.4160
Slot loss: 9.9185 	 Intent loss: 0.5682
Slot loss: 11.4142 	 Intent loss: 0.4565
Slot loss: 10.5985 	 Intent loss: 0.4207
Slot loss: 10.7260 	 Intent loss: 0.2357
Slot loss: 10.7931 	 Intent loss: 0.5139
Slot loss: 9.4620 	 Intent loss: 0.4286
Slot loss: 12.6635 	 Intent loss: 0.4792
********************
Epoch: [9/50], Intent Val Acc: 97.1429 	 Slot F1 score: 83.6106
********************
Best Intent Acc: 97.5714 at Epoch: [6]
Best F1 score: 84.5542 at Epoch: [6]
Slot loss: 10.3935 	 Intent loss: 0.3313
Slot loss: 10.3686 	 Intent loss: 0.3517
Slot loss: 8.9293 	 Intent loss: 0.4654
Slot loss: 10.0295 	 Intent loss: 0.3313
Slot loss: 9.9888 	 Intent loss: 0.4670
Slot loss: 10.1725 	 Intent loss: 0.4454
Slot loss: 9.9404 	 Intent loss: 0.5114
Slot loss: 10.0371 	 Intent loss: 0.3518
********************
Epoch: [10/50], Intent Val Acc: 97.1429 	 Slot F1 score: 84.7383
********************
Best Intent Acc: 97.5714 at Epoch: [6]
Best F1 score: 84.7383 at Epoch: [10]
Slot loss: 10.2122 	 Intent loss: 0.4473
Slot loss: 8.6672 	 Intent loss: 0.3323
Slot loss: 8.6015 	 Intent loss: 0.3877
Slot loss: 10.7253 	 Intent loss: 0.5452
Slot loss: 8.9185 	 Intent loss: 0.3542
Slot loss: 10.0407 	 Intent loss: 0.2708
Slot loss: 9.0685 	 Intent loss: 0.3995
Slot loss: 9.0975 	 Intent loss: 0.3443
********************
Epoch: [11/50], Intent Val Acc: 97.4286 	 Slot F1 score: 84.7886
********************
Best Intent Acc: 97.5714 at Epoch: [6]
Best F1 score: 84.7886 at Epoch: [11]
Slot loss: 7.9493 	 Intent loss: 0.3139
Slot loss: 8.8304 	 Intent loss: 0.3411
Slot loss: 7.6498 	 Intent loss: 0.2475
Slot loss: 8.2671 	 Intent loss: 0.4227
Slot loss: 10.1850 	 Intent loss: 0.3836
Slot loss: 8.1871 	 Intent loss: 0.3418
Slot loss: 8.1170 	 Intent loss: 0.5479
Slot loss: 11.0869 	 Intent loss: 0.4867
********************
Epoch: [12/50], Intent Val Acc: 97.0000 	 Slot F1 score: 83.4882
********************
Best Intent Acc: 97.5714 at Epoch: [6]
Best F1 score: 84.7886 at Epoch: [11]
Slot loss: 7.0773 	 Intent loss: 0.2096
Slot loss: 8.0541 	 Intent loss: 0.3747
Slot loss: 9.5654 	 Intent loss: 0.3933
Slot loss: 8.7342 	 Intent loss: 0.2526
Slot loss: 7.9787 	 Intent loss: 0.3436
Slot loss: 8.9485 	 Intent loss: 0.3672
Slot loss: 8.1023 	 Intent loss: 0.4271
Slot loss: 8.1466 	 Intent loss: 0.3040
********************
Epoch: [13/50], Intent Val Acc: 97.2857 	 Slot F1 score: 83.8320
********************
Best Intent Acc: 97.5714 at Epoch: [6]
Best F1 score: 84.7886 at Epoch: [11]
Slot loss: 6.7519 	 Intent loss: 0.1969
Slot loss: 7.5145 	 Intent loss: 0.2829
Slot loss: 7.6731 	 Intent loss: 0.2336
Slot loss: 7.7238 	 Intent loss: 0.3398
Slot loss: 7.8911 	 Intent loss: 0.3246
Slot loss: 8.6514 	 Intent loss: 0.3847
Slot loss: 9.2334 	 Intent loss: 0.3617
Slot loss: 8.9825 	 Intent loss: 0.4203
********************
Epoch: [14/50], Intent Val Acc: 96.7143 	 Slot F1 score: 83.6533
********************
Best Intent Acc: 97.5714 at Epoch: [6]
Best F1 score: 84.7886 at Epoch: [11]
Slot loss: 7.1824 	 Intent loss: 0.3388
Slot loss: 6.3537 	 Intent loss: 0.3125
Slot loss: 6.4301 	 Intent loss: 0.3844
Slot loss: 7.7756 	 Intent loss: 0.3894
Slot loss: 7.4009 	 Intent loss: 0.3082
Slot loss: 7.5614 	 Intent loss: 0.2346
Slot loss: 8.6379 	 Intent loss: 0.2906
Slot loss: 8.7491 	 Intent loss: 0.5189
********************
Epoch: [15/50], Intent Val Acc: 97.7143 	 Slot F1 score: 84.4127
********************
Best Intent Acc: 97.7143 at Epoch: [15]
Best F1 score: 84.7886 at Epoch: [11]
Slot loss: 5.9234 	 Intent loss: 0.2520
Slot loss: 6.7201 	 Intent loss: 0.2992
Slot loss: 7.0341 	 Intent loss: 0.3500
Slot loss: 7.5960 	 Intent loss: 0.3589
Slot loss: 6.8181 	 Intent loss: 0.3124
Slot loss: 7.8437 	 Intent loss: 0.3516
Slot loss: 6.9199 	 Intent loss: 0.2312
Slot loss: 6.7942 	 Intent loss: 0.2989
********************
Epoch: [16/50], Intent Val Acc: 97.5714 	 Slot F1 score: 85.1780
********************
Best Intent Acc: 97.7143 at Epoch: [15]
Best F1 score: 85.1780 at Epoch: [16]
Slot loss: 6.7653 	 Intent loss: 0.3099
Slot loss: 6.0685 	 Intent loss: 0.2764
Slot loss: 6.3231 	 Intent loss: 0.1569
Slot loss: 5.9863 	 Intent loss: 0.3291
Slot loss: 6.6581 	 Intent loss: 0.2266
Slot loss: 7.1515 	 Intent loss: 0.3284
Slot loss: 8.1481 	 Intent loss: 0.2715
Slot loss: 7.1439 	 Intent loss: 0.2226
********************
Epoch: [17/50], Intent Val Acc: 97.4286 	 Slot F1 score: 84.5457
********************
Best Intent Acc: 97.7143 at Epoch: [15]
Best F1 score: 85.1780 at Epoch: [16]
Slot loss: 5.4336 	 Intent loss: 0.2738
Slot loss: 5.8376 	 Intent loss: 0.1817
Slot loss: 6.0564 	 Intent loss: 0.4022
Slot loss: 6.9613 	 Intent loss: 0.3685
Slot loss: 6.8690 	 Intent loss: 0.3617
Slot loss: 5.7637 	 Intent loss: 0.3639
Slot loss: 6.5266 	 Intent loss: 0.3382
Slot loss: 6.3711 	 Intent loss: 0.2304
********************
Epoch: [18/50], Intent Val Acc: 97.2857 	 Slot F1 score: 84.1096
********************
Best Intent Acc: 97.7143 at Epoch: [15]
Best F1 score: 85.1780 at Epoch: [16]
Slot loss: 5.5148 	 Intent loss: 0.3138
Slot loss: 5.3331 	 Intent loss: 0.1756
Slot loss: 6.4524 	 Intent loss: 0.4698
Slot loss: 6.1380 	 Intent loss: 0.1818
Slot loss: 6.6508 	 Intent loss: 0.3362
Slot loss: 5.4793 	 Intent loss: 0.2865
Slot loss: 6.3718 	 Intent loss: 0.3619
Slot loss: 6.2400 	 Intent loss: 0.2969
********************
Epoch: [19/50], Intent Val Acc: 97.1429 	 Slot F1 score: 84.9067
********************
Best Intent Acc: 97.7143 at Epoch: [15]
Best F1 score: 85.1780 at Epoch: [16]
Slot loss: 5.1628 	 Intent loss: 0.3392
Slot loss: 5.3966 	 Intent loss: 0.3034
Slot loss: 5.1408 	 Intent loss: 0.1931
Slot loss: 5.5542 	 Intent loss: 0.3704
Slot loss: 5.9612 	 Intent loss: 0.2253
Slot loss: 7.1893 	 Intent loss: 0.3991
Slot loss: 5.9910 	 Intent loss: 0.1643
Slot loss: 5.3348 	 Intent loss: 0.2787
********************
Epoch: [20/50], Intent Val Acc: 97.5714 	 Slot F1 score: 83.8550
********************
Best Intent Acc: 97.7143 at Epoch: [15]
Best F1 score: 85.1780 at Epoch: [16]
Slot loss: 4.5396 	 Intent loss: 0.2359
Slot loss: 5.6297 	 Intent loss: 0.2981
Slot loss: 5.5980 	 Intent loss: 0.3062
Slot loss: 5.5177 	 Intent loss: 0.1775
Slot loss: 5.3646 	 Intent loss: 0.4291
Slot loss: 6.2560 	 Intent loss: 0.3156
Slot loss: 5.3875 	 Intent loss: 0.2044
Slot loss: 6.4020 	 Intent loss: 0.4006
********************
Epoch: [21/50], Intent Val Acc: 97.1429 	 Slot F1 score: 84.5094
********************
Best Intent Acc: 97.7143 at Epoch: [15]
Best F1 score: 85.1780 at Epoch: [16]
Slot loss: 4.5202 	 Intent loss: 0.2933
Slot loss: 5.0898 	 Intent loss: 0.2533
Slot loss: 5.3272 	 Intent loss: 0.1747
Slot loss: 4.7934 	 Intent loss: 0.3833
Slot loss: 5.9111 	 Intent loss: 0.3627
Slot loss: 5.3463 	 Intent loss: 0.2321
Slot loss: 5.3349 	 Intent loss: 0.2832
Slot loss: 5.7309 	 Intent loss: 0.2453
********************
Epoch: [22/50], Intent Val Acc: 97.7143 	 Slot F1 score: 84.2885
********************
Best Intent Acc: 97.7143 at Epoch: [15]
Best F1 score: 85.1780 at Epoch: [16]
Slot loss: 4.4272 	 Intent loss: 0.3456
Slot loss: 4.9516 	 Intent loss: 0.3171
Slot loss: 4.1184 	 Intent loss: 0.2104
Slot loss: 5.0988 	 Intent loss: 0.2302
Slot loss: 5.8571 	 Intent loss: 0.3847
Slot loss: 4.9054 	 Intent loss: 0.1227
Slot loss: 4.7691 	 Intent loss: 0.2791
Slot loss: 5.6045 	 Intent loss: 0.2839
********************
Epoch: [23/50], Intent Val Acc: 97.8571 	 Slot F1 score: 84.2134
********************
Best Intent Acc: 97.8571 at Epoch: [23]
Best F1 score: 85.1780 at Epoch: [16]
Slot loss: 4.8736 	 Intent loss: 0.2379
Slot loss: 4.7295 	 Intent loss: 0.1412
Slot loss: 4.3843 	 Intent loss: 0.2311
Slot loss: 4.2574 	 Intent loss: 0.2413
Slot loss: 4.2336 	 Intent loss: 0.1515
Slot loss: 5.3291 	 Intent loss: 0.2830
Slot loss: 6.0849 	 Intent loss: 0.3076
Slot loss: 5.2495 	 Intent loss: 0.1975
********************
Epoch: [24/50], Intent Val Acc: 97.8571 	 Slot F1 score: 84.7737
********************
Best Intent Acc: 97.8571 at Epoch: [23]
Best F1 score: 85.1780 at Epoch: [16]
Slot loss: 4.3378 	 Intent loss: 0.1499
Slot loss: 3.8588 	 Intent loss: 0.2181
Slot loss: 4.3560 	 Intent loss: 0.4205
Slot loss: 4.9424 	 Intent loss: 0.2164
Slot loss: 5.2380 	 Intent loss: 0.3028
Slot loss: 5.5086 	 Intent loss: 0.3263
Slot loss: 4.9053 	 Intent loss: 0.1947
Slot loss: 5.2545 	 Intent loss: 0.2095
********************
Epoch: [25/50], Intent Val Acc: 97.5714 	 Slot F1 score: 84.1326
********************
Best Intent Acc: 97.8571 at Epoch: [23]
Best F1 score: 85.1780 at Epoch: [16]
Slot loss: 4.1735 	 Intent loss: 0.2238
Slot loss: 4.8411 	 Intent loss: 0.3032
Slot loss: 5.1139 	 Intent loss: 0.2066
Slot loss: 3.9613 	 Intent loss: 0.2573
Slot loss: 5.0686 	 Intent loss: 0.2096
Slot loss: 4.5194 	 Intent loss: 0.1807
Slot loss: 4.4397 	 Intent loss: 0.1967
Slot loss: 5.0009 	 Intent loss: 0.2436
********************
Epoch: [26/50], Intent Val Acc: 97.1429 	 Slot F1 score: 83.6034
********************
Best Intent Acc: 97.8571 at Epoch: [23]
Best F1 score: 85.1780 at Epoch: [16]
Slot loss: 4.2899 	 Intent loss: 0.2405
Slot loss: 4.0978 	 Intent loss: 0.1474
Slot loss: 4.4073 	 Intent loss: 0.3098
Slot loss: 4.6592 	 Intent loss: 0.2547
Slot loss: 4.6371 	 Intent loss: 0.2323
Slot loss: 4.5266 	 Intent loss: 0.3109
Slot loss: 4.6181 	 Intent loss: 0.2905
Slot loss: 4.6447 	 Intent loss: 0.2181
********************
Epoch: [27/50], Intent Val Acc: 97.5714 	 Slot F1 score: 83.4430
********************
Best Intent Acc: 97.8571 at Epoch: [23]
Best F1 score: 85.1780 at Epoch: [16]
Slot loss: 4.4028 	 Intent loss: 0.1321
Slot loss: 3.4105 	 Intent loss: 0.1505
Slot loss: 4.4955 	 Intent loss: 0.1923
Slot loss: 3.5439 	 Intent loss: 0.2601
Slot loss: 5.1573 	 Intent loss: 0.4185
Slot loss: 4.3201 	 Intent loss: 0.1917
Slot loss: 4.0835 	 Intent loss: 0.2536
Slot loss: 5.4052 	 Intent loss: 0.3112
********************
Epoch: [28/50], Intent Val Acc: 97.2857 	 Slot F1 score: 83.7209
********************
Best Intent Acc: 97.8571 at Epoch: [23]
Best F1 score: 85.1780 at Epoch: [16]
Slot loss: 3.4891 	 Intent loss: 0.0889
Slot loss: 3.2557 	 Intent loss: 0.2075
Slot loss: 5.1871 	 Intent loss: 0.3317
Slot loss: 4.5622 	 Intent loss: 0.2798
Slot loss: 3.8874 	 Intent loss: 0.1411
Slot loss: 4.5147 	 Intent loss: 0.3323
Slot loss: 4.3963 	 Intent loss: 0.3278
Slot loss: 4.2765 	 Intent loss: 0.1595
********************
Epoch: [29/50], Intent Val Acc: 97.5714 	 Slot F1 score: 83.7490
********************
Best Intent Acc: 97.8571 at Epoch: [23]
Best F1 score: 85.1780 at Epoch: [16]
Slot loss: 3.5387 	 Intent loss: 0.2105
Slot loss: 3.7048 	 Intent loss: 0.1756
Slot loss: 4.1831 	 Intent loss: 0.2426
Slot loss: 4.3985 	 Intent loss: 0.2934
Slot loss: 4.0487 	 Intent loss: 0.2487
Slot loss: 4.5605 	 Intent loss: 0.3393
Slot loss: 4.1010 	 Intent loss: 0.2212
Slot loss: 4.0371 	 Intent loss: 0.2267
********************
Epoch: [30/50], Intent Val Acc: 97.8571 	 Slot F1 score: 83.1325
********************
Best Intent Acc: 97.8571 at Epoch: [23]
Best F1 score: 85.1780 at Epoch: [16]
Slot loss: 3.3819 	 Intent loss: 0.2615
Slot loss: 3.1732 	 Intent loss: 0.2241
Slot loss: 3.8288 	 Intent loss: 0.1477
Slot loss: 4.7393 	 Intent loss: 0.2945
Slot loss: 4.5384 	 Intent loss: 0.3524
Slot loss: 5.1856 	 Intent loss: 0.4274
Slot loss: 4.1304 	 Intent loss: 0.3093
Slot loss: 3.9237 	 Intent loss: 0.2063
********************
Epoch: [31/50], Intent Val Acc: 97.8571 	 Slot F1 score: 83.2968
********************
Best Intent Acc: 97.8571 at Epoch: [23]
Best F1 score: 85.1780 at Epoch: [16]
Slot loss: 3.5274 	 Intent loss: 0.1721
Slot loss: 3.8198 	 Intent loss: 0.1933
Slot loss: 4.6715 	 Intent loss: 0.2317
Slot loss: 3.4334 	 Intent loss: 0.2552
Slot loss: 4.5393 	 Intent loss: 0.2481
Slot loss: 3.4426 	 Intent loss: 0.2188
Slot loss: 3.9255 	 Intent loss: 0.3194
Slot loss: 4.7392 	 Intent loss: 0.3197
********************
Epoch: [32/50], Intent Val Acc: 97.4286 	 Slot F1 score: 83.6404
********************
Best Intent Acc: 97.8571 at Epoch: [23]
Best F1 score: 85.1780 at Epoch: [16]
Slot loss: 3.6297 	 Intent loss: 0.2476
Slot loss: 3.2530 	 Intent loss: 0.2142
Slot loss: 3.3223 	 Intent loss: 0.2233
Slot loss: 3.5699 	 Intent loss: 0.1489
Slot loss: 4.2978 	 Intent loss: 0.1604
Slot loss: 4.9081 	 Intent loss: 0.4630
Slot loss: 3.9015 	 Intent loss: 0.1848
Slot loss: 3.8154 	 Intent loss: 0.2390
********************
Epoch: [33/50], Intent Val Acc: 97.7143 	 Slot F1 score: 83.9242
********************
Best Intent Acc: 97.8571 at Epoch: [23]
Best F1 score: 85.1780 at Epoch: [16]
Slot loss: 2.9652 	 Intent loss: 0.1522
Slot loss: 3.2109 	 Intent loss: 0.1789
Slot loss: 3.1276 	 Intent loss: 0.1763
Slot loss: 4.3886 	 Intent loss: 0.3674
Slot loss: 4.1926 	 Intent loss: 0.3131
Slot loss: 3.5789 	 Intent loss: 0.3205
Slot loss: 4.5232 	 Intent loss: 0.3456
Slot loss: 3.7887 	 Intent loss: 0.2258
********************
Epoch: [34/50], Intent Val Acc: 97.5714 	 Slot F1 score: 84.0803
********************
Best Intent Acc: 97.8571 at Epoch: [23]
Best F1 score: 85.1780 at Epoch: [16]
Slot loss: 3.3227 	 Intent loss: 0.1497
Slot loss: 2.8378 	 Intent loss: 0.0953
Slot loss: 4.3172 	 Intent loss: 0.3412
Slot loss: 3.4381 	 Intent loss: 0.2538
Slot loss: 4.1989 	 Intent loss: 0.2635
Slot loss: 3.0604 	 Intent loss: 0.2726
Slot loss: 3.8645 	 Intent loss: 0.2246
Slot loss: 4.0404 	 Intent loss: 0.2390
********************
Epoch: [35/50], Intent Val Acc: 97.5714 	 Slot F1 score: 84.8601
********************
Best Intent Acc: 97.8571 at Epoch: [23]
Best F1 score: 85.1780 at Epoch: [16]
Slot loss: 2.8848 	 Intent loss: 0.1520
Slot loss: 3.1732 	 Intent loss: 0.1432
Slot loss: 3.7541 	 Intent loss: 0.1684
Slot loss: 4.0665 	 Intent loss: 0.2857
Slot loss: 3.3398 	 Intent loss: 0.1633
Slot loss: 3.5357 	 Intent loss: 0.2647
Slot loss: 3.2768 	 Intent loss: 0.1645
Slot loss: 3.9603 	 Intent loss: 0.3728
********************
Epoch: [36/50], Intent Val Acc: 98.0000 	 Slot F1 score: 84.1096
********************
Best Intent Acc: 98.0000 at Epoch: [36]
Best F1 score: 85.1780 at Epoch: [16]
Slot loss: 2.6799 	 Intent loss: 0.1898
Slot loss: 3.3146 	 Intent loss: 0.2190
Slot loss: 3.5771 	 Intent loss: 0.1879
Slot loss: 3.1727 	 Intent loss: 0.1378
Slot loss: 4.0465 	 Intent loss: 0.2627
Slot loss: 3.2766 	 Intent loss: 0.1851
Slot loss: 4.1594 	 Intent loss: 0.2780
Slot loss: 4.4393 	 Intent loss: 0.1854
********************
Epoch: [37/50], Intent Val Acc: 97.7143 	 Slot F1 score: 84.7952
********************
Best Intent Acc: 98.0000 at Epoch: [36]
Best F1 score: 85.1780 at Epoch: [16]
Slot loss: 3.4072 	 Intent loss: 0.2072
Slot loss: 3.2329 	 Intent loss: 0.0972
Slot loss: 2.6308 	 Intent loss: 0.0407
Slot loss: 3.9242 	 Intent loss: 0.4465
Slot loss: 3.4031 	 Intent loss: 0.1580
Slot loss: 4.2334 	 Intent loss: 0.2810
Slot loss: 3.8125 	 Intent loss: 0.2535
Slot loss: 3.2887 	 Intent loss: 0.2062
********************
Epoch: [38/50], Intent Val Acc: 98.0000 	 Slot F1 score: 83.9737
********************
Best Intent Acc: 98.0000 at Epoch: [36]
Best F1 score: 85.1780 at Epoch: [16]
Slot loss: 2.7872 	 Intent loss: 0.1915
Slot loss: 3.5077 	 Intent loss: 0.2278
Slot loss: 3.2172 	 Intent loss: 0.2105
Slot loss: 3.3566 	 Intent loss: 0.2130
Slot loss: 3.2490 	 Intent loss: 0.1545
Slot loss: 4.2983 	 Intent loss: 0.2492
Slot loss: 4.0403 	 Intent loss: 0.2830
Slot loss: 3.5880 	 Intent loss: 0.2490
********************
Epoch: [39/50], Intent Val Acc: 97.7143 	 Slot F1 score: 84.4444
********************
Best Intent Acc: 98.0000 at Epoch: [36]
Best F1 score: 85.1780 at Epoch: [16]
Slot loss: 2.5250 	 Intent loss: 0.1824
Slot loss: 2.7753 	 Intent loss: 0.1225
Slot loss: 3.7545 	 Intent loss: 0.2545
Slot loss: 2.9847 	 Intent loss: 0.4501
Slot loss: 3.5738 	 Intent loss: 0.1804
Slot loss: 3.9434 	 Intent loss: 0.1570
Slot loss: 3.5176 	 Intent loss: 0.2352
Slot loss: 3.7839 	 Intent loss: 0.2768
********************
Epoch: [40/50], Intent Val Acc: 98.0000 	 Slot F1 score: 83.4019
********************
Best Intent Acc: 98.0000 at Epoch: [36]
Best F1 score: 85.1780 at Epoch: [16]
Slot loss: 3.2564 	 Intent loss: 0.4124
Slot loss: 3.9477 	 Intent loss: 0.2633
Slot loss: 2.6251 	 Intent loss: 0.1187
Slot loss: 3.2788 	 Intent loss: 0.1967
Slot loss: 3.2204 	 Intent loss: 0.2144
Slot loss: 3.3087 	 Intent loss: 0.1711
Slot loss: 3.2463 	 Intent loss: 0.2954
Slot loss: 4.4166 	 Intent loss: 0.2693
********************
Epoch: [41/50], Intent Val Acc: 97.2857 	 Slot F1 score: 84.1121
********************
Best Intent Acc: 98.0000 at Epoch: [36]
Best F1 score: 85.1780 at Epoch: [16]
Slot loss: 2.9016 	 Intent loss: 0.2336
Slot loss: 3.3674 	 Intent loss: 0.2259
Slot loss: 2.9355 	 Intent loss: 0.2757
Slot loss: 3.5304 	 Intent loss: 0.0706
Slot loss: 3.2224 	 Intent loss: 0.2170
Slot loss: 4.4585 	 Intent loss: 0.4788
Slot loss: 3.5623 	 Intent loss: 0.2703
Slot loss: 3.2127 	 Intent loss: 0.2651
********************
Epoch: [42/50], Intent Val Acc: 98.0000 	 Slot F1 score: 83.8428
********************
Best Intent Acc: 98.0000 at Epoch: [36]
Best F1 score: 85.1780 at Epoch: [16]
Slot loss: 3.1065 	 Intent loss: 0.1434
Slot loss: 3.0734 	 Intent loss: 0.1464
Slot loss: 2.7793 	 Intent loss: 0.1463
Slot loss: 3.6194 	 Intent loss: 0.2862
Slot loss: 3.0281 	 Intent loss: 0.1907
Slot loss: 3.5032 	 Intent loss: 0.1913
Slot loss: 3.8559 	 Intent loss: 0.2284
Slot loss: 3.8112 	 Intent loss: 0.2929
********************
Epoch: [43/50], Intent Val Acc: 97.5714 	 Slot F1 score: 83.6254
********************
Best Intent Acc: 98.0000 at Epoch: [36]
Best F1 score: 85.1780 at Epoch: [16]
Slot loss: 3.0759 	 Intent loss: 0.1418
Slot loss: 2.8534 	 Intent loss: 0.1796
Slot loss: 3.6467 	 Intent loss: 0.1819
Slot loss: 3.3699 	 Intent loss: 0.1851
Slot loss: 2.7202 	 Intent loss: 0.1486
Slot loss: 3.1304 	 Intent loss: 0.2969
Slot loss: 3.9040 	 Intent loss: 0.1809
Slot loss: 4.0428 	 Intent loss: 0.2229
********************
Epoch: [44/50], Intent Val Acc: 97.8571 	 Slot F1 score: 83.3379
********************
Best Intent Acc: 98.0000 at Epoch: [36]
Best F1 score: 85.1780 at Epoch: [16]
Slot loss: 3.1000 	 Intent loss: 0.1012
Slot loss: 2.0229 	 Intent loss: 0.1253
Slot loss: 3.8304 	 Intent loss: 0.3171
Slot loss: 3.8945 	 Intent loss: 0.2168
Slot loss: 3.4914 	 Intent loss: 0.2548
Slot loss: 3.3209 	 Intent loss: 0.2552
Slot loss: 3.6564 	 Intent loss: 0.1937
Slot loss: 3.1303 	 Intent loss: 0.2733
********************
Epoch: [45/50], Intent Val Acc: 97.2857 	 Slot F1 score: 83.5706
********************
Best Intent Acc: 98.0000 at Epoch: [36]
Best F1 score: 85.1780 at Epoch: [16]
Slot loss: 2.6790 	 Intent loss: 0.2257
Slot loss: 4.3567 	 Intent loss: 0.2299
Slot loss: 3.0439 	 Intent loss: 0.2524
Slot loss: 3.2230 	 Intent loss: 0.2204
Slot loss: 2.4656 	 Intent loss: 0.1478
Slot loss: 3.2502 	 Intent loss: 0.2542
Slot loss: 4.0029 	 Intent loss: 0.1904
Slot loss: 4.2933 	 Intent loss: 0.2205
********************
Epoch: [46/50], Intent Val Acc: 98.1429 	 Slot F1 score: 84.3921
********************
Best Intent Acc: 98.1429 at Epoch: [46]
Best F1 score: 85.1780 at Epoch: [16]
Slot loss: 2.3017 	 Intent loss: 0.1812
Slot loss: 3.5207 	 Intent loss: 0.1929
Slot loss: 3.3953 	 Intent loss: 0.2267
Slot loss: 3.1469 	 Intent loss: 0.2615
Slot loss: 2.7594 	 Intent loss: 0.2294
Slot loss: 2.7654 	 Intent loss: 0.1438
Slot loss: 3.0167 	 Intent loss: 0.2014
Slot loss: 2.6296 	 Intent loss: 0.2245
********************
Epoch: [47/50], Intent Val Acc: 98.1429 	 Slot F1 score: 83.9737
********************
Best Intent Acc: 98.1429 at Epoch: [46]
Best F1 score: 85.1780 at Epoch: [16]
Slot loss: 2.9222 	 Intent loss: 0.1929
Slot loss: 2.2744 	 Intent loss: 0.1467
Slot loss: 3.9164 	 Intent loss: 0.2356
Slot loss: 3.2836 	 Intent loss: 0.2116
Slot loss: 2.4564 	 Intent loss: 0.1275
Slot loss: 3.4485 	 Intent loss: 0.1563
Slot loss: 2.5351 	 Intent loss: 0.1844
Slot loss: 3.3682 	 Intent loss: 0.2954
********************
Epoch: [48/50], Intent Val Acc: 98.2857 	 Slot F1 score: 84.2366
********************
Best Intent Acc: 98.2857 at Epoch: [48]
Best F1 score: 85.1780 at Epoch: [16]
Slot loss: 2.9532 	 Intent loss: 0.1777
Slot loss: 2.9849 	 Intent loss: 0.1830
Slot loss: 2.6619 	 Intent loss: 0.2089
Slot loss: 3.7143 	 Intent loss: 0.1247
Slot loss: 3.4879 	 Intent loss: 0.2324
Slot loss: 4.1507 	 Intent loss: 0.3142
Slot loss: 3.3026 	 Intent loss: 0.2115
Slot loss: 3.3072 	 Intent loss: 0.2449
********************
Epoch: [49/50], Intent Val Acc: 97.8571 	 Slot F1 score: 83.5706
********************
Best Intent Acc: 98.2857 at Epoch: [48]
Best F1 score: 85.1780 at Epoch: [16]
Slot loss: 2.8595 	 Intent loss: 0.1910
Slot loss: 3.2583 	 Intent loss: 0.3209
Slot loss: 2.7925 	 Intent loss: 0.1607
Slot loss: 2.7271 	 Intent loss: 0.1831
Slot loss: 2.5299 	 Intent loss: 0.1283
Slot loss: 3.2609 	 Intent loss: 0.2520
Slot loss: 4.8180 	 Intent loss: 0.4766
Slot loss: 2.9583 	 Intent loss: 0.1202
********************
Epoch: [50/50], Intent Val Acc: 97.5714 	 Slot F1 score: 84.4870
********************
Best Intent Acc: 98.2857 at Epoch: [48]
Best F1 score: 85.1780 at Epoch: [16]
